31-Jan-2025 08:38:59.070 INFO [main] org.apache.catalina.startup.VersionLoggerListener.log Server version name:   Apache Tomcat/11.0.1
31-Jan-2025 08:38:59.079 INFO [main] org.apache.catalina.startup.VersionLoggerListener.log Server built:          Nov 6 2024 19:08:24 UTC
31-Jan-2025 08:38:59.080 INFO [main] org.apache.catalina.startup.VersionLoggerListener.log Server version number: 11.0.1.0
31-Jan-2025 08:38:59.080 INFO [main] org.apache.catalina.startup.VersionLoggerListener.log OS Name:               Linux
31-Jan-2025 08:38:59.081 INFO [main] org.apache.catalina.startup.VersionLoggerListener.log OS Version:            5.15.153.1-microsoft-standard-WSL2
31-Jan-2025 08:38:59.081 INFO [main] org.apache.catalina.startup.VersionLoggerListener.log Architecture:          amd64
31-Jan-2025 08:38:59.082 INFO [main] org.apache.catalina.startup.VersionLoggerListener.log Java Home:             /usr/lib/jvm/java-21-openjdk-amd64
31-Jan-2025 08:38:59.082 INFO [main] org.apache.catalina.startup.VersionLoggerListener.log JVM Version:           21.0.5+11-Ubuntu-1ubuntu124.04
31-Jan-2025 08:38:59.083 INFO [main] org.apache.catalina.startup.VersionLoggerListener.log JVM Vendor:            Ubuntu
31-Jan-2025 08:38:59.083 INFO [main] org.apache.catalina.startup.VersionLoggerListener.log CATALINA_BASE:         /mnt/c/Users/nacho/Documents/N7/AppWeb/TPs/tp1-aw/apache-tomcat-11.0.1
31-Jan-2025 08:38:59.084 INFO [main] org.apache.catalina.startup.VersionLoggerListener.log CATALINA_HOME:         /mnt/c/Users/nacho/Documents/N7/AppWeb/TPs/tp1-aw/apache-tomcat-11.0.1
31-Jan-2025 08:38:59.105 INFO [main] org.apache.catalina.startup.VersionLoggerListener.log Command line argument: -Djava.util.logging.config.file=/mnt/c/Users/nacho/Documents/N7/AppWeb/TPs/tp1-aw/apache-tomcat-11.0.1/conf/logging.properties
31-Jan-2025 08:38:59.107 INFO [main] org.apache.catalina.startup.VersionLoggerListener.log Command line argument: -Djava.util.logging.manager=org.apache.juli.ClassLoaderLogManager
31-Jan-2025 08:38:59.107 INFO [main] org.apache.catalina.startup.VersionLoggerListener.log Command line argument: -Djdk.tls.ephemeralDHKeySize=2048
31-Jan-2025 08:38:59.107 INFO [main] org.apache.catalina.startup.VersionLoggerListener.log Command line argument: -Dorg.apache.catalina.security.SecurityListener.UMASK=0027
31-Jan-2025 08:38:59.108 INFO [main] org.apache.catalina.startup.VersionLoggerListener.log Command line argument: --add-opens=java.base/java.lang=ALL-UNNAMED
31-Jan-2025 08:38:59.108 INFO [main] org.apache.catalina.startup.VersionLoggerListener.log Command line argument: --add-opens=java.base/java.io=ALL-UNNAMED
31-Jan-2025 08:38:59.109 INFO [main] org.apache.catalina.startup.VersionLoggerListener.log Command line argument: --add-opens=java.base/java.util=ALL-UNNAMED
31-Jan-2025 08:38:59.109 INFO [main] org.apache.catalina.startup.VersionLoggerListener.log Command line argument: --add-opens=java.base/java.util.concurrent=ALL-UNNAMED
31-Jan-2025 08:38:59.110 INFO [main] org.apache.catalina.startup.VersionLoggerListener.log Command line argument: --add-opens=java.rmi/sun.rmi.transport=ALL-UNNAMED
31-Jan-2025 08:38:59.110 INFO [main] org.apache.catalina.startup.VersionLoggerListener.log Command line argument: --enable-native-access=ALL-UNNAMED
31-Jan-2025 08:38:59.111 INFO [main] org.apache.catalina.startup.VersionLoggerListener.log Command line argument: -Dcatalina.base=/mnt/c/Users/nacho/Documents/N7/AppWeb/TPs/tp1-aw/apache-tomcat-11.0.1
31-Jan-2025 08:38:59.111 INFO [main] org.apache.catalina.startup.VersionLoggerListener.log Command line argument: -Dcatalina.home=/mnt/c/Users/nacho/Documents/N7/AppWeb/TPs/tp1-aw/apache-tomcat-11.0.1
31-Jan-2025 08:38:59.112 INFO [main] org.apache.catalina.startup.VersionLoggerListener.log Command line argument: -Djava.io.tmpdir=/mnt/c/Users/nacho/Documents/N7/AppWeb/TPs/tp1-aw/apache-tomcat-11.0.1/temp
31-Jan-2025 08:38:59.121 INFO [main] org.apache.catalina.core.AprLifecycleListener.lifecycleEvent The Apache Tomcat Native library which allows using OpenSSL was not found on the java.library.path: [/usr/java/packages/lib:/usr/lib/x86_64-linux-gnu/jni:/lib/x86_64-linux-gnu:/usr/lib/x86_64-linux-gnu:/usr/lib/jni:/lib:/usr/lib]
31-Jan-2025 08:38:59.623 INFO [main] org.apache.coyote.AbstractProtocol.init Initializing ProtocolHandler ["http-nio-8080"]
31-Jan-2025 08:38:59.659 INFO [main] org.apache.catalina.startup.Catalina.load Server initialization in [997] milliseconds
31-Jan-2025 08:38:59.762 INFO [main] org.apache.catalina.core.StandardService.startInternal Starting service [Catalina]
31-Jan-2025 08:38:59.763 INFO [main] org.apache.catalina.core.StandardEngine.startInternal Starting Servlet engine: [Apache Tomcat/11.0.1]
31-Jan-2025 08:38:59.809 INFO [main] org.apache.catalina.startup.HostConfig.deployDirectory Deploying web application directory [/mnt/c/Users/nacho/Documents/N7/AppWeb/TPs/tp1-aw/apache-tomcat-11.0.1/webapps/docs]
31-Jan-2025 08:39:00.951 INFO [main] org.apache.catalina.startup.HostConfig.deployDirectory Deployment of web application directory [/mnt/c/Users/nacho/Documents/N7/AppWeb/TPs/tp1-aw/apache-tomcat-11.0.1/webapps/docs] has finished in [1,140] ms
31-Jan-2025 08:39:00.953 INFO [main] org.apache.catalina.startup.HostConfig.deployDirectory Deploying web application directory [/mnt/c/Users/nacho/Documents/N7/AppWeb/TPs/tp1-aw/apache-tomcat-11.0.1/webapps/examples]
31-Jan-2025 08:39:09.420 INFO [main] org.apache.catalina.startup.HostConfig.deployDirectory Deployment of web application directory [/mnt/c/Users/nacho/Documents/N7/AppWeb/TPs/tp1-aw/apache-tomcat-11.0.1/webapps/examples] has finished in [8,467] ms
31-Jan-2025 08:39:09.423 INFO [main] org.apache.catalina.startup.HostConfig.deployDirectory Deploying web application directory [/mnt/c/Users/nacho/Documents/N7/AppWeb/TPs/tp1-aw/apache-tomcat-11.0.1/webapps/host-manager]
31-Jan-2025 08:39:10.054 INFO [main] org.apache.catalina.startup.HostConfig.deployDirectory Deployment of web application directory [/mnt/c/Users/nacho/Documents/N7/AppWeb/TPs/tp1-aw/apache-tomcat-11.0.1/webapps/host-manager] has finished in [631] ms
31-Jan-2025 08:39:10.057 INFO [main] org.apache.catalina.startup.HostConfig.deployDirectory Deploying web application directory [/mnt/c/Users/nacho/Documents/N7/AppWeb/TPs/tp1-aw/apache-tomcat-11.0.1/webapps/manager]
31-Jan-2025 08:39:10.777 INFO [main] org.apache.catalina.startup.HostConfig.deployDirectory Deployment of web application directory [/mnt/c/Users/nacho/Documents/N7/AppWeb/TPs/tp1-aw/apache-tomcat-11.0.1/webapps/manager] has finished in [721] ms
31-Jan-2025 08:39:10.779 INFO [main] org.apache.catalina.startup.HostConfig.deployDirectory Deploying web application directory [/mnt/c/Users/nacho/Documents/N7/AppWeb/TPs/tp1-aw/apache-tomcat-11.0.1/webapps/ROOT]
31-Jan-2025 08:39:11.276 INFO [main] org.apache.catalina.startup.HostConfig.deployDirectory Deployment of web application directory [/mnt/c/Users/nacho/Documents/N7/AppWeb/TPs/tp1-aw/apache-tomcat-11.0.1/webapps/ROOT] has finished in [496] ms
31-Jan-2025 08:39:11.288 INFO [main] org.apache.coyote.AbstractProtocol.start Starting ProtocolHandler ["http-nio-8080"]
31-Jan-2025 08:39:11.316 INFO [main] org.apache.catalina.startup.Catalina.start Server startup in [11655] milliseconds
31-Jan-2025 09:01:56.609 INFO [Catalina-utility-1] org.apache.catalina.startup.HostConfig.deployWAR Deploying web application archive [/mnt/c/Users/nacho/Documents/N7/AppWeb/TPs/tp1-aw/apache-tomcat-11.0.1/webapps/hello.war]
31-Jan-2025 09:01:57.618 INFO [Catalina-utility-1] org.apache.catalina.startup.HostConfig.deployWAR Deployment of web application archive [/mnt/c/Users/nacho/Documents/N7/AppWeb/TPs/tp1-aw/apache-tomcat-11.0.1/webapps/hello.war] has finished in [1,008] ms
31-Jan-2025 09:08:39.780 INFO [Catalina-utility-1] org.apache.catalina.startup.HostConfig.undeploy Undeploying context [/hello]
31-Jan-2025 09:08:40.006 INFO [Catalina-utility-1] org.apache.catalina.startup.HostConfig.deployWAR Deploying web application archive [/mnt/c/Users/nacho/Documents/N7/AppWeb/TPs/tp1-aw/apache-tomcat-11.0.1/webapps/hello.war]
31-Jan-2025 09:08:40.880 INFO [Catalina-utility-1] org.apache.catalina.startup.HostConfig.deployWAR Deployment of web application archive [/mnt/c/Users/nacho/Documents/N7/AppWeb/TPs/tp1-aw/apache-tomcat-11.0.1/webapps/hello.war] has finished in [874] ms
31-Jan-2025 09:09:46.005 INFO [Catalina-utility-2] org.apache.catalina.startup.HostConfig.undeploy Undeploying context [/hello]
31-Jan-2025 09:09:46.226 INFO [Catalina-utility-2] org.apache.catalina.startup.HostConfig.deployWAR Deploying web application archive [/mnt/c/Users/nacho/Documents/N7/AppWeb/TPs/tp1-aw/apache-tomcat-11.0.1/webapps/hello.war]
31-Jan-2025 09:09:47.114 INFO [Catalina-utility-2] org.apache.catalina.startup.HostConfig.deployWAR Deployment of web application archive [/mnt/c/Users/nacho/Documents/N7/AppWeb/TPs/tp1-aw/apache-tomcat-11.0.1/webapps/hello.war] has finished in [887] ms
31-Jan-2025 09:10:07.541 INFO [Catalina-utility-1] org.apache.catalina.startup.HostConfig.undeploy Undeploying context [/hello]
31-Jan-2025 09:10:07.759 INFO [Catalina-utility-1] org.apache.catalina.startup.HostConfig.deployWAR Deploying web application archive [/mnt/c/Users/nacho/Documents/N7/AppWeb/TPs/tp1-aw/apache-tomcat-11.0.1/webapps/hello.war]
31-Jan-2025 09:10:08.574 INFO [Catalina-utility-1] org.apache.catalina.startup.HostConfig.deployWAR Deployment of web application archive [/mnt/c/Users/nacho/Documents/N7/AppWeb/TPs/tp1-aw/apache-tomcat-11.0.1/webapps/hello.war] has finished in [816] ms
31-Jan-2025 09:13:17.909 INFO [Catalina-utility-2] org.apache.catalina.startup.HostConfig.undeploy Undeploying context [/hello]
31-Jan-2025 09:13:18.159 INFO [Catalina-utility-2] org.apache.catalina.startup.HostConfig.deployWAR Deploying web application archive [/mnt/c/Users/nacho/Documents/N7/AppWeb/TPs/tp1-aw/apache-tomcat-11.0.1/webapps/hello.war]
31-Jan-2025 09:13:19.139 INFO [Catalina-utility-2] org.apache.catalina.startup.HostConfig.deployWAR Deployment of web application archive [/mnt/c/Users/nacho/Documents/N7/AppWeb/TPs/tp1-aw/apache-tomcat-11.0.1/webapps/hello.war] has finished in [980] ms
31-Jan-2025 09:14:08.228 INFO [Catalina-utility-2] org.apache.catalina.startup.HostConfig.undeploy Undeploying context [/hello]
31-Jan-2025 09:14:08.447 INFO [Catalina-utility-2] org.apache.catalina.startup.HostConfig.deployWAR Deploying web application archive [/mnt/c/Users/nacho/Documents/N7/AppWeb/TPs/tp1-aw/apache-tomcat-11.0.1/webapps/hello.war]
31-Jan-2025 09:14:09.430 INFO [Catalina-utility-2] org.apache.catalina.startup.HostConfig.deployWAR Deployment of web application archive [/mnt/c/Users/nacho/Documents/N7/AppWeb/TPs/tp1-aw/apache-tomcat-11.0.1/webapps/hello.war] has finished in [983] ms
31-Jan-2025 09:22:34.475 INFO [Catalina-utility-1] org.apache.catalina.startup.HostConfig.undeploy Undeploying context [/hello]
31-Jan-2025 09:22:34.677 INFO [Catalina-utility-1] org.apache.catalina.startup.HostConfig.deployWAR Deploying web application archive [/mnt/c/Users/nacho/Documents/N7/AppWeb/TPs/tp1-aw/apache-tomcat-11.0.1/webapps/hello.war]
31-Jan-2025 09:22:35.535 INFO [Catalina-utility-1] org.apache.catalina.startup.HostConfig.deployWAR Deployment of web application archive [/mnt/c/Users/nacho/Documents/N7/AppWeb/TPs/tp1-aw/apache-tomcat-11.0.1/webapps/hello.war] has finished in [857] ms
31-Jan-2025 09:40:40.266 INFO [Catalina-utility-1] org.apache.catalina.startup.HostConfig.undeploy Undeploying context [/hello]
31-Jan-2025 09:40:40.516 INFO [Catalina-utility-1] org.apache.catalina.startup.HostConfig.deployWAR Deploying web application archive [/mnt/c/Users/nacho/Documents/N7/AppWeb/TPs/tp1-aw/apache-tomcat-11.0.1/webapps/hello.war]
31-Jan-2025 09:40:41.258 INFO [Catalina-utility-1] org.apache.catalina.startup.HostConfig.deployWAR Deployment of web application archive [/mnt/c/Users/nacho/Documents/N7/AppWeb/TPs/tp1-aw/apache-tomcat-11.0.1/webapps/hello.war] has finished in [742] ms
31-Jan-2025 09:41:48.179 INFO [Catalina-utility-1] org.apache.catalina.startup.HostConfig.undeploy Undeploying context [/hello]
31-Jan-2025 09:41:48.395 INFO [Catalina-utility-1] org.apache.catalina.startup.HostConfig.deployWAR Deploying web application archive [/mnt/c/Users/nacho/Documents/N7/AppWeb/TPs/tp1-aw/apache-tomcat-11.0.1/webapps/hello.war]
31-Jan-2025 09:41:49.278 INFO [Catalina-utility-1] org.apache.catalina.startup.HostConfig.deployWAR Deployment of web application archive [/mnt/c/Users/nacho/Documents/N7/AppWeb/TPs/tp1-aw/apache-tomcat-11.0.1/webapps/hello.war] has finished in [883] ms
31-Jan-2025 09:45:17.960 INFO [Catalina-utility-1] org.apache.catalina.startup.HostConfig.undeploy Undeploying context [/hello]
31-Jan-2025 09:45:18.161 INFO [Catalina-utility-1] org.apache.catalina.startup.HostConfig.deployWAR Deploying web application archive [/mnt/c/Users/nacho/Documents/N7/AppWeb/TPs/tp1-aw/apache-tomcat-11.0.1/webapps/hello.war]
31-Jan-2025 09:45:19.072 INFO [Catalina-utility-1] org.apache.catalina.startup.HostConfig.deployWAR Deployment of web application archive [/mnt/c/Users/nacho/Documents/N7/AppWeb/TPs/tp1-aw/apache-tomcat-11.0.1/webapps/hello.war] has finished in [911] ms
31-Jan-2025 09:46:33.695 INFO [Catalina-utility-2] org.apache.catalina.startup.HostConfig.undeploy Undeploying context [/hello]
31-Jan-2025 09:46:34.019 INFO [Catalina-utility-2] org.apache.catalina.startup.HostConfig.deployWAR Deploying web application archive [/mnt/c/Users/nacho/Documents/N7/AppWeb/TPs/tp1-aw/apache-tomcat-11.0.1/webapps/hello.war]
31-Jan-2025 09:46:34.861 INFO [Catalina-utility-2] org.apache.catalina.startup.HostConfig.deployWAR Deployment of web application archive [/mnt/c/Users/nacho/Documents/N7/AppWeb/TPs/tp1-aw/apache-tomcat-11.0.1/webapps/hello.war] has finished in [843] ms
31-Jan-2025 09:48:28.190 INFO [Catalina-utility-2] org.apache.catalina.startup.HostConfig.undeploy Undeploying context [/hello]
31-Jan-2025 09:48:28.583 INFO [Catalina-utility-2] org.apache.catalina.startup.HostConfig.deployWAR Deploying web application archive [/mnt/c/Users/nacho/Documents/N7/AppWeb/TPs/tp1-aw/apache-tomcat-11.0.1/webapps/hello.war]
31-Jan-2025 09:48:29.502 INFO [Catalina-utility-2] org.apache.catalina.startup.HostConfig.deployWAR Deployment of web application archive [/mnt/c/Users/nacho/Documents/N7/AppWeb/TPs/tp1-aw/apache-tomcat-11.0.1/webapps/hello.war] has finished in [918] ms
31-Jan-2025 09:50:04.750 INFO [Catalina-utility-1] org.apache.catalina.startup.HostConfig.undeploy Undeploying context [/hello]
31-Jan-2025 09:50:04.983 INFO [Catalina-utility-1] org.apache.catalina.startup.HostConfig.deployWAR Deploying web application archive [/mnt/c/Users/nacho/Documents/N7/AppWeb/TPs/tp1-aw/apache-tomcat-11.0.1/webapps/hello.war]
31-Jan-2025 09:50:05.958 INFO [Catalina-utility-1] org.apache.catalina.startup.HostConfig.deployWAR Deployment of web application archive [/mnt/c/Users/nacho/Documents/N7/AppWeb/TPs/tp1-aw/apache-tomcat-11.0.1/webapps/hello.war] has finished in [974] ms
31-Jan-2025 09:52:16.135 INFO [main] org.apache.catalina.core.StandardServer.await A valid shutdown command was received via the shutdown port. Stopping the Server instance.
31-Jan-2025 09:52:16.136 INFO [main] org.apache.coyote.AbstractProtocol.pause Pausing ProtocolHandler ["http-nio-8080"]
31-Jan-2025 09:52:16.138 INFO [main] org.apache.catalina.core.StandardService.stopInternal Stopping service [Catalina]
31-Jan-2025 09:52:16.161 INFO [main] org.apache.coyote.AbstractProtocol.stop Stopping ProtocolHandler ["http-nio-8080"]
31-Jan-2025 09:52:16.174 INFO [main] org.apache.coyote.AbstractProtocol.destroy Destroying ProtocolHandler ["http-nio-8080"]
12-Feb-2025 08:13:31.951 INFO [main] org.apache.catalina.startup.VersionLoggerListener.log Server version name:   Apache Tomcat/11.0.1
12-Feb-2025 08:13:31.960 INFO [main] org.apache.catalina.startup.VersionLoggerListener.log Server built:          Nov 6 2024 19:08:24 UTC
12-Feb-2025 08:13:31.961 INFO [main] org.apache.catalina.startup.VersionLoggerListener.log Server version number: 11.0.1.0
12-Feb-2025 08:13:31.961 INFO [main] org.apache.catalina.startup.VersionLoggerListener.log OS Name:               Linux
12-Feb-2025 08:13:31.962 INFO [main] org.apache.catalina.startup.VersionLoggerListener.log OS Version:            5.15.153.1-microsoft-standard-WSL2
12-Feb-2025 08:13:31.962 INFO [main] org.apache.catalina.startup.VersionLoggerListener.log Architecture:          amd64
12-Feb-2025 08:13:31.963 INFO [main] org.apache.catalina.startup.VersionLoggerListener.log Java Home:             /usr/lib/jvm/java-21-openjdk-amd64
12-Feb-2025 08:13:31.963 INFO [main] org.apache.catalina.startup.VersionLoggerListener.log JVM Version:           21.0.5+11-Ubuntu-1ubuntu124.04
12-Feb-2025 08:13:31.964 INFO [main] org.apache.catalina.startup.VersionLoggerListener.log JVM Vendor:            Ubuntu
12-Feb-2025 08:13:31.964 INFO [main] org.apache.catalina.startup.VersionLoggerListener.log CATALINA_BASE:         /mnt/c/Users/nacho/Documents/N7/S8/AppWeb/TPs/tp2-aw/apache-tomcat-11.0.1
12-Feb-2025 08:13:31.965 INFO [main] org.apache.catalina.startup.VersionLoggerListener.log CATALINA_HOME:         /mnt/c/Users/nacho/Documents/N7/S8/AppWeb/TPs/tp2-aw/apache-tomcat-11.0.1
12-Feb-2025 08:13:31.990 INFO [main] org.apache.catalina.startup.VersionLoggerListener.log Command line argument: -Djava.util.logging.config.file=/mnt/c/Users/nacho/Documents/N7/S8/AppWeb/TPs/tp2-aw/apache-tomcat-11.0.1/conf/logging.properties
12-Feb-2025 08:13:31.991 INFO [main] org.apache.catalina.startup.VersionLoggerListener.log Command line argument: -Djava.util.logging.manager=org.apache.juli.ClassLoaderLogManager
12-Feb-2025 08:13:31.991 INFO [main] org.apache.catalina.startup.VersionLoggerListener.log Command line argument: -Djdk.tls.ephemeralDHKeySize=2048
12-Feb-2025 08:13:31.992 INFO [main] org.apache.catalina.startup.VersionLoggerListener.log Command line argument: -Dorg.apache.catalina.security.SecurityListener.UMASK=0027
12-Feb-2025 08:13:31.992 INFO [main] org.apache.catalina.startup.VersionLoggerListener.log Command line argument: --add-opens=java.base/java.lang=ALL-UNNAMED
12-Feb-2025 08:13:31.993 INFO [main] org.apache.catalina.startup.VersionLoggerListener.log Command line argument: --add-opens=java.base/java.io=ALL-UNNAMED
12-Feb-2025 08:13:31.993 INFO [main] org.apache.catalina.startup.VersionLoggerListener.log Command line argument: --add-opens=java.base/java.util=ALL-UNNAMED
12-Feb-2025 08:13:31.994 INFO [main] org.apache.catalina.startup.VersionLoggerListener.log Command line argument: --add-opens=java.base/java.util.concurrent=ALL-UNNAMED
12-Feb-2025 08:13:31.995 INFO [main] org.apache.catalina.startup.VersionLoggerListener.log Command line argument: --add-opens=java.rmi/sun.rmi.transport=ALL-UNNAMED
12-Feb-2025 08:13:31.995 INFO [main] org.apache.catalina.startup.VersionLoggerListener.log Command line argument: --enable-native-access=ALL-UNNAMED
12-Feb-2025 08:13:31.996 INFO [main] org.apache.catalina.startup.VersionLoggerListener.log Command line argument: -Dcatalina.base=/mnt/c/Users/nacho/Documents/N7/S8/AppWeb/TPs/tp2-aw/apache-tomcat-11.0.1
12-Feb-2025 08:13:31.996 INFO [main] org.apache.catalina.startup.VersionLoggerListener.log Command line argument: -Dcatalina.home=/mnt/c/Users/nacho/Documents/N7/S8/AppWeb/TPs/tp2-aw/apache-tomcat-11.0.1
12-Feb-2025 08:13:31.997 INFO [main] org.apache.catalina.startup.VersionLoggerListener.log Command line argument: -Djava.io.tmpdir=/mnt/c/Users/nacho/Documents/N7/S8/AppWeb/TPs/tp2-aw/apache-tomcat-11.0.1/temp
12-Feb-2025 08:13:32.004 INFO [main] org.apache.catalina.core.AprLifecycleListener.lifecycleEvent The Apache Tomcat Native library which allows using OpenSSL was not found on the java.library.path: [/usr/java/packages/lib:/usr/lib/x86_64-linux-gnu/jni:/lib/x86_64-linux-gnu:/usr/lib/x86_64-linux-gnu:/usr/lib/jni:/lib:/usr/lib]
12-Feb-2025 08:13:32.586 INFO [main] org.apache.coyote.AbstractProtocol.init Initializing ProtocolHandler ["http-nio-8080"]
12-Feb-2025 08:13:32.634 INFO [main] org.apache.catalina.startup.Catalina.load Server initialization in [1171] milliseconds
12-Feb-2025 08:13:32.749 INFO [main] org.apache.catalina.core.StandardService.startInternal Starting service [Catalina]
12-Feb-2025 08:13:32.749 INFO [main] org.apache.catalina.core.StandardEngine.startInternal Starting Servlet engine: [Apache Tomcat/11.0.1]
12-Feb-2025 08:13:32.836 INFO [main] org.apache.catalina.startup.HostConfig.deployWAR Deploying web application archive [/mnt/c/Users/nacho/Documents/N7/S8/AppWeb/TPs/tp2-aw/apache-tomcat-11.0.1/webapps/hello.war]
12-Feb-2025 08:13:32.931 INFO [main] org.apache.catalina.startup.ExpandWar.expand An expanded directory [/mnt/c/Users/nacho/Documents/N7/S8/AppWeb/TPs/tp2-aw/apache-tomcat-11.0.1/webapps/hello] was found with a last modified time that did not match the associated WAR. It will be deleted.
12-Feb-2025 08:13:34.942 INFO [main] org.apache.catalina.startup.HostConfig.deployWAR Deployment of web application archive [/mnt/c/Users/nacho/Documents/N7/S8/AppWeb/TPs/tp2-aw/apache-tomcat-11.0.1/webapps/hello.war] has finished in [2,104] ms
12-Feb-2025 08:13:34.948 INFO [main] org.apache.catalina.startup.HostConfig.deployDirectory Deploying web application directory [/mnt/c/Users/nacho/Documents/N7/S8/AppWeb/TPs/tp2-aw/apache-tomcat-11.0.1/webapps/docs]
12-Feb-2025 08:13:35.581 INFO [main] org.apache.catalina.startup.HostConfig.deployDirectory Deployment of web application directory [/mnt/c/Users/nacho/Documents/N7/S8/AppWeb/TPs/tp2-aw/apache-tomcat-11.0.1/webapps/docs] has finished in [633] ms
12-Feb-2025 08:13:35.584 INFO [main] org.apache.catalina.startup.HostConfig.deployDirectory Deploying web application directory [/mnt/c/Users/nacho/Documents/N7/S8/AppWeb/TPs/tp2-aw/apache-tomcat-11.0.1/webapps/examples]
12-Feb-2025 08:13:44.288 INFO [main] org.apache.catalina.startup.HostConfig.deployDirectory Deployment of web application directory [/mnt/c/Users/nacho/Documents/N7/S8/AppWeb/TPs/tp2-aw/apache-tomcat-11.0.1/webapps/examples] has finished in [8,705] ms
12-Feb-2025 08:13:44.294 INFO [main] org.apache.catalina.startup.HostConfig.deployDirectory Deploying web application directory [/mnt/c/Users/nacho/Documents/N7/S8/AppWeb/TPs/tp2-aw/apache-tomcat-11.0.1/webapps/host-manager]
12-Feb-2025 08:13:45.106 INFO [main] org.apache.catalina.startup.HostConfig.deployDirectory Deployment of web application directory [/mnt/c/Users/nacho/Documents/N7/S8/AppWeb/TPs/tp2-aw/apache-tomcat-11.0.1/webapps/host-manager] has finished in [812] ms
12-Feb-2025 08:13:45.110 INFO [main] org.apache.catalina.startup.HostConfig.deployDirectory Deploying web application directory [/mnt/c/Users/nacho/Documents/N7/S8/AppWeb/TPs/tp2-aw/apache-tomcat-11.0.1/webapps/manager]
12-Feb-2025 08:13:46.235 INFO [main] org.apache.catalina.startup.HostConfig.deployDirectory Deployment of web application directory [/mnt/c/Users/nacho/Documents/N7/S8/AppWeb/TPs/tp2-aw/apache-tomcat-11.0.1/webapps/manager] has finished in [1,125] ms
12-Feb-2025 08:13:46.239 INFO [main] org.apache.catalina.startup.HostConfig.deployDirectory Deploying web application directory [/mnt/c/Users/nacho/Documents/N7/S8/AppWeb/TPs/tp2-aw/apache-tomcat-11.0.1/webapps/ROOT]
12-Feb-2025 08:13:46.877 INFO [main] org.apache.catalina.startup.HostConfig.deployDirectory Deployment of web application directory [/mnt/c/Users/nacho/Documents/N7/S8/AppWeb/TPs/tp2-aw/apache-tomcat-11.0.1/webapps/ROOT] has finished in [637] ms
12-Feb-2025 08:13:46.892 INFO [main] org.apache.coyote.AbstractProtocol.start Starting ProtocolHandler ["http-nio-8080"]
12-Feb-2025 08:13:46.922 INFO [main] org.apache.catalina.startup.Catalina.start Server startup in [14823] milliseconds
12-Feb-2025 08:21:47.488 INFO [Catalina-utility-2] org.apache.catalina.startup.HostConfig.deployWAR Deploying web application archive [/mnt/c/Users/nacho/Documents/N7/S8/AppWeb/TPs/tp2-aw/apache-tomcat-11.0.1/webapps/template.war]
12-Feb-2025 08:21:54.548 INFO [Catalina-utility-2] org.apache.catalina.startup.HostConfig.deployWAR Deployment of web application archive [/mnt/c/Users/nacho/Documents/N7/S8/AppWeb/TPs/tp2-aw/apache-tomcat-11.0.1/webapps/template.war] has finished in [7,060] ms
12-Feb-2025 08:26:25.582 INFO [Catalina-utility-1] org.apache.catalina.startup.HostConfig.deployWAR Deploying web application archive [/mnt/c/Users/nacho/Documents/N7/S8/AppWeb/TPs/tp2-aw/apache-tomcat-11.0.1/webapps/annuaire.war]
12-Feb-2025 08:26:33.037 INFO [Catalina-utility-1] org.apache.catalina.startup.HostConfig.deployWAR Deployment of web application archive [/mnt/c/Users/nacho/Documents/N7/S8/AppWeb/TPs/tp2-aw/apache-tomcat-11.0.1/webapps/annuaire.war] has finished in [7,454] ms
12-Feb-2025 08:42:30.226 INFO [Catalina-utility-2] org.apache.catalina.startup.HostConfig.undeploy Undeploying context [/annuaire]
12-Feb-2025 08:42:30.995 INFO [Catalina-utility-2] org.apache.catalina.startup.HostConfig.deployWAR Deploying web application archive [/mnt/c/Users/nacho/Documents/N7/S8/AppWeb/TPs/tp2-aw/apache-tomcat-11.0.1/webapps/annuaire.war]
12-Feb-2025 08:42:38.312 INFO [Catalina-utility-2] org.apache.catalina.startup.HostConfig.deployWAR Deployment of web application archive [/mnt/c/Users/nacho/Documents/N7/S8/AppWeb/TPs/tp2-aw/apache-tomcat-11.0.1/webapps/annuaire.war] has finished in [7,317] ms
12-Feb-2025 08:46:09.395 INFO [Catalina-utility-1] org.apache.catalina.startup.HostConfig.undeploy Undeploying context [/annuaire]
12-Feb-2025 08:46:10.064 INFO [Catalina-utility-1] org.apache.catalina.startup.HostConfig.deployWAR Deploying web application archive [/mnt/c/Users/nacho/Documents/N7/S8/AppWeb/TPs/tp2-aw/apache-tomcat-11.0.1/webapps/annuaire.war]
12-Feb-2025 08:46:17.066 INFO [Catalina-utility-1] org.apache.catalina.startup.HostConfig.deployWAR Deployment of web application archive [/mnt/c/Users/nacho/Documents/N7/S8/AppWeb/TPs/tp2-aw/apache-tomcat-11.0.1/webapps/annuaire.war] has finished in [7,003] ms
12-Feb-2025 08:47:47.029 INFO [Catalina-utility-1] org.apache.catalina.startup.HostConfig.undeploy Undeploying context [/annuaire]
12-Feb-2025 08:47:47.690 INFO [Catalina-utility-1] org.apache.catalina.startup.HostConfig.deployWAR Deploying web application archive [/mnt/c/Users/nacho/Documents/N7/S8/AppWeb/TPs/tp2-aw/apache-tomcat-11.0.1/webapps/annuaire.war]
12-Feb-2025 08:47:53.717 INFO [Catalina-utility-1] org.apache.catalina.startup.HostConfig.deployWAR Deployment of web application archive [/mnt/c/Users/nacho/Documents/N7/S8/AppWeb/TPs/tp2-aw/apache-tomcat-11.0.1/webapps/annuaire.war] has finished in [6,026] ms
12-Feb-2025 08:49:44.240 INFO [Catalina-utility-2] org.apache.catalina.startup.HostConfig.undeploy Undeploying context [/annuaire]
12-Feb-2025 08:49:44.893 INFO [Catalina-utility-2] org.apache.catalina.startup.HostConfig.deployWAR Deploying web application archive [/mnt/c/Users/nacho/Documents/N7/S8/AppWeb/TPs/tp2-aw/apache-tomcat-11.0.1/webapps/annuaire.war]
12-Feb-2025 08:49:51.998 INFO [Catalina-utility-2] org.apache.catalina.startup.HostConfig.deployWAR Deployment of web application archive [/mnt/c/Users/nacho/Documents/N7/S8/AppWeb/TPs/tp2-aw/apache-tomcat-11.0.1/webapps/annuaire.war] has finished in [7,106] ms
12-Feb-2025 08:51:51.789 INFO [Catalina-utility-2] org.apache.catalina.startup.HostConfig.undeploy Undeploying context [/annuaire]
12-Feb-2025 08:51:52.435 INFO [Catalina-utility-2] org.apache.catalina.startup.HostConfig.deployWAR Deploying web application archive [/mnt/c/Users/nacho/Documents/N7/S8/AppWeb/TPs/tp2-aw/apache-tomcat-11.0.1/webapps/annuaire.war]
12-Feb-2025 08:51:59.192 INFO [Catalina-utility-2] org.apache.catalina.startup.HostConfig.deployWAR Deployment of web application archive [/mnt/c/Users/nacho/Documents/N7/S8/AppWeb/TPs/tp2-aw/apache-tomcat-11.0.1/webapps/annuaire.war] has finished in [6,757] ms
12-Feb-2025 09:04:08.481 INFO [Catalina-utility-2] org.apache.catalina.startup.HostConfig.undeploy Undeploying context [/annuaire]
12-Feb-2025 09:04:09.154 INFO [Catalina-utility-2] org.apache.catalina.startup.HostConfig.deployWAR Deploying web application archive [/mnt/c/Users/nacho/Documents/N7/S8/AppWeb/TPs/tp2-aw/apache-tomcat-11.0.1/webapps/annuaire.war]
12-Feb-2025 09:04:16.035 INFO [Catalina-utility-2] org.apache.catalina.startup.HostConfig.deployWAR Deployment of web application archive [/mnt/c/Users/nacho/Documents/N7/S8/AppWeb/TPs/tp2-aw/apache-tomcat-11.0.1/webapps/annuaire.war] has finished in [6,881] ms
12-Feb-2025 09:11:24.959 INFO [Catalina-utility-1] org.apache.catalina.startup.HostConfig.undeploy Undeploying context [/annuaire]
12-Feb-2025 09:11:25.601 INFO [Catalina-utility-1] org.apache.catalina.startup.HostConfig.deployWAR Deploying web application archive [/mnt/c/Users/nacho/Documents/N7/S8/AppWeb/TPs/tp2-aw/apache-tomcat-11.0.1/webapps/annuaire.war]
12-Feb-2025 09:11:32.388 INFO [Catalina-utility-1] org.apache.catalina.startup.HostConfig.deployWAR Deployment of web application archive [/mnt/c/Users/nacho/Documents/N7/S8/AppWeb/TPs/tp2-aw/apache-tomcat-11.0.1/webapps/annuaire.war] has finished in [6,787] ms
12-Feb-2025 09:13:52.469 INFO [Catalina-utility-1] org.apache.catalina.startup.HostConfig.undeploy Undeploying context [/annuaire]
12-Feb-2025 09:13:53.118 INFO [Catalina-utility-1] org.apache.catalina.startup.HostConfig.deployWAR Deploying web application archive [/mnt/c/Users/nacho/Documents/N7/S8/AppWeb/TPs/tp2-aw/apache-tomcat-11.0.1/webapps/annuaire.war]
12-Feb-2025 09:13:59.847 INFO [Catalina-utility-1] org.apache.catalina.startup.HostConfig.deployWAR Deployment of web application archive [/mnt/c/Users/nacho/Documents/N7/S8/AppWeb/TPs/tp2-aw/apache-tomcat-11.0.1/webapps/annuaire.war] has finished in [6,729] ms
12-Feb-2025 09:14:59.241 INFO [Catalina-utility-1] org.apache.catalina.startup.HostConfig.undeploy Undeploying context [/annuaire]
12-Feb-2025 09:14:59.954 INFO [Catalina-utility-1] org.apache.catalina.startup.HostConfig.deployWAR Deploying web application archive [/mnt/c/Users/nacho/Documents/N7/S8/AppWeb/TPs/tp2-aw/apache-tomcat-11.0.1/webapps/annuaire.war]
12-Feb-2025 09:15:06.788 INFO [Catalina-utility-1] org.apache.catalina.startup.HostConfig.deployWAR Deployment of web application archive [/mnt/c/Users/nacho/Documents/N7/S8/AppWeb/TPs/tp2-aw/apache-tomcat-11.0.1/webapps/annuaire.war] has finished in [6,834] ms
12-Feb-2025 09:21:35.161 INFO [Catalina-utility-1] org.apache.catalina.startup.HostConfig.undeploy Undeploying context [/annuaire]
12-Feb-2025 09:21:35.816 INFO [Catalina-utility-1] org.apache.catalina.startup.HostConfig.deployWAR Deploying web application archive [/mnt/c/Users/nacho/Documents/N7/S8/AppWeb/TPs/tp2-aw/apache-tomcat-11.0.1/webapps/annuaire.war]
12-Feb-2025 09:21:42.555 INFO [Catalina-utility-1] org.apache.catalina.startup.HostConfig.deployWAR Deployment of web application archive [/mnt/c/Users/nacho/Documents/N7/S8/AppWeb/TPs/tp2-aw/apache-tomcat-11.0.1/webapps/annuaire.war] has finished in [6,739] ms
12-Feb-2025 09:24:42.635 INFO [Catalina-utility-2] org.apache.catalina.startup.HostConfig.undeploy Undeploying context [/annuaire]
12-Feb-2025 09:24:43.276 INFO [Catalina-utility-2] org.apache.catalina.startup.HostConfig.deployWAR Deploying web application archive [/mnt/c/Users/nacho/Documents/N7/S8/AppWeb/TPs/tp2-aw/apache-tomcat-11.0.1/webapps/annuaire.war]
12-Feb-2025 09:24:49.296 INFO [Catalina-utility-2] org.apache.catalina.startup.HostConfig.deployWAR Deployment of web application archive [/mnt/c/Users/nacho/Documents/N7/S8/AppWeb/TPs/tp2-aw/apache-tomcat-11.0.1/webapps/annuaire.war] has finished in [6,019] ms
12-Feb-2025 09:26:58.879 INFO [Catalina-utility-2] org.apache.catalina.startup.HostConfig.undeploy Undeploying context [/annuaire]
12-Feb-2025 09:26:59.540 INFO [Catalina-utility-2] org.apache.catalina.startup.HostConfig.deployWAR Deploying web application archive [/mnt/c/Users/nacho/Documents/N7/S8/AppWeb/TPs/tp2-aw/apache-tomcat-11.0.1/webapps/annuaire.war]
12-Feb-2025 09:27:06.315 INFO [Catalina-utility-2] org.apache.catalina.startup.HostConfig.deployWAR Deployment of web application archive [/mnt/c/Users/nacho/Documents/N7/S8/AppWeb/TPs/tp2-aw/apache-tomcat-11.0.1/webapps/annuaire.war] has finished in [6,775] ms
12-Feb-2025 09:29:35.471 INFO [Catalina-utility-2] org.apache.catalina.startup.HostConfig.undeploy Undeploying context [/annuaire]
12-Feb-2025 09:29:36.196 INFO [Catalina-utility-2] org.apache.catalina.startup.HostConfig.deployWAR Deploying web application archive [/mnt/c/Users/nacho/Documents/N7/S8/AppWeb/TPs/tp2-aw/apache-tomcat-11.0.1/webapps/annuaire.war]
12-Feb-2025 09:29:42.803 INFO [Catalina-utility-2] org.apache.catalina.startup.HostConfig.deployWAR Deployment of web application archive [/mnt/c/Users/nacho/Documents/N7/S8/AppWeb/TPs/tp2-aw/apache-tomcat-11.0.1/webapps/annuaire.war] has finished in [6,607] ms
12-Feb-2025 09:34:31.759 INFO [Catalina-utility-2] org.apache.catalina.startup.HostConfig.undeploy Undeploying context [/annuaire]
12-Feb-2025 09:34:32.498 INFO [Catalina-utility-2] org.apache.catalina.startup.HostConfig.deployWAR Deploying web application archive [/mnt/c/Users/nacho/Documents/N7/S8/AppWeb/TPs/tp2-aw/apache-tomcat-11.0.1/webapps/annuaire.war]
12-Feb-2025 09:34:38.292 INFO [Catalina-utility-2] org.apache.catalina.startup.HostConfig.deployWAR Deployment of web application archive [/mnt/c/Users/nacho/Documents/N7/S8/AppWeb/TPs/tp2-aw/apache-tomcat-11.0.1/webapps/annuaire.war] has finished in [5,794] ms
12-Feb-2025 09:41:06.807 INFO [Catalina-utility-1] org.apache.catalina.startup.HostConfig.undeploy Undeploying context [/annuaire]
12-Feb-2025 09:41:07.677 INFO [Catalina-utility-1] org.apache.catalina.startup.HostConfig.deployWAR Deploying web application archive [/mnt/c/Users/nacho/Documents/N7/S8/AppWeb/TPs/tp2-aw/apache-tomcat-11.0.1/webapps/annuaire.war]
12-Feb-2025 09:41:14.792 INFO [Catalina-utility-1] org.apache.catalina.startup.HostConfig.deployWAR Deployment of web application archive [/mnt/c/Users/nacho/Documents/N7/S8/AppWeb/TPs/tp2-aw/apache-tomcat-11.0.1/webapps/annuaire.war] has finished in [7,116] ms
12-Feb-2025 09:42:33.785 INFO [Catalina-utility-1] org.apache.catalina.startup.HostConfig.undeploy Undeploying context [/annuaire]
12-Feb-2025 09:42:34.592 INFO [Catalina-utility-1] org.apache.catalina.startup.HostConfig.deployWAR Deploying web application archive [/mnt/c/Users/nacho/Documents/N7/S8/AppWeb/TPs/tp2-aw/apache-tomcat-11.0.1/webapps/annuaire.war]
12-Feb-2025 09:42:41.821 INFO [Catalina-utility-1] org.apache.catalina.startup.HostConfig.deployWAR Deployment of web application archive [/mnt/c/Users/nacho/Documents/N7/S8/AppWeb/TPs/tp2-aw/apache-tomcat-11.0.1/webapps/annuaire.war] has finished in [7,228] ms
12-Feb-2025 09:50:48.516 INFO [Catalina-utility-2] org.apache.catalina.startup.HostConfig.undeploy Undeploying context [/annuaire]
12-Feb-2025 09:50:49.249 INFO [Catalina-utility-2] org.apache.catalina.startup.HostConfig.deployWAR Deploying web application archive [/mnt/c/Users/nacho/Documents/N7/S8/AppWeb/TPs/tp2-aw/apache-tomcat-11.0.1/webapps/annuaire.war]
12-Feb-2025 09:50:55.315 INFO [Catalina-utility-2] org.apache.catalina.startup.HostConfig.deployWAR Deployment of web application archive [/mnt/c/Users/nacho/Documents/N7/S8/AppWeb/TPs/tp2-aw/apache-tomcat-11.0.1/webapps/annuaire.war] has finished in [6,065] ms
12-Feb-2025 09:54:28.266 INFO [Catalina-utility-2] org.apache.catalina.startup.HostConfig.undeploy Undeploying context [/annuaire]
12-Feb-2025 09:54:28.940 INFO [Catalina-utility-2] org.apache.catalina.startup.HostConfig.deployWAR Deploying web application archive [/mnt/c/Users/nacho/Documents/N7/S8/AppWeb/TPs/tp2-aw/apache-tomcat-11.0.1/webapps/annuaire.war]
12-Feb-2025 09:54:34.750 INFO [Catalina-utility-2] org.apache.catalina.startup.HostConfig.deployWAR Deployment of web application archive [/mnt/c/Users/nacho/Documents/N7/S8/AppWeb/TPs/tp2-aw/apache-tomcat-11.0.1/webapps/annuaire.war] has finished in [5,810] ms
19-Feb-2025 14:14:22.305 INFO [main] org.apache.catalina.startup.VersionLoggerListener.log Server version name:   Apache Tomcat/11.0.1
19-Feb-2025 14:14:22.314 INFO [main] org.apache.catalina.startup.VersionLoggerListener.log Server built:          Nov 6 2024 19:08:24 UTC
19-Feb-2025 14:14:22.315 INFO [main] org.apache.catalina.startup.VersionLoggerListener.log Server version number: 11.0.1.0
19-Feb-2025 14:14:22.315 INFO [main] org.apache.catalina.startup.VersionLoggerListener.log OS Name:               Linux
19-Feb-2025 14:14:22.316 INFO [main] org.apache.catalina.startup.VersionLoggerListener.log OS Version:            5.15.153.1-microsoft-standard-WSL2
19-Feb-2025 14:14:22.316 INFO [main] org.apache.catalina.startup.VersionLoggerListener.log Architecture:          amd64
19-Feb-2025 14:14:22.316 INFO [main] org.apache.catalina.startup.VersionLoggerListener.log Java Home:             /usr/lib/jvm/java-21-openjdk-amd64
19-Feb-2025 14:14:22.317 INFO [main] org.apache.catalina.startup.VersionLoggerListener.log JVM Version:           21.0.6+7-Ubuntu-124.04.1
19-Feb-2025 14:14:22.318 INFO [main] org.apache.catalina.startup.VersionLoggerListener.log JVM Vendor:            Ubuntu
19-Feb-2025 14:14:22.318 INFO [main] org.apache.catalina.startup.VersionLoggerListener.log CATALINA_BASE:         /mnt/c/Users/nacho/Documents/N7/S8/AppWeb/TPs/tp3-aw/apache-tomcat-11.0.1
19-Feb-2025 14:14:22.319 INFO [main] org.apache.catalina.startup.VersionLoggerListener.log CATALINA_HOME:         /mnt/c/Users/nacho/Documents/N7/S8/AppWeb/TPs/tp3-aw/apache-tomcat-11.0.1
19-Feb-2025 14:14:22.341 INFO [main] org.apache.catalina.startup.VersionLoggerListener.log Command line argument: -Djava.util.logging.config.file=/mnt/c/Users/nacho/Documents/N7/S8/AppWeb/TPs/tp3-aw/apache-tomcat-11.0.1/conf/logging.properties
19-Feb-2025 14:14:22.342 INFO [main] org.apache.catalina.startup.VersionLoggerListener.log Command line argument: -Djava.util.logging.manager=org.apache.juli.ClassLoaderLogManager
19-Feb-2025 14:14:22.343 INFO [main] org.apache.catalina.startup.VersionLoggerListener.log Command line argument: -Djdk.tls.ephemeralDHKeySize=2048
19-Feb-2025 14:14:22.343 INFO [main] org.apache.catalina.startup.VersionLoggerListener.log Command line argument: -Dorg.apache.catalina.security.SecurityListener.UMASK=0027
19-Feb-2025 14:14:22.344 INFO [main] org.apache.catalina.startup.VersionLoggerListener.log Command line argument: --add-opens=java.base/java.lang=ALL-UNNAMED
19-Feb-2025 14:14:22.344 INFO [main] org.apache.catalina.startup.VersionLoggerListener.log Command line argument: --add-opens=java.base/java.io=ALL-UNNAMED
19-Feb-2025 14:14:22.345 INFO [main] org.apache.catalina.startup.VersionLoggerListener.log Command line argument: --add-opens=java.base/java.util=ALL-UNNAMED
19-Feb-2025 14:14:22.345 INFO [main] org.apache.catalina.startup.VersionLoggerListener.log Command line argument: --add-opens=java.base/java.util.concurrent=ALL-UNNAMED
19-Feb-2025 14:14:22.345 INFO [main] org.apache.catalina.startup.VersionLoggerListener.log Command line argument: --add-opens=java.rmi/sun.rmi.transport=ALL-UNNAMED
19-Feb-2025 14:14:22.346 INFO [main] org.apache.catalina.startup.VersionLoggerListener.log Command line argument: --enable-native-access=ALL-UNNAMED
19-Feb-2025 14:14:22.346 INFO [main] org.apache.catalina.startup.VersionLoggerListener.log Command line argument: -Dcatalina.base=/mnt/c/Users/nacho/Documents/N7/S8/AppWeb/TPs/tp3-aw/apache-tomcat-11.0.1
19-Feb-2025 14:14:22.347 INFO [main] org.apache.catalina.startup.VersionLoggerListener.log Command line argument: -Dcatalina.home=/mnt/c/Users/nacho/Documents/N7/S8/AppWeb/TPs/tp3-aw/apache-tomcat-11.0.1
19-Feb-2025 14:14:22.347 INFO [main] org.apache.catalina.startup.VersionLoggerListener.log Command line argument: -Djava.io.tmpdir=/mnt/c/Users/nacho/Documents/N7/S8/AppWeb/TPs/tp3-aw/apache-tomcat-11.0.1/temp
19-Feb-2025 14:14:22.354 INFO [main] org.apache.catalina.core.AprLifecycleListener.lifecycleEvent The Apache Tomcat Native library which allows using OpenSSL was not found on the java.library.path: [/usr/java/packages/lib:/usr/lib/x86_64-linux-gnu/jni:/lib/x86_64-linux-gnu:/usr/lib/x86_64-linux-gnu:/usr/lib/jni:/lib:/usr/lib]
19-Feb-2025 14:14:22.901 INFO [main] org.apache.coyote.AbstractProtocol.init Initializing ProtocolHandler ["http-nio-8080"]
19-Feb-2025 14:14:22.948 INFO [main] org.apache.catalina.startup.Catalina.load Server initialization in [1064] milliseconds
19-Feb-2025 14:14:23.068 INFO [main] org.apache.catalina.core.StandardService.startInternal Starting service [Catalina]
19-Feb-2025 14:14:23.068 INFO [main] org.apache.catalina.core.StandardEngine.startInternal Starting Servlet engine: [Apache Tomcat/11.0.1]
19-Feb-2025 14:14:23.159 INFO [main] org.apache.catalina.startup.HostConfig.deployWAR Deploying web application archive [/mnt/c/Users/nacho/Documents/N7/S8/AppWeb/TPs/tp3-aw/apache-tomcat-11.0.1/webapps/annuaire.war]
19-Feb-2025 14:14:23.249 INFO [main] org.apache.catalina.startup.ExpandWar.expand An expanded directory [/mnt/c/Users/nacho/Documents/N7/S8/AppWeb/TPs/tp3-aw/apache-tomcat-11.0.1/webapps/annuaire] was found with a last modified time that did not match the associated WAR. It will be deleted.
19-Feb-2025 14:14:30.196 INFO [main] org.apache.catalina.startup.HostConfig.deployWAR Deployment of web application archive [/mnt/c/Users/nacho/Documents/N7/S8/AppWeb/TPs/tp3-aw/apache-tomcat-11.0.1/webapps/annuaire.war] has finished in [7,036] ms
19-Feb-2025 14:14:30.281 INFO [main] org.apache.catalina.startup.HostConfig.deployWAR Deploying web application archive [/mnt/c/Users/nacho/Documents/N7/S8/AppWeb/TPs/tp3-aw/apache-tomcat-11.0.1/webapps/hello.war]
19-Feb-2025 14:14:30.313 INFO [main] org.apache.catalina.startup.ExpandWar.expand An expanded directory [/mnt/c/Users/nacho/Documents/N7/S8/AppWeb/TPs/tp3-aw/apache-tomcat-11.0.1/webapps/hello] was found with a last modified time that did not match the associated WAR. It will be deleted.
19-Feb-2025 14:14:31.223 INFO [main] org.apache.catalina.startup.HostConfig.deployWAR Deployment of web application archive [/mnt/c/Users/nacho/Documents/N7/S8/AppWeb/TPs/tp3-aw/apache-tomcat-11.0.1/webapps/hello.war] has finished in [942] ms
19-Feb-2025 14:14:31.254 INFO [main] org.apache.catalina.startup.HostConfig.deployWAR Deploying web application archive [/mnt/c/Users/nacho/Documents/N7/S8/AppWeb/TPs/tp3-aw/apache-tomcat-11.0.1/webapps/template.war]
19-Feb-2025 14:14:31.290 INFO [main] org.apache.catalina.startup.ExpandWar.expand An expanded directory [/mnt/c/Users/nacho/Documents/N7/S8/AppWeb/TPs/tp3-aw/apache-tomcat-11.0.1/webapps/template] was found with a last modified time that did not match the associated WAR. It will be deleted.
19-Feb-2025 14:14:37.453 INFO [main] org.apache.catalina.startup.HostConfig.deployWAR Deployment of web application archive [/mnt/c/Users/nacho/Documents/N7/S8/AppWeb/TPs/tp3-aw/apache-tomcat-11.0.1/webapps/template.war] has finished in [6,198] ms
19-Feb-2025 14:14:37.459 INFO [main] org.apache.catalina.startup.HostConfig.deployDirectory Deploying web application directory [/mnt/c/Users/nacho/Documents/N7/S8/AppWeb/TPs/tp3-aw/apache-tomcat-11.0.1/webapps/docs]
19-Feb-2025 14:14:38.049 INFO [main] org.apache.catalina.startup.HostConfig.deployDirectory Deployment of web application directory [/mnt/c/Users/nacho/Documents/N7/S8/AppWeb/TPs/tp3-aw/apache-tomcat-11.0.1/webapps/docs] has finished in [590] ms
19-Feb-2025 14:14:38.052 INFO [main] org.apache.catalina.startup.HostConfig.deployDirectory Deploying web application directory [/mnt/c/Users/nacho/Documents/N7/S8/AppWeb/TPs/tp3-aw/apache-tomcat-11.0.1/webapps/examples]
19-Feb-2025 14:14:46.361 INFO [main] org.apache.catalina.startup.HostConfig.deployDirectory Deployment of web application directory [/mnt/c/Users/nacho/Documents/N7/S8/AppWeb/TPs/tp3-aw/apache-tomcat-11.0.1/webapps/examples] has finished in [8,309] ms
19-Feb-2025 14:14:46.368 INFO [main] org.apache.catalina.startup.HostConfig.deployDirectory Deploying web application directory [/mnt/c/Users/nacho/Documents/N7/S8/AppWeb/TPs/tp3-aw/apache-tomcat-11.0.1/webapps/host-manager]
19-Feb-2025 14:14:46.972 INFO [main] org.apache.catalina.startup.HostConfig.deployDirectory Deployment of web application directory [/mnt/c/Users/nacho/Documents/N7/S8/AppWeb/TPs/tp3-aw/apache-tomcat-11.0.1/webapps/host-manager] has finished in [603] ms
19-Feb-2025 14:14:46.974 INFO [main] org.apache.catalina.startup.HostConfig.deployDirectory Deploying web application directory [/mnt/c/Users/nacho/Documents/N7/S8/AppWeb/TPs/tp3-aw/apache-tomcat-11.0.1/webapps/manager]
19-Feb-2025 14:14:47.628 INFO [main] org.apache.catalina.startup.HostConfig.deployDirectory Deployment of web application directory [/mnt/c/Users/nacho/Documents/N7/S8/AppWeb/TPs/tp3-aw/apache-tomcat-11.0.1/webapps/manager] has finished in [654] ms
19-Feb-2025 14:14:47.630 INFO [main] org.apache.catalina.startup.HostConfig.deployDirectory Deploying web application directory [/mnt/c/Users/nacho/Documents/N7/S8/AppWeb/TPs/tp3-aw/apache-tomcat-11.0.1/webapps/ROOT]
19-Feb-2025 14:14:48.043 INFO [main] org.apache.catalina.startup.HostConfig.deployDirectory Deployment of web application directory [/mnt/c/Users/nacho/Documents/N7/S8/AppWeb/TPs/tp3-aw/apache-tomcat-11.0.1/webapps/ROOT] has finished in [412] ms
19-Feb-2025 14:14:48.066 INFO [main] org.apache.coyote.AbstractProtocol.start Starting ProtocolHandler ["http-nio-8080"]
19-Feb-2025 14:14:48.088 INFO [main] org.apache.catalina.startup.Catalina.start Server startup in [25137] milliseconds
19-Feb-2025 14:16:48.505 INFO [Catalina-utility-2] org.apache.catalina.startup.HostConfig.undeploy Undeploying context [/annuaire]
19-Feb-2025 14:16:48.817 INFO [Catalina-utility-2] org.apache.catalina.startup.HostConfig.deployWAR Deploying web application archive [/mnt/c/Users/nacho/Documents/N7/S8/AppWeb/TPs/tp3-aw/apache-tomcat-11.0.1/webapps/annuaire.war]
19-Feb-2025 14:16:54.653 INFO [Catalina-utility-2] org.apache.catalina.startup.HostConfig.deployWAR Deployment of web application archive [/mnt/c/Users/nacho/Documents/N7/S8/AppWeb/TPs/tp3-aw/apache-tomcat-11.0.1/webapps/annuaire.war] has finished in [5,835] ms
19-Feb-2025 14:16:54.657 INFO [Catalina-utility-2] org.apache.catalina.startup.HostConfig.deployDirectory Deploying web application directory [/mnt/c/Users/nacho/Documents/N7/S8/AppWeb/TPs/tp3-aw/apache-tomcat-11.0.1/webapps/annuaire-extension]
19-Feb-2025 14:16:58.461 INFO [Catalina-utility-2] org.apache.catalina.startup.HostConfig.deployDirectory Deployment of web application directory [/mnt/c/Users/nacho/Documents/N7/S8/AppWeb/TPs/tp3-aw/apache-tomcat-11.0.1/webapps/annuaire-extension] has finished in [3,804] ms
19-Feb-2025 14:17:58.934 INFO [Catalina-utility-2] org.apache.catalina.startup.HostConfig.undeploy Undeploying context [/annuaire-extension]
19-Feb-2025 14:29:01.182 INFO [Catalina-utility-1] org.apache.catalina.startup.HostConfig.deployWAR Deploying web application archive [/mnt/c/Users/nacho/Documents/N7/S8/AppWeb/TPs/tp3-aw/apache-tomcat-11.0.1/webapps/annuaire-jpa.war]
19-Feb-2025 14:29:08.777 INFO [Catalina-utility-1] org.apache.jasper.servlet.TldScanner.scanJars At least one JAR was scanned for TLDs yet contained no TLDs. Enable debug logging for this logger for a complete list of JARs that were scanned but no TLDs were found in them. Skipping unneeded JARs during scanning can improve startup time and JSP compilation time.
19-Feb-2025 14:29:08.824 INFO [Catalina-utility-1] org.apache.catalina.startup.HostConfig.deployWAR Deployment of web application archive [/mnt/c/Users/nacho/Documents/N7/S8/AppWeb/TPs/tp3-aw/apache-tomcat-11.0.1/webapps/annuaire-jpa.war] has finished in [7,641] ms
26-Feb-2025 10:55:05.900 INFO [main] org.apache.catalina.startup.VersionLoggerListener.log Server version name:   Apache Tomcat/11.0.1
26-Feb-2025 10:55:05.910 INFO [main] org.apache.catalina.startup.VersionLoggerListener.log Server built:          Nov 6 2024 19:08:24 UTC
26-Feb-2025 10:55:05.911 INFO [main] org.apache.catalina.startup.VersionLoggerListener.log Server version number: 11.0.1.0
26-Feb-2025 10:55:05.912 INFO [main] org.apache.catalina.startup.VersionLoggerListener.log OS Name:               Linux
26-Feb-2025 10:55:05.912 INFO [main] org.apache.catalina.startup.VersionLoggerListener.log OS Version:            5.15.153.1-microsoft-standard-WSL2
26-Feb-2025 10:55:05.913 INFO [main] org.apache.catalina.startup.VersionLoggerListener.log Architecture:          amd64
26-Feb-2025 10:55:05.914 INFO [main] org.apache.catalina.startup.VersionLoggerListener.log Java Home:             /usr/lib/jvm/java-21-openjdk-amd64
26-Feb-2025 10:55:05.915 INFO [main] org.apache.catalina.startup.VersionLoggerListener.log JVM Version:           21.0.6+7-Ubuntu-124.04.1
26-Feb-2025 10:55:05.915 INFO [main] org.apache.catalina.startup.VersionLoggerListener.log JVM Vendor:            Ubuntu
26-Feb-2025 10:55:05.916 INFO [main] org.apache.catalina.startup.VersionLoggerListener.log CATALINA_BASE:         /mnt/c/Users/nacho/Documents/N7/S8/AppWeb/TPs/tp3-aw/apache-tomcat-11.0.1
26-Feb-2025 10:55:05.917 INFO [main] org.apache.catalina.startup.VersionLoggerListener.log CATALINA_HOME:         /mnt/c/Users/nacho/Documents/N7/S8/AppWeb/TPs/tp3-aw/apache-tomcat-11.0.1
26-Feb-2025 10:55:05.942 INFO [main] org.apache.catalina.startup.VersionLoggerListener.log Command line argument: -Djava.util.logging.config.file=/mnt/c/Users/nacho/Documents/N7/S8/AppWeb/TPs/tp3-aw/apache-tomcat-11.0.1/conf/logging.properties
26-Feb-2025 10:55:05.943 INFO [main] org.apache.catalina.startup.VersionLoggerListener.log Command line argument: -Djava.util.logging.manager=org.apache.juli.ClassLoaderLogManager
26-Feb-2025 10:55:05.943 INFO [main] org.apache.catalina.startup.VersionLoggerListener.log Command line argument: -Djdk.tls.ephemeralDHKeySize=2048
26-Feb-2025 10:55:05.944 INFO [main] org.apache.catalina.startup.VersionLoggerListener.log Command line argument: -Dorg.apache.catalina.security.SecurityListener.UMASK=0027
26-Feb-2025 10:55:05.944 INFO [main] org.apache.catalina.startup.VersionLoggerListener.log Command line argument: --add-opens=java.base/java.lang=ALL-UNNAMED
26-Feb-2025 10:55:05.945 INFO [main] org.apache.catalina.startup.VersionLoggerListener.log Command line argument: --add-opens=java.base/java.io=ALL-UNNAMED
26-Feb-2025 10:55:05.946 INFO [main] org.apache.catalina.startup.VersionLoggerListener.log Command line argument: --add-opens=java.base/java.util=ALL-UNNAMED
26-Feb-2025 10:55:05.946 INFO [main] org.apache.catalina.startup.VersionLoggerListener.log Command line argument: --add-opens=java.base/java.util.concurrent=ALL-UNNAMED
26-Feb-2025 10:55:05.947 INFO [main] org.apache.catalina.startup.VersionLoggerListener.log Command line argument: --add-opens=java.rmi/sun.rmi.transport=ALL-UNNAMED
26-Feb-2025 10:55:05.947 INFO [main] org.apache.catalina.startup.VersionLoggerListener.log Command line argument: --enable-native-access=ALL-UNNAMED
26-Feb-2025 10:55:05.948 INFO [main] org.apache.catalina.startup.VersionLoggerListener.log Command line argument: -Dcatalina.base=/mnt/c/Users/nacho/Documents/N7/S8/AppWeb/TPs/tp3-aw/apache-tomcat-11.0.1
26-Feb-2025 10:55:05.948 INFO [main] org.apache.catalina.startup.VersionLoggerListener.log Command line argument: -Dcatalina.home=/mnt/c/Users/nacho/Documents/N7/S8/AppWeb/TPs/tp3-aw/apache-tomcat-11.0.1
26-Feb-2025 10:55:05.949 INFO [main] org.apache.catalina.startup.VersionLoggerListener.log Command line argument: -Djava.io.tmpdir=/mnt/c/Users/nacho/Documents/N7/S8/AppWeb/TPs/tp3-aw/apache-tomcat-11.0.1/temp
26-Feb-2025 10:55:05.960 INFO [main] org.apache.catalina.core.AprLifecycleListener.lifecycleEvent The Apache Tomcat Native library which allows using OpenSSL was not found on the java.library.path: [/usr/java/packages/lib:/usr/lib/x86_64-linux-gnu/jni:/lib/x86_64-linux-gnu:/usr/lib/x86_64-linux-gnu:/usr/lib/jni:/lib:/usr/lib]
26-Feb-2025 10:55:06.538 INFO [main] org.apache.coyote.AbstractProtocol.init Initializing ProtocolHandler ["http-nio-8080"]
26-Feb-2025 10:55:06.587 INFO [main] org.apache.catalina.startup.Catalina.load Server initialization in [1225] milliseconds
26-Feb-2025 10:55:06.733 INFO [main] org.apache.catalina.core.StandardService.startInternal Starting service [Catalina]
26-Feb-2025 10:55:06.734 INFO [main] org.apache.catalina.core.StandardEngine.startInternal Starting Servlet engine: [Apache Tomcat/11.0.1]
26-Feb-2025 10:55:06.854 INFO [main] org.apache.catalina.startup.HostConfig.deployWAR Deploying web application archive [/mnt/c/Users/nacho/Documents/N7/S8/AppWeb/TPs/tp3-aw/apache-tomcat-11.0.1/webapps/annuaire-jpa.war]
26-Feb-2025 10:55:06.961 INFO [main] org.apache.catalina.startup.ExpandWar.expand An expanded directory [/mnt/c/Users/nacho/Documents/N7/S8/AppWeb/TPs/tp3-aw/apache-tomcat-11.0.1/webapps/annuaire-jpa] was found with a last modified time that did not match the associated WAR. It will be deleted.
26-Feb-2025 10:55:17.320 INFO [main] org.apache.jasper.servlet.TldScanner.scanJars At least one JAR was scanned for TLDs yet contained no TLDs. Enable debug logging for this logger for a complete list of JARs that were scanned but no TLDs were found in them. Skipping unneeded JARs during scanning can improve startup time and JSP compilation time.
26-Feb-2025 10:55:17.498 INFO [main] org.apache.catalina.startup.HostConfig.deployWAR Deployment of web application archive [/mnt/c/Users/nacho/Documents/N7/S8/AppWeb/TPs/tp3-aw/apache-tomcat-11.0.1/webapps/annuaire-jpa.war] has finished in [10,643] ms
26-Feb-2025 10:55:17.538 INFO [main] org.apache.catalina.startup.HostConfig.deployWAR Deploying web application archive [/mnt/c/Users/nacho/Documents/N7/S8/AppWeb/TPs/tp3-aw/apache-tomcat-11.0.1/webapps/annuaire.war]
26-Feb-2025 10:55:17.579 INFO [main] org.apache.catalina.startup.ExpandWar.expand An expanded directory [/mnt/c/Users/nacho/Documents/N7/S8/AppWeb/TPs/tp3-aw/apache-tomcat-11.0.1/webapps/annuaire] was found with a last modified time that did not match the associated WAR. It will be deleted.
26-Feb-2025 10:55:25.107 INFO [main] org.apache.catalina.startup.HostConfig.deployWAR Deployment of web application archive [/mnt/c/Users/nacho/Documents/N7/S8/AppWeb/TPs/tp3-aw/apache-tomcat-11.0.1/webapps/annuaire.war] has finished in [7,570] ms
26-Feb-2025 10:55:25.210 INFO [main] org.apache.catalina.startup.HostConfig.deployWAR Deploying web application archive [/mnt/c/Users/nacho/Documents/N7/S8/AppWeb/TPs/tp3-aw/apache-tomcat-11.0.1/webapps/hello.war]
26-Feb-2025 10:55:25.252 INFO [main] org.apache.catalina.startup.ExpandWar.expand An expanded directory [/mnt/c/Users/nacho/Documents/N7/S8/AppWeb/TPs/tp3-aw/apache-tomcat-11.0.1/webapps/hello] was found with a last modified time that did not match the associated WAR. It will be deleted.
26-Feb-2025 10:55:26.383 INFO [main] org.apache.catalina.startup.HostConfig.deployWAR Deployment of web application archive [/mnt/c/Users/nacho/Documents/N7/S8/AppWeb/TPs/tp3-aw/apache-tomcat-11.0.1/webapps/hello.war] has finished in [1,172] ms
26-Feb-2025 10:55:26.423 INFO [main] org.apache.catalina.startup.HostConfig.deployWAR Deploying web application archive [/mnt/c/Users/nacho/Documents/N7/S8/AppWeb/TPs/tp3-aw/apache-tomcat-11.0.1/webapps/template.war]
26-Feb-2025 10:55:26.464 INFO [main] org.apache.catalina.startup.ExpandWar.expand An expanded directory [/mnt/c/Users/nacho/Documents/N7/S8/AppWeb/TPs/tp3-aw/apache-tomcat-11.0.1/webapps/template] was found with a last modified time that did not match the associated WAR. It will be deleted.
26-Feb-2025 10:55:33.487 INFO [main] org.apache.catalina.startup.HostConfig.deployWAR Deployment of web application archive [/mnt/c/Users/nacho/Documents/N7/S8/AppWeb/TPs/tp3-aw/apache-tomcat-11.0.1/webapps/template.war] has finished in [7,064] ms
26-Feb-2025 10:55:33.499 INFO [main] org.apache.catalina.startup.HostConfig.deployDirectory Deploying web application directory [/mnt/c/Users/nacho/Documents/N7/S8/AppWeb/TPs/tp3-aw/apache-tomcat-11.0.1/webapps/docs]
26-Feb-2025 10:55:34.081 INFO [main] org.apache.catalina.startup.HostConfig.deployDirectory Deployment of web application directory [/mnt/c/Users/nacho/Documents/N7/S8/AppWeb/TPs/tp3-aw/apache-tomcat-11.0.1/webapps/docs] has finished in [583] ms
26-Feb-2025 10:55:34.084 INFO [main] org.apache.catalina.startup.HostConfig.deployDirectory Deploying web application directory [/mnt/c/Users/nacho/Documents/N7/S8/AppWeb/TPs/tp3-aw/apache-tomcat-11.0.1/webapps/examples]
26-Feb-2025 10:55:42.231 INFO [main] org.apache.catalina.startup.HostConfig.deployDirectory Deployment of web application directory [/mnt/c/Users/nacho/Documents/N7/S8/AppWeb/TPs/tp3-aw/apache-tomcat-11.0.1/webapps/examples] has finished in [8,147] ms
26-Feb-2025 10:55:42.237 INFO [main] org.apache.catalina.startup.HostConfig.deployDirectory Deploying web application directory [/mnt/c/Users/nacho/Documents/N7/S8/AppWeb/TPs/tp3-aw/apache-tomcat-11.0.1/webapps/host-manager]
26-Feb-2025 10:55:42.902 INFO [main] org.apache.catalina.startup.HostConfig.deployDirectory Deployment of web application directory [/mnt/c/Users/nacho/Documents/N7/S8/AppWeb/TPs/tp3-aw/apache-tomcat-11.0.1/webapps/host-manager] has finished in [664] ms
26-Feb-2025 10:55:42.904 INFO [main] org.apache.catalina.startup.HostConfig.deployDirectory Deploying web application directory [/mnt/c/Users/nacho/Documents/N7/S8/AppWeb/TPs/tp3-aw/apache-tomcat-11.0.1/webapps/manager]
26-Feb-2025 10:55:43.682 INFO [main] org.apache.catalina.startup.HostConfig.deployDirectory Deployment of web application directory [/mnt/c/Users/nacho/Documents/N7/S8/AppWeb/TPs/tp3-aw/apache-tomcat-11.0.1/webapps/manager] has finished in [777] ms
26-Feb-2025 10:55:43.684 INFO [main] org.apache.catalina.startup.HostConfig.deployDirectory Deploying web application directory [/mnt/c/Users/nacho/Documents/N7/S8/AppWeb/TPs/tp3-aw/apache-tomcat-11.0.1/webapps/ROOT]
26-Feb-2025 10:55:44.177 INFO [main] org.apache.catalina.startup.HostConfig.deployDirectory Deployment of web application directory [/mnt/c/Users/nacho/Documents/N7/S8/AppWeb/TPs/tp3-aw/apache-tomcat-11.0.1/webapps/ROOT] has finished in [492] ms
26-Feb-2025 10:55:44.192 INFO [main] org.apache.coyote.AbstractProtocol.start Starting ProtocolHandler ["http-nio-8080"]
26-Feb-2025 10:55:44.224 INFO [main] org.apache.catalina.startup.Catalina.start Server startup in [37635] milliseconds
26-Feb-2025 11:06:18.435 INFO [main] org.apache.catalina.core.StandardServer.await A valid shutdown command was received via the shutdown port. Stopping the Server instance.
26-Feb-2025 11:06:18.437 INFO [main] org.apache.coyote.AbstractProtocol.pause Pausing ProtocolHandler ["http-nio-8080"]
26-Feb-2025 11:06:18.442 INFO [main] org.apache.catalina.core.StandardService.stopInternal Stopping service [Catalina]
26-Feb-2025 11:06:18.499 INFO [main] org.apache.coyote.AbstractProtocol.stop Stopping ProtocolHandler ["http-nio-8080"]
26-Feb-2025 11:06:18.507 INFO [main] org.apache.coyote.AbstractProtocol.destroy Destroying ProtocolHandler ["http-nio-8080"]
