31-Jan-2025 08:38:59.070 INFO [main] org.apache.catalina.startup.VersionLoggerListener.log Server version name:   Apache Tomcat/11.0.1
31-Jan-2025 08:38:59.079 INFO [main] org.apache.catalina.startup.VersionLoggerListener.log Server built:          Nov 6 2024 19:08:24 UTC
31-Jan-2025 08:38:59.080 INFO [main] org.apache.catalina.startup.VersionLoggerListener.log Server version number: 11.0.1.0
31-Jan-2025 08:38:59.080 INFO [main] org.apache.catalina.startup.VersionLoggerListener.log OS Name:               Linux
31-Jan-2025 08:38:59.081 INFO [main] org.apache.catalina.startup.VersionLoggerListener.log OS Version:            5.15.153.1-microsoft-standard-WSL2
31-Jan-2025 08:38:59.081 INFO [main] org.apache.catalina.startup.VersionLoggerListener.log Architecture:          amd64
31-Jan-2025 08:38:59.082 INFO [main] org.apache.catalina.startup.VersionLoggerListener.log Java Home:             /usr/lib/jvm/java-21-openjdk-amd64
31-Jan-2025 08:38:59.082 INFO [main] org.apache.catalina.startup.VersionLoggerListener.log JVM Version:           21.0.5+11-Ubuntu-1ubuntu124.04
31-Jan-2025 08:38:59.083 INFO [main] org.apache.catalina.startup.VersionLoggerListener.log JVM Vendor:            Ubuntu
31-Jan-2025 08:38:59.083 INFO [main] org.apache.catalina.startup.VersionLoggerListener.log CATALINA_BASE:         /mnt/c/Users/nacho/Documents/N7/AppWeb/TPs/tp1-aw/apache-tomcat-11.0.1
31-Jan-2025 08:38:59.084 INFO [main] org.apache.catalina.startup.VersionLoggerListener.log CATALINA_HOME:         /mnt/c/Users/nacho/Documents/N7/AppWeb/TPs/tp1-aw/apache-tomcat-11.0.1
31-Jan-2025 08:38:59.105 INFO [main] org.apache.catalina.startup.VersionLoggerListener.log Command line argument: -Djava.util.logging.config.file=/mnt/c/Users/nacho/Documents/N7/AppWeb/TPs/tp1-aw/apache-tomcat-11.0.1/conf/logging.properties
31-Jan-2025 08:38:59.107 INFO [main] org.apache.catalina.startup.VersionLoggerListener.log Command line argument: -Djava.util.logging.manager=org.apache.juli.ClassLoaderLogManager
31-Jan-2025 08:38:59.107 INFO [main] org.apache.catalina.startup.VersionLoggerListener.log Command line argument: -Djdk.tls.ephemeralDHKeySize=2048
31-Jan-2025 08:38:59.107 INFO [main] org.apache.catalina.startup.VersionLoggerListener.log Command line argument: -Dorg.apache.catalina.security.SecurityListener.UMASK=0027
31-Jan-2025 08:38:59.108 INFO [main] org.apache.catalina.startup.VersionLoggerListener.log Command line argument: --add-opens=java.base/java.lang=ALL-UNNAMED
31-Jan-2025 08:38:59.108 INFO [main] org.apache.catalina.startup.VersionLoggerListener.log Command line argument: --add-opens=java.base/java.io=ALL-UNNAMED
31-Jan-2025 08:38:59.109 INFO [main] org.apache.catalina.startup.VersionLoggerListener.log Command line argument: --add-opens=java.base/java.util=ALL-UNNAMED
31-Jan-2025 08:38:59.109 INFO [main] org.apache.catalina.startup.VersionLoggerListener.log Command line argument: --add-opens=java.base/java.util.concurrent=ALL-UNNAMED
31-Jan-2025 08:38:59.110 INFO [main] org.apache.catalina.startup.VersionLoggerListener.log Command line argument: --add-opens=java.rmi/sun.rmi.transport=ALL-UNNAMED
31-Jan-2025 08:38:59.110 INFO [main] org.apache.catalina.startup.VersionLoggerListener.log Command line argument: --enable-native-access=ALL-UNNAMED
31-Jan-2025 08:38:59.111 INFO [main] org.apache.catalina.startup.VersionLoggerListener.log Command line argument: -Dcatalina.base=/mnt/c/Users/nacho/Documents/N7/AppWeb/TPs/tp1-aw/apache-tomcat-11.0.1
31-Jan-2025 08:38:59.111 INFO [main] org.apache.catalina.startup.VersionLoggerListener.log Command line argument: -Dcatalina.home=/mnt/c/Users/nacho/Documents/N7/AppWeb/TPs/tp1-aw/apache-tomcat-11.0.1
31-Jan-2025 08:38:59.112 INFO [main] org.apache.catalina.startup.VersionLoggerListener.log Command line argument: -Djava.io.tmpdir=/mnt/c/Users/nacho/Documents/N7/AppWeb/TPs/tp1-aw/apache-tomcat-11.0.1/temp
31-Jan-2025 08:38:59.121 INFO [main] org.apache.catalina.core.AprLifecycleListener.lifecycleEvent The Apache Tomcat Native library which allows using OpenSSL was not found on the java.library.path: [/usr/java/packages/lib:/usr/lib/x86_64-linux-gnu/jni:/lib/x86_64-linux-gnu:/usr/lib/x86_64-linux-gnu:/usr/lib/jni:/lib:/usr/lib]
31-Jan-2025 08:38:59.623 INFO [main] org.apache.coyote.AbstractProtocol.init Initializing ProtocolHandler ["http-nio-8080"]
31-Jan-2025 08:38:59.659 INFO [main] org.apache.catalina.startup.Catalina.load Server initialization in [997] milliseconds
31-Jan-2025 08:38:59.762 INFO [main] org.apache.catalina.core.StandardService.startInternal Starting service [Catalina]
31-Jan-2025 08:38:59.763 INFO [main] org.apache.catalina.core.StandardEngine.startInternal Starting Servlet engine: [Apache Tomcat/11.0.1]
31-Jan-2025 08:38:59.809 INFO [main] org.apache.catalina.startup.HostConfig.deployDirectory Deploying web application directory [/mnt/c/Users/nacho/Documents/N7/AppWeb/TPs/tp1-aw/apache-tomcat-11.0.1/webapps/docs]
31-Jan-2025 08:39:00.951 INFO [main] org.apache.catalina.startup.HostConfig.deployDirectory Deployment of web application directory [/mnt/c/Users/nacho/Documents/N7/AppWeb/TPs/tp1-aw/apache-tomcat-11.0.1/webapps/docs] has finished in [1,140] ms
31-Jan-2025 08:39:00.953 INFO [main] org.apache.catalina.startup.HostConfig.deployDirectory Deploying web application directory [/mnt/c/Users/nacho/Documents/N7/AppWeb/TPs/tp1-aw/apache-tomcat-11.0.1/webapps/examples]
31-Jan-2025 08:39:09.420 INFO [main] org.apache.catalina.startup.HostConfig.deployDirectory Deployment of web application directory [/mnt/c/Users/nacho/Documents/N7/AppWeb/TPs/tp1-aw/apache-tomcat-11.0.1/webapps/examples] has finished in [8,467] ms
31-Jan-2025 08:39:09.423 INFO [main] org.apache.catalina.startup.HostConfig.deployDirectory Deploying web application directory [/mnt/c/Users/nacho/Documents/N7/AppWeb/TPs/tp1-aw/apache-tomcat-11.0.1/webapps/host-manager]
31-Jan-2025 08:39:10.054 INFO [main] org.apache.catalina.startup.HostConfig.deployDirectory Deployment of web application directory [/mnt/c/Users/nacho/Documents/N7/AppWeb/TPs/tp1-aw/apache-tomcat-11.0.1/webapps/host-manager] has finished in [631] ms
31-Jan-2025 08:39:10.057 INFO [main] org.apache.catalina.startup.HostConfig.deployDirectory Deploying web application directory [/mnt/c/Users/nacho/Documents/N7/AppWeb/TPs/tp1-aw/apache-tomcat-11.0.1/webapps/manager]
31-Jan-2025 08:39:10.777 INFO [main] org.apache.catalina.startup.HostConfig.deployDirectory Deployment of web application directory [/mnt/c/Users/nacho/Documents/N7/AppWeb/TPs/tp1-aw/apache-tomcat-11.0.1/webapps/manager] has finished in [721] ms
31-Jan-2025 08:39:10.779 INFO [main] org.apache.catalina.startup.HostConfig.deployDirectory Deploying web application directory [/mnt/c/Users/nacho/Documents/N7/AppWeb/TPs/tp1-aw/apache-tomcat-11.0.1/webapps/ROOT]
31-Jan-2025 08:39:11.276 INFO [main] org.apache.catalina.startup.HostConfig.deployDirectory Deployment of web application directory [/mnt/c/Users/nacho/Documents/N7/AppWeb/TPs/tp1-aw/apache-tomcat-11.0.1/webapps/ROOT] has finished in [496] ms
31-Jan-2025 08:39:11.288 INFO [main] org.apache.coyote.AbstractProtocol.start Starting ProtocolHandler ["http-nio-8080"]
31-Jan-2025 08:39:11.316 INFO [main] org.apache.catalina.startup.Catalina.start Server startup in [11655] milliseconds
31-Jan-2025 09:01:56.609 INFO [Catalina-utility-1] org.apache.catalina.startup.HostConfig.deployWAR Deploying web application archive [/mnt/c/Users/nacho/Documents/N7/AppWeb/TPs/tp1-aw/apache-tomcat-11.0.1/webapps/hello.war]
31-Jan-2025 09:01:57.618 INFO [Catalina-utility-1] org.apache.catalina.startup.HostConfig.deployWAR Deployment of web application archive [/mnt/c/Users/nacho/Documents/N7/AppWeb/TPs/tp1-aw/apache-tomcat-11.0.1/webapps/hello.war] has finished in [1,008] ms
31-Jan-2025 09:08:39.780 INFO [Catalina-utility-1] org.apache.catalina.startup.HostConfig.undeploy Undeploying context [/hello]
31-Jan-2025 09:08:40.006 INFO [Catalina-utility-1] org.apache.catalina.startup.HostConfig.deployWAR Deploying web application archive [/mnt/c/Users/nacho/Documents/N7/AppWeb/TPs/tp1-aw/apache-tomcat-11.0.1/webapps/hello.war]
31-Jan-2025 09:08:40.880 INFO [Catalina-utility-1] org.apache.catalina.startup.HostConfig.deployWAR Deployment of web application archive [/mnt/c/Users/nacho/Documents/N7/AppWeb/TPs/tp1-aw/apache-tomcat-11.0.1/webapps/hello.war] has finished in [874] ms
31-Jan-2025 09:09:46.005 INFO [Catalina-utility-2] org.apache.catalina.startup.HostConfig.undeploy Undeploying context [/hello]
31-Jan-2025 09:09:46.226 INFO [Catalina-utility-2] org.apache.catalina.startup.HostConfig.deployWAR Deploying web application archive [/mnt/c/Users/nacho/Documents/N7/AppWeb/TPs/tp1-aw/apache-tomcat-11.0.1/webapps/hello.war]
31-Jan-2025 09:09:47.114 INFO [Catalina-utility-2] org.apache.catalina.startup.HostConfig.deployWAR Deployment of web application archive [/mnt/c/Users/nacho/Documents/N7/AppWeb/TPs/tp1-aw/apache-tomcat-11.0.1/webapps/hello.war] has finished in [887] ms
31-Jan-2025 09:10:07.541 INFO [Catalina-utility-1] org.apache.catalina.startup.HostConfig.undeploy Undeploying context [/hello]
31-Jan-2025 09:10:07.759 INFO [Catalina-utility-1] org.apache.catalina.startup.HostConfig.deployWAR Deploying web application archive [/mnt/c/Users/nacho/Documents/N7/AppWeb/TPs/tp1-aw/apache-tomcat-11.0.1/webapps/hello.war]
31-Jan-2025 09:10:08.574 INFO [Catalina-utility-1] org.apache.catalina.startup.HostConfig.deployWAR Deployment of web application archive [/mnt/c/Users/nacho/Documents/N7/AppWeb/TPs/tp1-aw/apache-tomcat-11.0.1/webapps/hello.war] has finished in [816] ms
31-Jan-2025 09:13:17.909 INFO [Catalina-utility-2] org.apache.catalina.startup.HostConfig.undeploy Undeploying context [/hello]
31-Jan-2025 09:13:18.159 INFO [Catalina-utility-2] org.apache.catalina.startup.HostConfig.deployWAR Deploying web application archive [/mnt/c/Users/nacho/Documents/N7/AppWeb/TPs/tp1-aw/apache-tomcat-11.0.1/webapps/hello.war]
31-Jan-2025 09:13:19.139 INFO [Catalina-utility-2] org.apache.catalina.startup.HostConfig.deployWAR Deployment of web application archive [/mnt/c/Users/nacho/Documents/N7/AppWeb/TPs/tp1-aw/apache-tomcat-11.0.1/webapps/hello.war] has finished in [980] ms
31-Jan-2025 09:14:08.228 INFO [Catalina-utility-2] org.apache.catalina.startup.HostConfig.undeploy Undeploying context [/hello]
31-Jan-2025 09:14:08.447 INFO [Catalina-utility-2] org.apache.catalina.startup.HostConfig.deployWAR Deploying web application archive [/mnt/c/Users/nacho/Documents/N7/AppWeb/TPs/tp1-aw/apache-tomcat-11.0.1/webapps/hello.war]
31-Jan-2025 09:14:09.430 INFO [Catalina-utility-2] org.apache.catalina.startup.HostConfig.deployWAR Deployment of web application archive [/mnt/c/Users/nacho/Documents/N7/AppWeb/TPs/tp1-aw/apache-tomcat-11.0.1/webapps/hello.war] has finished in [983] ms
31-Jan-2025 09:22:34.475 INFO [Catalina-utility-1] org.apache.catalina.startup.HostConfig.undeploy Undeploying context [/hello]
31-Jan-2025 09:22:34.677 INFO [Catalina-utility-1] org.apache.catalina.startup.HostConfig.deployWAR Deploying web application archive [/mnt/c/Users/nacho/Documents/N7/AppWeb/TPs/tp1-aw/apache-tomcat-11.0.1/webapps/hello.war]
31-Jan-2025 09:22:35.535 INFO [Catalina-utility-1] org.apache.catalina.startup.HostConfig.deployWAR Deployment of web application archive [/mnt/c/Users/nacho/Documents/N7/AppWeb/TPs/tp1-aw/apache-tomcat-11.0.1/webapps/hello.war] has finished in [857] ms
31-Jan-2025 09:40:40.266 INFO [Catalina-utility-1] org.apache.catalina.startup.HostConfig.undeploy Undeploying context [/hello]
31-Jan-2025 09:40:40.516 INFO [Catalina-utility-1] org.apache.catalina.startup.HostConfig.deployWAR Deploying web application archive [/mnt/c/Users/nacho/Documents/N7/AppWeb/TPs/tp1-aw/apache-tomcat-11.0.1/webapps/hello.war]
31-Jan-2025 09:40:41.258 INFO [Catalina-utility-1] org.apache.catalina.startup.HostConfig.deployWAR Deployment of web application archive [/mnt/c/Users/nacho/Documents/N7/AppWeb/TPs/tp1-aw/apache-tomcat-11.0.1/webapps/hello.war] has finished in [742] ms
31-Jan-2025 09:41:48.179 INFO [Catalina-utility-1] org.apache.catalina.startup.HostConfig.undeploy Undeploying context [/hello]
31-Jan-2025 09:41:48.395 INFO [Catalina-utility-1] org.apache.catalina.startup.HostConfig.deployWAR Deploying web application archive [/mnt/c/Users/nacho/Documents/N7/AppWeb/TPs/tp1-aw/apache-tomcat-11.0.1/webapps/hello.war]
31-Jan-2025 09:41:49.278 INFO [Catalina-utility-1] org.apache.catalina.startup.HostConfig.deployWAR Deployment of web application archive [/mnt/c/Users/nacho/Documents/N7/AppWeb/TPs/tp1-aw/apache-tomcat-11.0.1/webapps/hello.war] has finished in [883] ms
31-Jan-2025 09:45:17.960 INFO [Catalina-utility-1] org.apache.catalina.startup.HostConfig.undeploy Undeploying context [/hello]
31-Jan-2025 09:45:18.161 INFO [Catalina-utility-1] org.apache.catalina.startup.HostConfig.deployWAR Deploying web application archive [/mnt/c/Users/nacho/Documents/N7/AppWeb/TPs/tp1-aw/apache-tomcat-11.0.1/webapps/hello.war]
31-Jan-2025 09:45:19.072 INFO [Catalina-utility-1] org.apache.catalina.startup.HostConfig.deployWAR Deployment of web application archive [/mnt/c/Users/nacho/Documents/N7/AppWeb/TPs/tp1-aw/apache-tomcat-11.0.1/webapps/hello.war] has finished in [911] ms
31-Jan-2025 09:46:33.695 INFO [Catalina-utility-2] org.apache.catalina.startup.HostConfig.undeploy Undeploying context [/hello]
31-Jan-2025 09:46:34.019 INFO [Catalina-utility-2] org.apache.catalina.startup.HostConfig.deployWAR Deploying web application archive [/mnt/c/Users/nacho/Documents/N7/AppWeb/TPs/tp1-aw/apache-tomcat-11.0.1/webapps/hello.war]
31-Jan-2025 09:46:34.861 INFO [Catalina-utility-2] org.apache.catalina.startup.HostConfig.deployWAR Deployment of web application archive [/mnt/c/Users/nacho/Documents/N7/AppWeb/TPs/tp1-aw/apache-tomcat-11.0.1/webapps/hello.war] has finished in [843] ms
31-Jan-2025 09:48:28.190 INFO [Catalina-utility-2] org.apache.catalina.startup.HostConfig.undeploy Undeploying context [/hello]
31-Jan-2025 09:48:28.583 INFO [Catalina-utility-2] org.apache.catalina.startup.HostConfig.deployWAR Deploying web application archive [/mnt/c/Users/nacho/Documents/N7/AppWeb/TPs/tp1-aw/apache-tomcat-11.0.1/webapps/hello.war]
31-Jan-2025 09:48:29.502 INFO [Catalina-utility-2] org.apache.catalina.startup.HostConfig.deployWAR Deployment of web application archive [/mnt/c/Users/nacho/Documents/N7/AppWeb/TPs/tp1-aw/apache-tomcat-11.0.1/webapps/hello.war] has finished in [918] ms
31-Jan-2025 09:50:04.750 INFO [Catalina-utility-1] org.apache.catalina.startup.HostConfig.undeploy Undeploying context [/hello]
31-Jan-2025 09:50:04.983 INFO [Catalina-utility-1] org.apache.catalina.startup.HostConfig.deployWAR Deploying web application archive [/mnt/c/Users/nacho/Documents/N7/AppWeb/TPs/tp1-aw/apache-tomcat-11.0.1/webapps/hello.war]
31-Jan-2025 09:50:05.958 INFO [Catalina-utility-1] org.apache.catalina.startup.HostConfig.deployWAR Deployment of web application archive [/mnt/c/Users/nacho/Documents/N7/AppWeb/TPs/tp1-aw/apache-tomcat-11.0.1/webapps/hello.war] has finished in [974] ms
31-Jan-2025 09:52:16.135 INFO [main] org.apache.catalina.core.StandardServer.await A valid shutdown command was received via the shutdown port. Stopping the Server instance.
31-Jan-2025 09:52:16.136 INFO [main] org.apache.coyote.AbstractProtocol.pause Pausing ProtocolHandler ["http-nio-8080"]
31-Jan-2025 09:52:16.138 INFO [main] org.apache.catalina.core.StandardService.stopInternal Stopping service [Catalina]
31-Jan-2025 09:52:16.161 INFO [main] org.apache.coyote.AbstractProtocol.stop Stopping ProtocolHandler ["http-nio-8080"]
31-Jan-2025 09:52:16.174 INFO [main] org.apache.coyote.AbstractProtocol.destroy Destroying ProtocolHandler ["http-nio-8080"]
