19-Feb-2025 14:14:22.305 INFO [main] org.apache.catalina.startup.VersionLoggerListener.log Server version name:   Apache Tomcat/11.0.1
19-Feb-2025 14:14:22.314 INFO [main] org.apache.catalina.startup.VersionLoggerListener.log Server built:          Nov 6 2024 19:08:24 UTC
19-Feb-2025 14:14:22.315 INFO [main] org.apache.catalina.startup.VersionLoggerListener.log Server version number: 11.0.1.0
19-Feb-2025 14:14:22.315 INFO [main] org.apache.catalina.startup.VersionLoggerListener.log OS Name:               Linux
19-Feb-2025 14:14:22.316 INFO [main] org.apache.catalina.startup.VersionLoggerListener.log OS Version:            5.15.153.1-microsoft-standard-WSL2
19-Feb-2025 14:14:22.316 INFO [main] org.apache.catalina.startup.VersionLoggerListener.log Architecture:          amd64
19-Feb-2025 14:14:22.316 INFO [main] org.apache.catalina.startup.VersionLoggerListener.log Java Home:             /usr/lib/jvm/java-21-openjdk-amd64
19-Feb-2025 14:14:22.317 INFO [main] org.apache.catalina.startup.VersionLoggerListener.log JVM Version:           21.0.6+7-Ubuntu-124.04.1
19-Feb-2025 14:14:22.318 INFO [main] org.apache.catalina.startup.VersionLoggerListener.log JVM Vendor:            Ubuntu
19-Feb-2025 14:14:22.318 INFO [main] org.apache.catalina.startup.VersionLoggerListener.log CATALINA_BASE:         /mnt/c/Users/nacho/Documents/N7/S8/AppWeb/TPs/tp3-aw/apache-tomcat-11.0.1
19-Feb-2025 14:14:22.319 INFO [main] org.apache.catalina.startup.VersionLoggerListener.log CATALINA_HOME:         /mnt/c/Users/nacho/Documents/N7/S8/AppWeb/TPs/tp3-aw/apache-tomcat-11.0.1
19-Feb-2025 14:14:22.341 INFO [main] org.apache.catalina.startup.VersionLoggerListener.log Command line argument: -Djava.util.logging.config.file=/mnt/c/Users/nacho/Documents/N7/S8/AppWeb/TPs/tp3-aw/apache-tomcat-11.0.1/conf/logging.properties
19-Feb-2025 14:14:22.342 INFO [main] org.apache.catalina.startup.VersionLoggerListener.log Command line argument: -Djava.util.logging.manager=org.apache.juli.ClassLoaderLogManager
19-Feb-2025 14:14:22.343 INFO [main] org.apache.catalina.startup.VersionLoggerListener.log Command line argument: -Djdk.tls.ephemeralDHKeySize=2048
19-Feb-2025 14:14:22.343 INFO [main] org.apache.catalina.startup.VersionLoggerListener.log Command line argument: -Dorg.apache.catalina.security.SecurityListener.UMASK=0027
19-Feb-2025 14:14:22.344 INFO [main] org.apache.catalina.startup.VersionLoggerListener.log Command line argument: --add-opens=java.base/java.lang=ALL-UNNAMED
19-Feb-2025 14:14:22.344 INFO [main] org.apache.catalina.startup.VersionLoggerListener.log Command line argument: --add-opens=java.base/java.io=ALL-UNNAMED
19-Feb-2025 14:14:22.345 INFO [main] org.apache.catalina.startup.VersionLoggerListener.log Command line argument: --add-opens=java.base/java.util=ALL-UNNAMED
19-Feb-2025 14:14:22.345 INFO [main] org.apache.catalina.startup.VersionLoggerListener.log Command line argument: --add-opens=java.base/java.util.concurrent=ALL-UNNAMED
19-Feb-2025 14:14:22.345 INFO [main] org.apache.catalina.startup.VersionLoggerListener.log Command line argument: --add-opens=java.rmi/sun.rmi.transport=ALL-UNNAMED
19-Feb-2025 14:14:22.346 INFO [main] org.apache.catalina.startup.VersionLoggerListener.log Command line argument: --enable-native-access=ALL-UNNAMED
19-Feb-2025 14:14:22.346 INFO [main] org.apache.catalina.startup.VersionLoggerListener.log Command line argument: -Dcatalina.base=/mnt/c/Users/nacho/Documents/N7/S8/AppWeb/TPs/tp3-aw/apache-tomcat-11.0.1
19-Feb-2025 14:14:22.347 INFO [main] org.apache.catalina.startup.VersionLoggerListener.log Command line argument: -Dcatalina.home=/mnt/c/Users/nacho/Documents/N7/S8/AppWeb/TPs/tp3-aw/apache-tomcat-11.0.1
19-Feb-2025 14:14:22.347 INFO [main] org.apache.catalina.startup.VersionLoggerListener.log Command line argument: -Djava.io.tmpdir=/mnt/c/Users/nacho/Documents/N7/S8/AppWeb/TPs/tp3-aw/apache-tomcat-11.0.1/temp
19-Feb-2025 14:14:22.354 INFO [main] org.apache.catalina.core.AprLifecycleListener.lifecycleEvent The Apache Tomcat Native library which allows using OpenSSL was not found on the java.library.path: [/usr/java/packages/lib:/usr/lib/x86_64-linux-gnu/jni:/lib/x86_64-linux-gnu:/usr/lib/x86_64-linux-gnu:/usr/lib/jni:/lib:/usr/lib]
19-Feb-2025 14:14:22.901 INFO [main] org.apache.coyote.AbstractProtocol.init Initializing ProtocolHandler ["http-nio-8080"]
19-Feb-2025 14:14:22.948 INFO [main] org.apache.catalina.startup.Catalina.load Server initialization in [1064] milliseconds
19-Feb-2025 14:14:23.068 INFO [main] org.apache.catalina.core.StandardService.startInternal Starting service [Catalina]
19-Feb-2025 14:14:23.068 INFO [main] org.apache.catalina.core.StandardEngine.startInternal Starting Servlet engine: [Apache Tomcat/11.0.1]
19-Feb-2025 14:14:23.159 INFO [main] org.apache.catalina.startup.HostConfig.deployWAR Deploying web application archive [/mnt/c/Users/nacho/Documents/N7/S8/AppWeb/TPs/tp3-aw/apache-tomcat-11.0.1/webapps/annuaire.war]
19-Feb-2025 14:14:23.249 INFO [main] org.apache.catalina.startup.ExpandWar.expand An expanded directory [/mnt/c/Users/nacho/Documents/N7/S8/AppWeb/TPs/tp3-aw/apache-tomcat-11.0.1/webapps/annuaire] was found with a last modified time that did not match the associated WAR. It will be deleted.
19-Feb-2025 14:14:30.196 INFO [main] org.apache.catalina.startup.HostConfig.deployWAR Deployment of web application archive [/mnt/c/Users/nacho/Documents/N7/S8/AppWeb/TPs/tp3-aw/apache-tomcat-11.0.1/webapps/annuaire.war] has finished in [7,036] ms
19-Feb-2025 14:14:30.281 INFO [main] org.apache.catalina.startup.HostConfig.deployWAR Deploying web application archive [/mnt/c/Users/nacho/Documents/N7/S8/AppWeb/TPs/tp3-aw/apache-tomcat-11.0.1/webapps/hello.war]
19-Feb-2025 14:14:30.313 INFO [main] org.apache.catalina.startup.ExpandWar.expand An expanded directory [/mnt/c/Users/nacho/Documents/N7/S8/AppWeb/TPs/tp3-aw/apache-tomcat-11.0.1/webapps/hello] was found with a last modified time that did not match the associated WAR. It will be deleted.
19-Feb-2025 14:14:31.223 INFO [main] org.apache.catalina.startup.HostConfig.deployWAR Deployment of web application archive [/mnt/c/Users/nacho/Documents/N7/S8/AppWeb/TPs/tp3-aw/apache-tomcat-11.0.1/webapps/hello.war] has finished in [942] ms
19-Feb-2025 14:14:31.254 INFO [main] org.apache.catalina.startup.HostConfig.deployWAR Deploying web application archive [/mnt/c/Users/nacho/Documents/N7/S8/AppWeb/TPs/tp3-aw/apache-tomcat-11.0.1/webapps/template.war]
19-Feb-2025 14:14:31.290 INFO [main] org.apache.catalina.startup.ExpandWar.expand An expanded directory [/mnt/c/Users/nacho/Documents/N7/S8/AppWeb/TPs/tp3-aw/apache-tomcat-11.0.1/webapps/template] was found with a last modified time that did not match the associated WAR. It will be deleted.
19-Feb-2025 14:14:37.453 INFO [main] org.apache.catalina.startup.HostConfig.deployWAR Deployment of web application archive [/mnt/c/Users/nacho/Documents/N7/S8/AppWeb/TPs/tp3-aw/apache-tomcat-11.0.1/webapps/template.war] has finished in [6,198] ms
19-Feb-2025 14:14:37.459 INFO [main] org.apache.catalina.startup.HostConfig.deployDirectory Deploying web application directory [/mnt/c/Users/nacho/Documents/N7/S8/AppWeb/TPs/tp3-aw/apache-tomcat-11.0.1/webapps/docs]
19-Feb-2025 14:14:38.049 INFO [main] org.apache.catalina.startup.HostConfig.deployDirectory Deployment of web application directory [/mnt/c/Users/nacho/Documents/N7/S8/AppWeb/TPs/tp3-aw/apache-tomcat-11.0.1/webapps/docs] has finished in [590] ms
19-Feb-2025 14:14:38.052 INFO [main] org.apache.catalina.startup.HostConfig.deployDirectory Deploying web application directory [/mnt/c/Users/nacho/Documents/N7/S8/AppWeb/TPs/tp3-aw/apache-tomcat-11.0.1/webapps/examples]
19-Feb-2025 14:14:46.361 INFO [main] org.apache.catalina.startup.HostConfig.deployDirectory Deployment of web application directory [/mnt/c/Users/nacho/Documents/N7/S8/AppWeb/TPs/tp3-aw/apache-tomcat-11.0.1/webapps/examples] has finished in [8,309] ms
19-Feb-2025 14:14:46.368 INFO [main] org.apache.catalina.startup.HostConfig.deployDirectory Deploying web application directory [/mnt/c/Users/nacho/Documents/N7/S8/AppWeb/TPs/tp3-aw/apache-tomcat-11.0.1/webapps/host-manager]
19-Feb-2025 14:14:46.972 INFO [main] org.apache.catalina.startup.HostConfig.deployDirectory Deployment of web application directory [/mnt/c/Users/nacho/Documents/N7/S8/AppWeb/TPs/tp3-aw/apache-tomcat-11.0.1/webapps/host-manager] has finished in [603] ms
19-Feb-2025 14:14:46.974 INFO [main] org.apache.catalina.startup.HostConfig.deployDirectory Deploying web application directory [/mnt/c/Users/nacho/Documents/N7/S8/AppWeb/TPs/tp3-aw/apache-tomcat-11.0.1/webapps/manager]
19-Feb-2025 14:14:47.628 INFO [main] org.apache.catalina.startup.HostConfig.deployDirectory Deployment of web application directory [/mnt/c/Users/nacho/Documents/N7/S8/AppWeb/TPs/tp3-aw/apache-tomcat-11.0.1/webapps/manager] has finished in [654] ms
19-Feb-2025 14:14:47.630 INFO [main] org.apache.catalina.startup.HostConfig.deployDirectory Deploying web application directory [/mnt/c/Users/nacho/Documents/N7/S8/AppWeb/TPs/tp3-aw/apache-tomcat-11.0.1/webapps/ROOT]
19-Feb-2025 14:14:48.043 INFO [main] org.apache.catalina.startup.HostConfig.deployDirectory Deployment of web application directory [/mnt/c/Users/nacho/Documents/N7/S8/AppWeb/TPs/tp3-aw/apache-tomcat-11.0.1/webapps/ROOT] has finished in [412] ms
19-Feb-2025 14:14:48.066 INFO [main] org.apache.coyote.AbstractProtocol.start Starting ProtocolHandler ["http-nio-8080"]
19-Feb-2025 14:14:48.088 INFO [main] org.apache.catalina.startup.Catalina.start Server startup in [25137] milliseconds
19-Feb-2025 14:16:48.505 INFO [Catalina-utility-2] org.apache.catalina.startup.HostConfig.undeploy Undeploying context [/annuaire]
19-Feb-2025 14:16:48.817 INFO [Catalina-utility-2] org.apache.catalina.startup.HostConfig.deployWAR Deploying web application archive [/mnt/c/Users/nacho/Documents/N7/S8/AppWeb/TPs/tp3-aw/apache-tomcat-11.0.1/webapps/annuaire.war]
19-Feb-2025 14:16:54.653 INFO [Catalina-utility-2] org.apache.catalina.startup.HostConfig.deployWAR Deployment of web application archive [/mnt/c/Users/nacho/Documents/N7/S8/AppWeb/TPs/tp3-aw/apache-tomcat-11.0.1/webapps/annuaire.war] has finished in [5,835] ms
19-Feb-2025 14:16:54.657 INFO [Catalina-utility-2] org.apache.catalina.startup.HostConfig.deployDirectory Deploying web application directory [/mnt/c/Users/nacho/Documents/N7/S8/AppWeb/TPs/tp3-aw/apache-tomcat-11.0.1/webapps/annuaire-extension]
19-Feb-2025 14:16:58.461 INFO [Catalina-utility-2] org.apache.catalina.startup.HostConfig.deployDirectory Deployment of web application directory [/mnt/c/Users/nacho/Documents/N7/S8/AppWeb/TPs/tp3-aw/apache-tomcat-11.0.1/webapps/annuaire-extension] has finished in [3,804] ms
19-Feb-2025 14:17:58.934 INFO [Catalina-utility-2] org.apache.catalina.startup.HostConfig.undeploy Undeploying context [/annuaire-extension]
19-Feb-2025 14:29:01.182 INFO [Catalina-utility-1] org.apache.catalina.startup.HostConfig.deployWAR Deploying web application archive [/mnt/c/Users/nacho/Documents/N7/S8/AppWeb/TPs/tp3-aw/apache-tomcat-11.0.1/webapps/annuaire-jpa.war]
19-Feb-2025 14:29:08.777 INFO [Catalina-utility-1] org.apache.jasper.servlet.TldScanner.scanJars At least one JAR was scanned for TLDs yet contained no TLDs. Enable debug logging for this logger for a complete list of JARs that were scanned but no TLDs were found in them. Skipping unneeded JARs during scanning can improve startup time and JSP compilation time.
19-Feb-2025 14:29:08.824 INFO [Catalina-utility-1] org.apache.catalina.startup.HostConfig.deployWAR Deployment of web application archive [/mnt/c/Users/nacho/Documents/N7/S8/AppWeb/TPs/tp3-aw/apache-tomcat-11.0.1/webapps/annuaire-jpa.war] has finished in [7,641] ms
