12-Feb-2025 08:13:44.112 INFO [main] org.apache.catalina.core.ApplicationContext.log ContextListener: contextInitialized()
12-Feb-2025 08:13:44.113 INFO [main] org.apache.catalina.core.ApplicationContext.log SessionListener: contextInitialized()
12-Feb-2025 08:13:44.144 INFO [main] org.apache.catalina.core.ApplicationContext.log ContextListener: attributeAdded('StockTicker', 'async.Stockticker@1e5f4170')
12-Feb-2025 08:42:54.775 SEVERE [http-nio-8080-exec-6] org.apache.catalina.core.StandardWrapperValve.invoke Servlet.service() for servlet [pack.Serv] in context with path [/annuaire] threw exception [Servlet execution threw an exception] with root cause
	java.lang.Error: Unresolved compilation problems: 
	facade cannot be resolved
	facade cannot be resolved
	facade cannot be resolved
	facade cannot be resolved
	facade cannot be resolved
	facade cannot be resolved

		at pack.Serv.doPost(Serv.java:25)
		at jakarta.servlet.http.HttpServlet.service(HttpServlet.java:645)
		at jakarta.servlet.http.HttpServlet.service(HttpServlet.java:716)
		at org.apache.catalina.core.ApplicationFilterChain.doFilter(ApplicationFilterChain.java:130)
		at org.apache.tomcat.websocket.server.WsFilter.doFilter(WsFilter.java:51)
		at org.apache.catalina.core.ApplicationFilterChain.doFilter(ApplicationFilterChain.java:109)
		at org.apache.catalina.core.StandardWrapperValve.invoke(StandardWrapperValve.java:167)
		at org.apache.catalina.core.StandardContextValve.invoke(StandardContextValve.java:79)
		at org.apache.catalina.authenticator.AuthenticatorBase.invoke(AuthenticatorBase.java:483)
		at org.apache.catalina.core.StandardHostValve.invoke(StandardHostValve.java:115)
		at org.apache.catalina.valves.ErrorReportValve.invoke(ErrorReportValve.java:93)
		at org.apache.catalina.valves.AbstractAccessLogValve.invoke(AbstractAccessLogValve.java:663)
		at org.apache.catalina.core.StandardEngineValve.invoke(StandardEngineValve.java:74)
		at org.apache.catalina.connector.CoyoteAdapter.service(CoyoteAdapter.java:342)
		at org.apache.coyote.http11.Http11Processor.service(Http11Processor.java:395)
		at org.apache.coyote.AbstractProcessorLight.process(AbstractProcessorLight.java:63)
		at org.apache.coyote.AbstractProtocol$ConnectionHandler.process(AbstractProtocol.java:905)
		at org.apache.tomcat.util.net.NioEndpoint$SocketProcessor.doRun(NioEndpoint.java:1746)
		at org.apache.tomcat.util.net.SocketProcessorBase.run(SocketProcessorBase.java:52)
		at org.apache.tomcat.util.threads.ThreadPoolExecutor.runWorker(ThreadPoolExecutor.java:1148)
		at org.apache.tomcat.util.threads.ThreadPoolExecutor$Worker.run(ThreadPoolExecutor.java:636)
		at org.apache.tomcat.util.threads.TaskThread$WrappingRunnable.run(TaskThread.java:63)
		at java.base/java.lang.Thread.run(Thread.java:1583)
12-Feb-2025 08:46:05.301 SEVERE [http-nio-8080-exec-11] org.apache.catalina.core.StandardWrapperValve.invoke Servlet.service() for servlet [pack.Serv] in context with path [/annuaire] threw exception [Servlet execution threw an exception] with root cause
	java.lang.Error: Unresolved compilation problems: 
	facade cannot be resolved
	facade cannot be resolved
	facade cannot be resolved
	facade cannot be resolved
	facade cannot be resolved
	facade cannot be resolved

		at pack.Serv.doPost(Serv.java:25)
		at jakarta.servlet.http.HttpServlet.service(HttpServlet.java:645)
		at jakarta.servlet.http.HttpServlet.service(HttpServlet.java:716)
		at org.apache.catalina.core.ApplicationFilterChain.doFilter(ApplicationFilterChain.java:130)
		at org.apache.tomcat.websocket.server.WsFilter.doFilter(WsFilter.java:51)
		at org.apache.catalina.core.ApplicationFilterChain.doFilter(ApplicationFilterChain.java:109)
		at org.apache.catalina.core.StandardWrapperValve.invoke(StandardWrapperValve.java:167)
		at org.apache.catalina.core.StandardContextValve.invoke(StandardContextValve.java:79)
		at org.apache.catalina.authenticator.AuthenticatorBase.invoke(AuthenticatorBase.java:483)
		at org.apache.catalina.core.StandardHostValve.invoke(StandardHostValve.java:115)
		at org.apache.catalina.valves.ErrorReportValve.invoke(ErrorReportValve.java:93)
		at org.apache.catalina.valves.AbstractAccessLogValve.invoke(AbstractAccessLogValve.java:663)
		at org.apache.catalina.core.StandardEngineValve.invoke(StandardEngineValve.java:74)
		at org.apache.catalina.connector.CoyoteAdapter.service(CoyoteAdapter.java:342)
		at org.apache.coyote.http11.Http11Processor.service(Http11Processor.java:395)
		at org.apache.coyote.AbstractProcessorLight.process(AbstractProcessorLight.java:63)
		at org.apache.coyote.AbstractProtocol$ConnectionHandler.process(AbstractProtocol.java:905)
		at org.apache.tomcat.util.net.NioEndpoint$SocketProcessor.doRun(NioEndpoint.java:1746)
		at org.apache.tomcat.util.net.SocketProcessorBase.run(SocketProcessorBase.java:52)
		at org.apache.tomcat.util.threads.ThreadPoolExecutor.runWorker(ThreadPoolExecutor.java:1148)
		at org.apache.tomcat.util.threads.ThreadPoolExecutor$Worker.run(ThreadPoolExecutor.java:636)
		at org.apache.tomcat.util.threads.TaskThread$WrappingRunnable.run(TaskThread.java:63)
		at java.base/java.lang.Thread.run(Thread.java:1583)
12-Feb-2025 08:46:27.016 INFO [http-nio-8080-exec-2] org.apache.catalina.core.ApplicationContext.log Marking servlet [pack.Serv] as unavailable
12-Feb-2025 08:46:27.016 SEVERE [http-nio-8080-exec-2] org.apache.catalina.core.StandardWrapperValve.invoke Allocate exception for servlet [pack.Serv]
	java.lang.Error: Unresolved compilation problem: 
	The declared package "annuaire.src.pack" does not match the expected package "pack"

		at pack.Facade.<init>(Facade.java:1)
		at pack.Serv.<init>(Serv.java:13)
		at java.base/jdk.internal.reflect.DirectConstructorHandleAccessor.newInstance(DirectConstructorHandleAccessor.java:62)
		at java.base/java.lang.reflect.Constructor.newInstanceWithCaller(Constructor.java:502)
		at java.base/java.lang.reflect.Constructor.newInstance(Constructor.java:486)
		at org.apache.catalina.core.DefaultInstanceManager.newInstance(DefaultInstanceManager.java:140)
		at org.apache.catalina.core.StandardWrapper.loadServlet(StandardWrapper.java:751)
		at org.apache.catalina.core.StandardWrapper.allocate(StandardWrapper.java:568)
		at org.apache.catalina.core.StandardWrapperValve.invoke(StandardWrapperValve.java:115)
		at org.apache.catalina.core.StandardContextValve.invoke(StandardContextValve.java:79)
		at org.apache.catalina.authenticator.AuthenticatorBase.invoke(AuthenticatorBase.java:483)
		at org.apache.catalina.core.StandardHostValve.invoke(StandardHostValve.java:115)
		at org.apache.catalina.valves.ErrorReportValve.invoke(ErrorReportValve.java:93)
		at org.apache.catalina.valves.AbstractAccessLogValve.invoke(AbstractAccessLogValve.java:663)
		at org.apache.catalina.core.StandardEngineValve.invoke(StandardEngineValve.java:74)
		at org.apache.catalina.connector.CoyoteAdapter.service(CoyoteAdapter.java:342)
		at org.apache.coyote.http11.Http11Processor.service(Http11Processor.java:395)
		at org.apache.coyote.AbstractProcessorLight.process(AbstractProcessorLight.java:63)
		at org.apache.coyote.AbstractProtocol$ConnectionHandler.process(AbstractProtocol.java:905)
		at org.apache.tomcat.util.net.NioEndpoint$SocketProcessor.doRun(NioEndpoint.java:1746)
		at org.apache.tomcat.util.net.SocketProcessorBase.run(SocketProcessorBase.java:52)
		at org.apache.tomcat.util.threads.ThreadPoolExecutor.runWorker(ThreadPoolExecutor.java:1148)
		at org.apache.tomcat.util.threads.ThreadPoolExecutor$Worker.run(ThreadPoolExecutor.java:636)
		at org.apache.tomcat.util.threads.TaskThread$WrappingRunnable.run(TaskThread.java:63)
		at java.base/java.lang.Thread.run(Thread.java:1583)
12-Feb-2025 08:48:04.229 INFO [http-nio-8080-exec-16] org.apache.catalina.core.ApplicationContext.log Marking servlet [pack.Serv] as unavailable
12-Feb-2025 08:48:04.229 SEVERE [http-nio-8080-exec-16] org.apache.catalina.core.StandardWrapperValve.invoke Allocate exception for servlet [pack.Serv]
	java.lang.Error: Unresolved compilation problem: 
	The declared package "" does not match the expected package "pack"

		at pack.Facade.<init>(Facade.java:1)
		at pack.Serv.<init>(Serv.java:13)
		at java.base/jdk.internal.reflect.DirectConstructorHandleAccessor.newInstance(DirectConstructorHandleAccessor.java:62)
		at java.base/java.lang.reflect.Constructor.newInstanceWithCaller(Constructor.java:502)
		at java.base/java.lang.reflect.Constructor.newInstance(Constructor.java:486)
		at org.apache.catalina.core.DefaultInstanceManager.newInstance(DefaultInstanceManager.java:140)
		at org.apache.catalina.core.StandardWrapper.loadServlet(StandardWrapper.java:751)
		at org.apache.catalina.core.StandardWrapper.allocate(StandardWrapper.java:568)
		at org.apache.catalina.core.StandardWrapperValve.invoke(StandardWrapperValve.java:115)
		at org.apache.catalina.core.StandardContextValve.invoke(StandardContextValve.java:79)
		at org.apache.catalina.authenticator.AuthenticatorBase.invoke(AuthenticatorBase.java:483)
		at org.apache.catalina.core.StandardHostValve.invoke(StandardHostValve.java:115)
		at org.apache.catalina.valves.ErrorReportValve.invoke(ErrorReportValve.java:93)
		at org.apache.catalina.valves.AbstractAccessLogValve.invoke(AbstractAccessLogValve.java:663)
		at org.apache.catalina.core.StandardEngineValve.invoke(StandardEngineValve.java:74)
		at org.apache.catalina.connector.CoyoteAdapter.service(CoyoteAdapter.java:342)
		at org.apache.coyote.http11.Http11Processor.service(Http11Processor.java:395)
		at org.apache.coyote.AbstractProcessorLight.process(AbstractProcessorLight.java:63)
		at org.apache.coyote.AbstractProtocol$ConnectionHandler.process(AbstractProtocol.java:905)
		at org.apache.tomcat.util.net.NioEndpoint$SocketProcessor.doRun(NioEndpoint.java:1746)
		at org.apache.tomcat.util.net.SocketProcessorBase.run(SocketProcessorBase.java:52)
		at org.apache.tomcat.util.threads.ThreadPoolExecutor.runWorker(ThreadPoolExecutor.java:1148)
		at org.apache.tomcat.util.threads.ThreadPoolExecutor$Worker.run(ThreadPoolExecutor.java:636)
		at org.apache.tomcat.util.threads.TaskThread$WrappingRunnable.run(TaskThread.java:63)
		at java.base/java.lang.Thread.run(Thread.java:1583)
12-Feb-2025 08:49:58.522 SEVERE [http-nio-8080-exec-26] org.apache.catalina.core.StandardWrapperValve.invoke Servlet.service() for servlet [pack.Serv] in context with path [/annuaire] threw exception [Servlet execution threw an exception] with root cause
	java.lang.Error: Unresolved compilation problems: 
	The method requestSetAttribute(String, Collection<Personne>) is undefined for the type Serv
	The method requestSetAttribute(String, Collection<Adresse>) is undefined for the type Serv
	The method getListePersonnes() is undefined for the type Facade

		at pack.Serv.doPost(Serv.java:36)
		at jakarta.servlet.http.HttpServlet.service(HttpServlet.java:645)
		at jakarta.servlet.http.HttpServlet.service(HttpServlet.java:716)
		at org.apache.catalina.core.ApplicationFilterChain.doFilter(ApplicationFilterChain.java:130)
		at org.apache.tomcat.websocket.server.WsFilter.doFilter(WsFilter.java:51)
		at org.apache.catalina.core.ApplicationFilterChain.doFilter(ApplicationFilterChain.java:109)
		at org.apache.catalina.core.StandardWrapperValve.invoke(StandardWrapperValve.java:167)
		at org.apache.catalina.core.StandardContextValve.invoke(StandardContextValve.java:79)
		at org.apache.catalina.authenticator.AuthenticatorBase.invoke(AuthenticatorBase.java:483)
		at org.apache.catalina.core.StandardHostValve.invoke(StandardHostValve.java:115)
		at org.apache.catalina.valves.ErrorReportValve.invoke(ErrorReportValve.java:93)
		at org.apache.catalina.valves.AbstractAccessLogValve.invoke(AbstractAccessLogValve.java:663)
		at org.apache.catalina.core.StandardEngineValve.invoke(StandardEngineValve.java:74)
		at org.apache.catalina.connector.CoyoteAdapter.service(CoyoteAdapter.java:342)
		at org.apache.coyote.http11.Http11Processor.service(Http11Processor.java:395)
		at org.apache.coyote.AbstractProcessorLight.process(AbstractProcessorLight.java:63)
		at org.apache.coyote.AbstractProtocol$ConnectionHandler.process(AbstractProtocol.java:905)
		at org.apache.tomcat.util.net.NioEndpoint$SocketProcessor.doRun(NioEndpoint.java:1746)
		at org.apache.tomcat.util.net.SocketProcessorBase.run(SocketProcessorBase.java:52)
		at org.apache.tomcat.util.threads.ThreadPoolExecutor.runWorker(ThreadPoolExecutor.java:1148)
		at org.apache.tomcat.util.threads.ThreadPoolExecutor$Worker.run(ThreadPoolExecutor.java:636)
		at org.apache.tomcat.util.threads.TaskThread$WrappingRunnable.run(TaskThread.java:63)
		at java.base/java.lang.Thread.run(Thread.java:1583)
12-Feb-2025 08:52:45.377 SEVERE [http-nio-8080-exec-28] org.apache.catalina.core.StandardWrapperValve.invoke Servlet.service() for servlet [pack.Serv] in context with path [/annuaire] threw exception
	java.lang.NumberFormatException: Cannot parse null string
		at java.base/java.lang.Integer.parseInt(Integer.java:624)
		at java.base/java.lang.Integer.parseInt(Integer.java:778)
		at pack.Serv.doPost(Serv.java:29)
		at jakarta.servlet.http.HttpServlet.service(HttpServlet.java:645)
		at jakarta.servlet.http.HttpServlet.service(HttpServlet.java:716)
		at org.apache.catalina.core.ApplicationFilterChain.doFilter(ApplicationFilterChain.java:130)
		at org.apache.tomcat.websocket.server.WsFilter.doFilter(WsFilter.java:51)
		at org.apache.catalina.core.ApplicationFilterChain.doFilter(ApplicationFilterChain.java:109)
		at org.apache.catalina.core.StandardWrapperValve.invoke(StandardWrapperValve.java:167)
		at org.apache.catalina.core.StandardContextValve.invoke(StandardContextValve.java:79)
		at org.apache.catalina.authenticator.AuthenticatorBase.invoke(AuthenticatorBase.java:483)
		at org.apache.catalina.core.StandardHostValve.invoke(StandardHostValve.java:115)
		at org.apache.catalina.valves.ErrorReportValve.invoke(ErrorReportValve.java:93)
		at org.apache.catalina.valves.AbstractAccessLogValve.invoke(AbstractAccessLogValve.java:663)
		at org.apache.catalina.core.StandardEngineValve.invoke(StandardEngineValve.java:74)
		at org.apache.catalina.connector.CoyoteAdapter.service(CoyoteAdapter.java:342)
		at org.apache.coyote.http11.Http11Processor.service(Http11Processor.java:395)
		at org.apache.coyote.AbstractProcessorLight.process(AbstractProcessorLight.java:63)
		at org.apache.coyote.AbstractProtocol$ConnectionHandler.process(AbstractProtocol.java:905)
		at org.apache.tomcat.util.net.NioEndpoint$SocketProcessor.doRun(NioEndpoint.java:1746)
		at org.apache.tomcat.util.net.SocketProcessorBase.run(SocketProcessorBase.java:52)
		at org.apache.tomcat.util.threads.ThreadPoolExecutor.runWorker(ThreadPoolExecutor.java:1148)
		at org.apache.tomcat.util.threads.ThreadPoolExecutor$Worker.run(ThreadPoolExecutor.java:636)
		at org.apache.tomcat.util.threads.TaskThread$WrappingRunnable.run(TaskThread.java:63)
		at java.base/java.lang.Thread.run(Thread.java:1583)
12-Feb-2025 08:53:22.961 SEVERE [http-nio-8080-exec-41] org.apache.catalina.core.StandardWrapperValve.invoke Servlet.service() for servlet [pack.Serv] in context with path [/annuaire] threw exception
	java.lang.NumberFormatException: Cannot parse null string
		at java.base/java.lang.Integer.parseInt(Integer.java:624)
		at java.base/java.lang.Integer.parseInt(Integer.java:778)
		at pack.Serv.doPost(Serv.java:29)
		at jakarta.servlet.http.HttpServlet.service(HttpServlet.java:645)
		at jakarta.servlet.http.HttpServlet.service(HttpServlet.java:716)
		at org.apache.catalina.core.ApplicationFilterChain.doFilter(ApplicationFilterChain.java:130)
		at org.apache.tomcat.websocket.server.WsFilter.doFilter(WsFilter.java:51)
		at org.apache.catalina.core.ApplicationFilterChain.doFilter(ApplicationFilterChain.java:109)
		at org.apache.catalina.core.StandardWrapperValve.invoke(StandardWrapperValve.java:167)
		at org.apache.catalina.core.StandardContextValve.invoke(StandardContextValve.java:79)
		at org.apache.catalina.authenticator.AuthenticatorBase.invoke(AuthenticatorBase.java:483)
		at org.apache.catalina.core.StandardHostValve.invoke(StandardHostValve.java:115)
		at org.apache.catalina.valves.ErrorReportValve.invoke(ErrorReportValve.java:93)
		at org.apache.catalina.valves.AbstractAccessLogValve.invoke(AbstractAccessLogValve.java:663)
		at org.apache.catalina.core.StandardEngineValve.invoke(StandardEngineValve.java:74)
		at org.apache.catalina.connector.CoyoteAdapter.service(CoyoteAdapter.java:342)
		at org.apache.coyote.http11.Http11Processor.service(Http11Processor.java:395)
		at org.apache.coyote.AbstractProcessorLight.process(AbstractProcessorLight.java:63)
		at org.apache.coyote.AbstractProtocol$ConnectionHandler.process(AbstractProtocol.java:905)
		at org.apache.tomcat.util.net.NioEndpoint$SocketProcessor.doRun(NioEndpoint.java:1746)
		at org.apache.tomcat.util.net.SocketProcessorBase.run(SocketProcessorBase.java:52)
		at org.apache.tomcat.util.threads.ThreadPoolExecutor.runWorker(ThreadPoolExecutor.java:1148)
		at org.apache.tomcat.util.threads.ThreadPoolExecutor$Worker.run(ThreadPoolExecutor.java:636)
		at org.apache.tomcat.util.threads.TaskThread$WrappingRunnable.run(TaskThread.java:63)
		at java.base/java.lang.Thread.run(Thread.java:1583)
12-Feb-2025 09:01:37.977 SEVERE [http-nio-8080-exec-45] org.apache.catalina.core.StandardWrapperValve.invoke Servlet.service() for servlet [pack.Serv] in context with path [/annuaire] threw exception
	java.lang.NumberFormatException: Cannot parse null string
		at java.base/java.lang.Integer.parseInt(Integer.java:624)
		at java.base/java.lang.Integer.parseInt(Integer.java:778)
		at pack.Serv.doPost(Serv.java:29)
		at jakarta.servlet.http.HttpServlet.service(HttpServlet.java:645)
		at jakarta.servlet.http.HttpServlet.service(HttpServlet.java:716)
		at org.apache.catalina.core.ApplicationFilterChain.doFilter(ApplicationFilterChain.java:130)
		at org.apache.tomcat.websocket.server.WsFilter.doFilter(WsFilter.java:51)
		at org.apache.catalina.core.ApplicationFilterChain.doFilter(ApplicationFilterChain.java:109)
		at org.apache.catalina.core.StandardWrapperValve.invoke(StandardWrapperValve.java:167)
		at org.apache.catalina.core.StandardContextValve.invoke(StandardContextValve.java:79)
		at org.apache.catalina.authenticator.AuthenticatorBase.invoke(AuthenticatorBase.java:483)
		at org.apache.catalina.core.StandardHostValve.invoke(StandardHostValve.java:115)
		at org.apache.catalina.valves.ErrorReportValve.invoke(ErrorReportValve.java:93)
		at org.apache.catalina.valves.AbstractAccessLogValve.invoke(AbstractAccessLogValve.java:663)
		at org.apache.catalina.core.StandardEngineValve.invoke(StandardEngineValve.java:74)
		at org.apache.catalina.connector.CoyoteAdapter.service(CoyoteAdapter.java:342)
		at org.apache.coyote.http11.Http11Processor.service(Http11Processor.java:395)
		at org.apache.coyote.AbstractProcessorLight.process(AbstractProcessorLight.java:63)
		at org.apache.coyote.AbstractProtocol$ConnectionHandler.process(AbstractProtocol.java:905)
		at org.apache.tomcat.util.net.NioEndpoint$SocketProcessor.doRun(NioEndpoint.java:1746)
		at org.apache.tomcat.util.net.SocketProcessorBase.run(SocketProcessorBase.java:52)
		at org.apache.tomcat.util.threads.ThreadPoolExecutor.runWorker(ThreadPoolExecutor.java:1148)
		at org.apache.tomcat.util.threads.ThreadPoolExecutor$Worker.run(ThreadPoolExecutor.java:636)
		at org.apache.tomcat.util.threads.TaskThread$WrappingRunnable.run(TaskThread.java:63)
		at java.base/java.lang.Thread.run(Thread.java:1583)
12-Feb-2025 09:27:15.551 SEVERE [http-nio-8080-exec-98] org.apache.catalina.core.ApplicationDispatcher.invoke Servlet.service() for servlet [jsp] threw exception
	org.apache.jasper.JasperException: Unable to compile class for JSP: 

An error occurred at line: [82] in the generated java file: [/mnt/c/Users/nacho/Documents/N7/S8/AppWeb/TPs/tp2-aw/apache-tomcat-11.0.1/work/Catalina/localhost/annuaire/org/apache/jsp/choix_jsp.java]
Syntax error, insert "}" to complete ClassBody

An error occurred at line: [12] in the jsp file: [/choix.jsp]
Collection cannot be resolved to a type
9:     <form action="Serv" method="post">
10:         Choisir une personne:
11:         <% 
12:             Collection<Personne> personnes = request.getAttribute("listePersonnes"); 
13:             for (Personne p : personnes) {
14:                 int id = p.getId();
15:                 String nomprenom = p.getNom()+" "+p.getPrenom();


An error occurred at line: [12] in the jsp file: [/choix.jsp]
Personne cannot be resolved to a type
9:     <form action="Serv" method="post">
10:         Choisir une personne:
11:         <% 
12:             Collection<Personne> personnes = request.getAttribute("listePersonnes"); 
13:             for (Personne p : personnes) {
14:                 int id = p.getId();
15:                 String nomprenom = p.getNom()+" "+p.getPrenom();


An error occurred at line: [13] in the jsp file: [/choix.jsp]
Personne cannot be resolved to a type
10:         Choisir une personne:
11:         <% 
12:             Collection<Personne> personnes = request.getAttribute("listePersonnes"); 
13:             for (Personne p : personnes) {
14:                 int id = p.getId();
15:                 String nomprenom = p.getNom()+" "+p.getPrenom();
16:                 <input type="radio" name="idPersonne" value="<%=id%>"><%=nomprenom%><br>


An error occurred at line: [14] in the jsp file: [/choix.jsp]
p cannot be resolved
11:         <% 
12:             Collection<Personne> personnes = request.getAttribute("listePersonnes"); 
13:             for (Personne p : personnes) {
14:                 int id = p.getId();
15:                 String nomprenom = p.getNom()+" "+p.getPrenom();
16:                 <input type="radio" name="idPersonne" value="<%=id%>"><%=nomprenom%><br>
17:             }


An error occurred at line: [15] in the jsp file: [/choix.jsp]
p cannot be resolved
12:             Collection<Personne> personnes = request.getAttribute("listePersonnes"); 
13:             for (Personne p : personnes) {
14:                 int id = p.getId();
15:                 String nomprenom = p.getNom()+" "+p.getPrenom();
16:                 <input type="radio" name="idPersonne" value="<%=id%>"><%=nomprenom%><br>
17:             }
18:         %>


An error occurred at line: [15] in the jsp file: [/choix.jsp]
p cannot be resolved
12:             Collection<Personne> personnes = request.getAttribute("listePersonnes"); 
13:             for (Personne p : personnes) {
14:                 int id = p.getId();
15:                 String nomprenom = p.getNom()+" "+p.getPrenom();
16:                 <input type="radio" name="idPersonne" value="<%=id%>"><%=nomprenom%><br>
17:             }
18:         %>


An error occurred at line: [16] in the jsp file: [/choix.jsp]
Syntax error, insert ">" to complete ReferenceType1
13:             for (Personne p : personnes) {
14:                 int id = p.getId();
15:                 String nomprenom = p.getNom()+" "+p.getPrenom();
16:                 <input type="radio" name="idPersonne" value="<%=id%>"><%=nomprenom%><br>
17:             }
18:         %>
19:         <br>


An error occurred at line: [16] in the jsp file: [/choix.jsp]
Syntax error, insert "super ( ) ;" to complete Statement
13:             for (Personne p : personnes) {
14:                 int id = p.getId();
15:                 String nomprenom = p.getNom()+" "+p.getPrenom();
16:                 <input type="radio" name="idPersonne" value="<%=id%>"><%=nomprenom%><br>
17:             }
18:         %>
19:         <br>


An error occurred at line: [16] in the jsp file: [/choix.jsp]
input cannot be resolved to a type
13:             for (Personne p : personnes) {
14:                 int id = p.getId();
15:                 String nomprenom = p.getNom()+" "+p.getPrenom();
16:                 <input type="radio" name="idPersonne" value="<%=id%>"><%=nomprenom%><br>
17:             }
18:         %>
19:         <br>


An error occurred at line: [16] in the jsp file: [/choix.jsp]
Constructor call must be the first statement in a constructor
13:             for (Personne p : personnes) {
14:                 int id = p.getId();
15:                 String nomprenom = p.getNom()+" "+p.getPrenom();
16:                 <input type="radio" name="idPersonne" value="<%=id%>"><%=nomprenom%><br>
17:             }
18:         %>
19:         <br>


An error occurred at line: [16] in the jsp file: [/choix.jsp]
type cannot be resolved to a variable
13:             for (Personne p : personnes) {
14:                 int id = p.getId();
15:                 String nomprenom = p.getNom()+" "+p.getPrenom();
16:                 <input type="radio" name="idPersonne" value="<%=id%>"><%=nomprenom%><br>
17:             }
18:         %>
19:         <br>


An error occurred at line: [16] in the jsp file: [/choix.jsp]
Syntax error, insert ";" to complete Statement
13:             for (Personne p : personnes) {
14:                 int id = p.getId();
15:                 String nomprenom = p.getNom()+" "+p.getPrenom();
16:                 <input type="radio" name="idPersonne" value="<%=id%>"><%=nomprenom%><br>
17:             }
18:         %>
19:         <br>


An error occurred at line: [16] in the jsp file: [/choix.jsp]
name cannot be resolved to a variable
13:             for (Personne p : personnes) {
14:                 int id = p.getId();
15:                 String nomprenom = p.getNom()+" "+p.getPrenom();
16:                 <input type="radio" name="idPersonne" value="<%=id%>"><%=nomprenom%><br>
17:             }
18:         %>
19:         <br>


An error occurred at line: [16] in the jsp file: [/choix.jsp]
Syntax error, insert ";" to complete Statement
13:             for (Personne p : personnes) {
14:                 int id = p.getId();
15:                 String nomprenom = p.getNom()+" "+p.getPrenom();
16:                 <input type="radio" name="idPersonne" value="<%=id%>"><%=nomprenom%><br>
17:             }
18:         %>
19:         <br>


An error occurred at line: [16] in the jsp file: [/choix.jsp]
String literal is not properly closed by a double-quote
13:             for (Personne p : personnes) {
14:                 int id = p.getId();
15:                 String nomprenom = p.getNom()+" "+p.getPrenom();
16:                 <input type="radio" name="idPersonne" value="<%=id%>"><%=nomprenom%><br>
17:             }
18:         %>
19:         <br>


An error occurred at line: [26] in the jsp file: [/choix.jsp]
Syntax error, insert ">" to complete ReferenceType1
23:             for (Adresse a : adresses) {
24:                 int id = a.getId();
25:                 String rueville = a.getRue()+" "+a.getVille();
26:                 <input type="radio" name="idAdresse" value="<%=id%>"><%=rueville%><br>
27:             }
28:         %>
29:         <br>


An error occurred at line: [26] in the jsp file: [/choix.jsp]
Syntax error, insert "super ( ) ;" to complete Statement
23:             for (Adresse a : adresses) {
24:                 int id = a.getId();
25:                 String rueville = a.getRue()+" "+a.getVille();
26:                 <input type="radio" name="idAdresse" value="<%=id%>"><%=rueville%><br>
27:             }
28:         %>
29:         <br>


An error occurred at line: [26] in the jsp file: [/choix.jsp]
Syntax error, insert ";" to complete Statement
23:             for (Adresse a : adresses) {
24:                 int id = a.getId();
25:                 String rueville = a.getRue()+" "+a.getVille();
26:                 <input type="radio" name="idAdresse" value="<%=id%>"><%=rueville%><br>
27:             }
28:         %>
29:         <br>


An error occurred at line: [26] in the jsp file: [/choix.jsp]
Syntax error, insert ";" to complete Statement
23:             for (Adresse a : adresses) {
24:                 int id = a.getId();
25:                 String rueville = a.getRue()+" "+a.getVille();
26:                 <input type="radio" name="idAdresse" value="<%=id%>"><%=rueville%><br>
27:             }
28:         %>
29:         <br>


An error occurred at line: [165] in the generated java file: [/mnt/c/Users/nacho/Documents/N7/S8/AppWeb/TPs/tp2-aw/apache-tomcat-11.0.1/work/Catalina/localhost/annuaire/org/apache/jsp/choix_jsp.java]
Syntax error, insert "}" to complete Block

An error occurred at line: [165] in the generated java file: [/mnt/c/Users/nacho/Documents/N7/S8/AppWeb/TPs/tp2-aw/apache-tomcat-11.0.1/work/Catalina/localhost/annuaire/org/apache/jsp/choix_jsp.java]
Syntax error, insert "}" to complete Block

An error occurred at line: [183] in the generated java file: [/mnt/c/Users/nacho/Documents/N7/S8/AppWeb/TPs/tp2-aw/apache-tomcat-11.0.1/work/Catalina/localhost/annuaire/org/apache/jsp/choix_jsp.java]
Syntax error on token "}", delete this token

Stacktrace:
		at org.apache.jasper.compiler.DefaultErrorHandler.javacError(DefaultErrorHandler.java:81)
		at org.apache.jasper.compiler.ErrorDispatcher.javacError(ErrorDispatcher.java:214)
		at org.apache.jasper.compiler.JDTCompiler.generateClass(JDTCompiler.java:525)
		at org.apache.jasper.compiler.Compiler.compile(Compiler.java:402)
		at org.apache.jasper.compiler.Compiler.compile(Compiler.java:372)
		at org.apache.jasper.compiler.Compiler.compile(Compiler.java:356)
		at org.apache.jasper.JspCompilationContext.compile(JspCompilationContext.java:602)
		at org.apache.jasper.servlet.JspServletWrapper.service(JspServletWrapper.java:396)
		at org.apache.jasper.servlet.JspServlet.serviceJspFile(JspServlet.java:354)
		at org.apache.jasper.servlet.JspServlet.service(JspServlet.java:302)
		at jakarta.servlet.http.HttpServlet.service(HttpServlet.java:716)
		at org.apache.catalina.core.ApplicationFilterChain.doFilter(ApplicationFilterChain.java:130)
		at org.apache.tomcat.websocket.server.WsFilter.doFilter(WsFilter.java:51)
		at org.apache.catalina.core.ApplicationFilterChain.doFilter(ApplicationFilterChain.java:109)
		at org.apache.catalina.core.ApplicationDispatcher.invoke(ApplicationDispatcher.java:538)
		at org.apache.catalina.core.ApplicationDispatcher.processRequest(ApplicationDispatcher.java:352)
		at org.apache.catalina.core.ApplicationDispatcher.forward(ApplicationDispatcher.java:274)
		at pack.Serv.doGet(Serv.java:21)
		at jakarta.servlet.http.HttpServlet.service(HttpServlet.java:619)
		at jakarta.servlet.http.HttpServlet.service(HttpServlet.java:716)
		at org.apache.catalina.core.ApplicationFilterChain.doFilter(ApplicationFilterChain.java:130)
		at org.apache.tomcat.websocket.server.WsFilter.doFilter(WsFilter.java:51)
		at org.apache.catalina.core.ApplicationFilterChain.doFilter(ApplicationFilterChain.java:109)
		at org.apache.catalina.core.StandardWrapperValve.invoke(StandardWrapperValve.java:167)
		at org.apache.catalina.core.StandardContextValve.invoke(StandardContextValve.java:79)
		at org.apache.catalina.authenticator.AuthenticatorBase.invoke(AuthenticatorBase.java:483)
		at org.apache.catalina.core.StandardHostValve.invoke(StandardHostValve.java:115)
		at org.apache.catalina.valves.ErrorReportValve.invoke(ErrorReportValve.java:93)
		at org.apache.catalina.valves.AbstractAccessLogValve.invoke(AbstractAccessLogValve.java:663)
		at org.apache.catalina.core.StandardEngineValve.invoke(StandardEngineValve.java:74)
		at org.apache.catalina.connector.CoyoteAdapter.service(CoyoteAdapter.java:342)
		at org.apache.coyote.http11.Http11Processor.service(Http11Processor.java:395)
		at org.apache.coyote.AbstractProcessorLight.process(AbstractProcessorLight.java:63)
		at org.apache.coyote.AbstractProtocol$ConnectionHandler.process(AbstractProtocol.java:905)
		at org.apache.tomcat.util.net.NioEndpoint$SocketProcessor.doRun(NioEndpoint.java:1746)
		at org.apache.tomcat.util.net.SocketProcessorBase.run(SocketProcessorBase.java:52)
		at org.apache.tomcat.util.threads.ThreadPoolExecutor.runWorker(ThreadPoolExecutor.java:1148)
		at org.apache.tomcat.util.threads.ThreadPoolExecutor$Worker.run(ThreadPoolExecutor.java:636)
		at org.apache.tomcat.util.threads.TaskThread$WrappingRunnable.run(TaskThread.java:63)
		at java.base/java.lang.Thread.run(Thread.java:1583)
12-Feb-2025 09:27:15.551 SEVERE [http-nio-8080-exec-98] org.apache.catalina.core.StandardWrapperValve.invoke Servlet.service() for servlet [pack.Serv] in context with path [/annuaire] threw exception [Unable to compile class for JSP: 

An error occurred at line: [82] in the generated java file: [/mnt/c/Users/nacho/Documents/N7/S8/AppWeb/TPs/tp2-aw/apache-tomcat-11.0.1/work/Catalina/localhost/annuaire/org/apache/jsp/choix_jsp.java]
Syntax error, insert "}" to complete ClassBody

An error occurred at line: [12] in the jsp file: [/choix.jsp]
Collection cannot be resolved to a type
9:     <form action="Serv" method="post">
10:         Choisir une personne:
11:         <% 
12:             Collection<Personne> personnes = request.getAttribute("listePersonnes"); 
13:             for (Personne p : personnes) {
14:                 int id = p.getId();
15:                 String nomprenom = p.getNom()+" "+p.getPrenom();


An error occurred at line: [12] in the jsp file: [/choix.jsp]
Personne cannot be resolved to a type
9:     <form action="Serv" method="post">
10:         Choisir une personne:
11:         <% 
12:             Collection<Personne> personnes = request.getAttribute("listePersonnes"); 
13:             for (Personne p : personnes) {
14:                 int id = p.getId();
15:                 String nomprenom = p.getNom()+" "+p.getPrenom();


An error occurred at line: [13] in the jsp file: [/choix.jsp]
Personne cannot be resolved to a type
10:         Choisir une personne:
11:         <% 
12:             Collection<Personne> personnes = request.getAttribute("listePersonnes"); 
13:             for (Personne p : personnes) {
14:                 int id = p.getId();
15:                 String nomprenom = p.getNom()+" "+p.getPrenom();
16:                 <input type="radio" name="idPersonne" value="<%=id%>"><%=nomprenom%><br>


An error occurred at line: [14] in the jsp file: [/choix.jsp]
p cannot be resolved
11:         <% 
12:             Collection<Personne> personnes = request.getAttribute("listePersonnes"); 
13:             for (Personne p : personnes) {
14:                 int id = p.getId();
15:                 String nomprenom = p.getNom()+" "+p.getPrenom();
16:                 <input type="radio" name="idPersonne" value="<%=id%>"><%=nomprenom%><br>
17:             }


An error occurred at line: [15] in the jsp file: [/choix.jsp]
p cannot be resolved
12:             Collection<Personne> personnes = request.getAttribute("listePersonnes"); 
13:             for (Personne p : personnes) {
14:                 int id = p.getId();
15:                 String nomprenom = p.getNom()+" "+p.getPrenom();
16:                 <input type="radio" name="idPersonne" value="<%=id%>"><%=nomprenom%><br>
17:             }
18:         %>


An error occurred at line: [15] in the jsp file: [/choix.jsp]
p cannot be resolved
12:             Collection<Personne> personnes = request.getAttribute("listePersonnes"); 
13:             for (Personne p : personnes) {
14:                 int id = p.getId();
15:                 String nomprenom = p.getNom()+" "+p.getPrenom();
16:                 <input type="radio" name="idPersonne" value="<%=id%>"><%=nomprenom%><br>
17:             }
18:         %>


An error occurred at line: [16] in the jsp file: [/choix.jsp]
Syntax error, insert ">" to complete ReferenceType1
13:             for (Personne p : personnes) {
14:                 int id = p.getId();
15:                 String nomprenom = p.getNom()+" "+p.getPrenom();
16:                 <input type="radio" name="idPersonne" value="<%=id%>"><%=nomprenom%><br>
17:             }
18:         %>
19:         <br>


An error occurred at line: [16] in the jsp file: [/choix.jsp]
Syntax error, insert "super ( ) ;" to complete Statement
13:             for (Personne p : personnes) {
14:                 int id = p.getId();
15:                 String nomprenom = p.getNom()+" "+p.getPrenom();
16:                 <input type="radio" name="idPersonne" value="<%=id%>"><%=nomprenom%><br>
17:             }
18:         %>
19:         <br>


An error occurred at line: [16] in the jsp file: [/choix.jsp]
input cannot be resolved to a type
13:             for (Personne p : personnes) {
14:                 int id = p.getId();
15:                 String nomprenom = p.getNom()+" "+p.getPrenom();
16:                 <input type="radio" name="idPersonne" value="<%=id%>"><%=nomprenom%><br>
17:             }
18:         %>
19:         <br>


An error occurred at line: [16] in the jsp file: [/choix.jsp]
Constructor call must be the first statement in a constructor
13:             for (Personne p : personnes) {
14:                 int id = p.getId();
15:                 String nomprenom = p.getNom()+" "+p.getPrenom();
16:                 <input type="radio" name="idPersonne" value="<%=id%>"><%=nomprenom%><br>
17:             }
18:         %>
19:         <br>


An error occurred at line: [16] in the jsp file: [/choix.jsp]
type cannot be resolved to a variable
13:             for (Personne p : personnes) {
14:                 int id = p.getId();
15:                 String nomprenom = p.getNom()+" "+p.getPrenom();
16:                 <input type="radio" name="idPersonne" value="<%=id%>"><%=nomprenom%><br>
17:             }
18:         %>
19:         <br>


An error occurred at line: [16] in the jsp file: [/choix.jsp]
Syntax error, insert ";" to complete Statement
13:             for (Personne p : personnes) {
14:                 int id = p.getId();
15:                 String nomprenom = p.getNom()+" "+p.getPrenom();
16:                 <input type="radio" name="idPersonne" value="<%=id%>"><%=nomprenom%><br>
17:             }
18:         %>
19:         <br>


An error occurred at line: [16] in the jsp file: [/choix.jsp]
name cannot be resolved to a variable
13:             for (Personne p : personnes) {
14:                 int id = p.getId();
15:                 String nomprenom = p.getNom()+" "+p.getPrenom();
16:                 <input type="radio" name="idPersonne" value="<%=id%>"><%=nomprenom%><br>
17:             }
18:         %>
19:         <br>


An error occurred at line: [16] in the jsp file: [/choix.jsp]
Syntax error, insert ";" to complete Statement
13:             for (Personne p : personnes) {
14:                 int id = p.getId();
15:                 String nomprenom = p.getNom()+" "+p.getPrenom();
16:                 <input type="radio" name="idPersonne" value="<%=id%>"><%=nomprenom%><br>
17:             }
18:         %>
19:         <br>


An error occurred at line: [16] in the jsp file: [/choix.jsp]
String literal is not properly closed by a double-quote
13:             for (Personne p : personnes) {
14:                 int id = p.getId();
15:                 String nomprenom = p.getNom()+" "+p.getPrenom();
16:                 <input type="radio" name="idPersonne" value="<%=id%>"><%=nomprenom%><br>
17:             }
18:         %>
19:         <br>


An error occurred at line: [26] in the jsp file: [/choix.jsp]
Syntax error, insert ">" to complete ReferenceType1
23:             for (Adresse a : adresses) {
24:                 int id = a.getId();
25:                 String rueville = a.getRue()+" "+a.getVille();
26:                 <input type="radio" name="idAdresse" value="<%=id%>"><%=rueville%><br>
27:             }
28:         %>
29:         <br>


An error occurred at line: [26] in the jsp file: [/choix.jsp]
Syntax error, insert "super ( ) ;" to complete Statement
23:             for (Adresse a : adresses) {
24:                 int id = a.getId();
25:                 String rueville = a.getRue()+" "+a.getVille();
26:                 <input type="radio" name="idAdresse" value="<%=id%>"><%=rueville%><br>
27:             }
28:         %>
29:         <br>


An error occurred at line: [26] in the jsp file: [/choix.jsp]
Syntax error, insert ";" to complete Statement
23:             for (Adresse a : adresses) {
24:                 int id = a.getId();
25:                 String rueville = a.getRue()+" "+a.getVille();
26:                 <input type="radio" name="idAdresse" value="<%=id%>"><%=rueville%><br>
27:             }
28:         %>
29:         <br>


An error occurred at line: [26] in the jsp file: [/choix.jsp]
Syntax error, insert ";" to complete Statement
23:             for (Adresse a : adresses) {
24:                 int id = a.getId();
25:                 String rueville = a.getRue()+" "+a.getVille();
26:                 <input type="radio" name="idAdresse" value="<%=id%>"><%=rueville%><br>
27:             }
28:         %>
29:         <br>


An error occurred at line: [165] in the generated java file: [/mnt/c/Users/nacho/Documents/N7/S8/AppWeb/TPs/tp2-aw/apache-tomcat-11.0.1/work/Catalina/localhost/annuaire/org/apache/jsp/choix_jsp.java]
Syntax error, insert "}" to complete Block

An error occurred at line: [165] in the generated java file: [/mnt/c/Users/nacho/Documents/N7/S8/AppWeb/TPs/tp2-aw/apache-tomcat-11.0.1/work/Catalina/localhost/annuaire/org/apache/jsp/choix_jsp.java]
Syntax error, insert "}" to complete Block

An error occurred at line: [183] in the generated java file: [/mnt/c/Users/nacho/Documents/N7/S8/AppWeb/TPs/tp2-aw/apache-tomcat-11.0.1/work/Catalina/localhost/annuaire/org/apache/jsp/choix_jsp.java]
Syntax error on token "}", delete this token

Stacktrace:] with root cause
	org.apache.jasper.JasperException: Unable to compile class for JSP: 

An error occurred at line: [82] in the generated java file: [/mnt/c/Users/nacho/Documents/N7/S8/AppWeb/TPs/tp2-aw/apache-tomcat-11.0.1/work/Catalina/localhost/annuaire/org/apache/jsp/choix_jsp.java]
Syntax error, insert "}" to complete ClassBody

An error occurred at line: [12] in the jsp file: [/choix.jsp]
Collection cannot be resolved to a type
9:     <form action="Serv" method="post">
10:         Choisir une personne:
11:         <% 
12:             Collection<Personne> personnes = request.getAttribute("listePersonnes"); 
13:             for (Personne p : personnes) {
14:                 int id = p.getId();
15:                 String nomprenom = p.getNom()+" "+p.getPrenom();


An error occurred at line: [12] in the jsp file: [/choix.jsp]
Personne cannot be resolved to a type
9:     <form action="Serv" method="post">
10:         Choisir une personne:
11:         <% 
12:             Collection<Personne> personnes = request.getAttribute("listePersonnes"); 
13:             for (Personne p : personnes) {
14:                 int id = p.getId();
15:                 String nomprenom = p.getNom()+" "+p.getPrenom();


An error occurred at line: [13] in the jsp file: [/choix.jsp]
Personne cannot be resolved to a type
10:         Choisir une personne:
11:         <% 
12:             Collection<Personne> personnes = request.getAttribute("listePersonnes"); 
13:             for (Personne p : personnes) {
14:                 int id = p.getId();
15:                 String nomprenom = p.getNom()+" "+p.getPrenom();
16:                 <input type="radio" name="idPersonne" value="<%=id%>"><%=nomprenom%><br>


An error occurred at line: [14] in the jsp file: [/choix.jsp]
p cannot be resolved
11:         <% 
12:             Collection<Personne> personnes = request.getAttribute("listePersonnes"); 
13:             for (Personne p : personnes) {
14:                 int id = p.getId();
15:                 String nomprenom = p.getNom()+" "+p.getPrenom();
16:                 <input type="radio" name="idPersonne" value="<%=id%>"><%=nomprenom%><br>
17:             }


An error occurred at line: [15] in the jsp file: [/choix.jsp]
p cannot be resolved
12:             Collection<Personne> personnes = request.getAttribute("listePersonnes"); 
13:             for (Personne p : personnes) {
14:                 int id = p.getId();
15:                 String nomprenom = p.getNom()+" "+p.getPrenom();
16:                 <input type="radio" name="idPersonne" value="<%=id%>"><%=nomprenom%><br>
17:             }
18:         %>


An error occurred at line: [15] in the jsp file: [/choix.jsp]
p cannot be resolved
12:             Collection<Personne> personnes = request.getAttribute("listePersonnes"); 
13:             for (Personne p : personnes) {
14:                 int id = p.getId();
15:                 String nomprenom = p.getNom()+" "+p.getPrenom();
16:                 <input type="radio" name="idPersonne" value="<%=id%>"><%=nomprenom%><br>
17:             }
18:         %>


An error occurred at line: [16] in the jsp file: [/choix.jsp]
Syntax error, insert ">" to complete ReferenceType1
13:             for (Personne p : personnes) {
14:                 int id = p.getId();
15:                 String nomprenom = p.getNom()+" "+p.getPrenom();
16:                 <input type="radio" name="idPersonne" value="<%=id%>"><%=nomprenom%><br>
17:             }
18:         %>
19:         <br>


An error occurred at line: [16] in the jsp file: [/choix.jsp]
Syntax error, insert "super ( ) ;" to complete Statement
13:             for (Personne p : personnes) {
14:                 int id = p.getId();
15:                 String nomprenom = p.getNom()+" "+p.getPrenom();
16:                 <input type="radio" name="idPersonne" value="<%=id%>"><%=nomprenom%><br>
17:             }
18:         %>
19:         <br>


An error occurred at line: [16] in the jsp file: [/choix.jsp]
input cannot be resolved to a type
13:             for (Personne p : personnes) {
14:                 int id = p.getId();
15:                 String nomprenom = p.getNom()+" "+p.getPrenom();
16:                 <input type="radio" name="idPersonne" value="<%=id%>"><%=nomprenom%><br>
17:             }
18:         %>
19:         <br>


An error occurred at line: [16] in the jsp file: [/choix.jsp]
Constructor call must be the first statement in a constructor
13:             for (Personne p : personnes) {
14:                 int id = p.getId();
15:                 String nomprenom = p.getNom()+" "+p.getPrenom();
16:                 <input type="radio" name="idPersonne" value="<%=id%>"><%=nomprenom%><br>
17:             }
18:         %>
19:         <br>


An error occurred at line: [16] in the jsp file: [/choix.jsp]
type cannot be resolved to a variable
13:             for (Personne p : personnes) {
14:                 int id = p.getId();
15:                 String nomprenom = p.getNom()+" "+p.getPrenom();
16:                 <input type="radio" name="idPersonne" value="<%=id%>"><%=nomprenom%><br>
17:             }
18:         %>
19:         <br>


An error occurred at line: [16] in the jsp file: [/choix.jsp]
Syntax error, insert ";" to complete Statement
13:             for (Personne p : personnes) {
14:                 int id = p.getId();
15:                 String nomprenom = p.getNom()+" "+p.getPrenom();
16:                 <input type="radio" name="idPersonne" value="<%=id%>"><%=nomprenom%><br>
17:             }
18:         %>
19:         <br>


An error occurred at line: [16] in the jsp file: [/choix.jsp]
name cannot be resolved to a variable
13:             for (Personne p : personnes) {
14:                 int id = p.getId();
15:                 String nomprenom = p.getNom()+" "+p.getPrenom();
16:                 <input type="radio" name="idPersonne" value="<%=id%>"><%=nomprenom%><br>
17:             }
18:         %>
19:         <br>


An error occurred at line: [16] in the jsp file: [/choix.jsp]
Syntax error, insert ";" to complete Statement
13:             for (Personne p : personnes) {
14:                 int id = p.getId();
15:                 String nomprenom = p.getNom()+" "+p.getPrenom();
16:                 <input type="radio" name="idPersonne" value="<%=id%>"><%=nomprenom%><br>
17:             }
18:         %>
19:         <br>


An error occurred at line: [16] in the jsp file: [/choix.jsp]
String literal is not properly closed by a double-quote
13:             for (Personne p : personnes) {
14:                 int id = p.getId();
15:                 String nomprenom = p.getNom()+" "+p.getPrenom();
16:                 <input type="radio" name="idPersonne" value="<%=id%>"><%=nomprenom%><br>
17:             }
18:         %>
19:         <br>


An error occurred at line: [26] in the jsp file: [/choix.jsp]
Syntax error, insert ">" to complete ReferenceType1
23:             for (Adresse a : adresses) {
24:                 int id = a.getId();
25:                 String rueville = a.getRue()+" "+a.getVille();
26:                 <input type="radio" name="idAdresse" value="<%=id%>"><%=rueville%><br>
27:             }
28:         %>
29:         <br>


An error occurred at line: [26] in the jsp file: [/choix.jsp]
Syntax error, insert "super ( ) ;" to complete Statement
23:             for (Adresse a : adresses) {
24:                 int id = a.getId();
25:                 String rueville = a.getRue()+" "+a.getVille();
26:                 <input type="radio" name="idAdresse" value="<%=id%>"><%=rueville%><br>
27:             }
28:         %>
29:         <br>


An error occurred at line: [26] in the jsp file: [/choix.jsp]
Syntax error, insert ";" to complete Statement
23:             for (Adresse a : adresses) {
24:                 int id = a.getId();
25:                 String rueville = a.getRue()+" "+a.getVille();
26:                 <input type="radio" name="idAdresse" value="<%=id%>"><%=rueville%><br>
27:             }
28:         %>
29:         <br>


An error occurred at line: [26] in the jsp file: [/choix.jsp]
Syntax error, insert ";" to complete Statement
23:             for (Adresse a : adresses) {
24:                 int id = a.getId();
25:                 String rueville = a.getRue()+" "+a.getVille();
26:                 <input type="radio" name="idAdresse" value="<%=id%>"><%=rueville%><br>
27:             }
28:         %>
29:         <br>


An error occurred at line: [165] in the generated java file: [/mnt/c/Users/nacho/Documents/N7/S8/AppWeb/TPs/tp2-aw/apache-tomcat-11.0.1/work/Catalina/localhost/annuaire/org/apache/jsp/choix_jsp.java]
Syntax error, insert "}" to complete Block

An error occurred at line: [165] in the generated java file: [/mnt/c/Users/nacho/Documents/N7/S8/AppWeb/TPs/tp2-aw/apache-tomcat-11.0.1/work/Catalina/localhost/annuaire/org/apache/jsp/choix_jsp.java]
Syntax error, insert "}" to complete Block

An error occurred at line: [183] in the generated java file: [/mnt/c/Users/nacho/Documents/N7/S8/AppWeb/TPs/tp2-aw/apache-tomcat-11.0.1/work/Catalina/localhost/annuaire/org/apache/jsp/choix_jsp.java]
Syntax error on token "}", delete this token

Stacktrace:
		at org.apache.jasper.compiler.DefaultErrorHandler.javacError(DefaultErrorHandler.java:81)
		at org.apache.jasper.compiler.ErrorDispatcher.javacError(ErrorDispatcher.java:214)
		at org.apache.jasper.compiler.JDTCompiler.generateClass(JDTCompiler.java:525)
		at org.apache.jasper.compiler.Compiler.compile(Compiler.java:402)
		at org.apache.jasper.compiler.Compiler.compile(Compiler.java:372)
		at org.apache.jasper.compiler.Compiler.compile(Compiler.java:356)
		at org.apache.jasper.JspCompilationContext.compile(JspCompilationContext.java:602)
		at org.apache.jasper.servlet.JspServletWrapper.service(JspServletWrapper.java:396)
		at org.apache.jasper.servlet.JspServlet.serviceJspFile(JspServlet.java:354)
		at org.apache.jasper.servlet.JspServlet.service(JspServlet.java:302)
		at jakarta.servlet.http.HttpServlet.service(HttpServlet.java:716)
		at org.apache.catalina.core.ApplicationFilterChain.doFilter(ApplicationFilterChain.java:130)
		at org.apache.tomcat.websocket.server.WsFilter.doFilter(WsFilter.java:51)
		at org.apache.catalina.core.ApplicationFilterChain.doFilter(ApplicationFilterChain.java:109)
		at org.apache.catalina.core.ApplicationDispatcher.invoke(ApplicationDispatcher.java:538)
		at org.apache.catalina.core.ApplicationDispatcher.processRequest(ApplicationDispatcher.java:352)
		at org.apache.catalina.core.ApplicationDispatcher.forward(ApplicationDispatcher.java:274)
		at pack.Serv.doGet(Serv.java:21)
		at jakarta.servlet.http.HttpServlet.service(HttpServlet.java:619)
		at jakarta.servlet.http.HttpServlet.service(HttpServlet.java:716)
		at org.apache.catalina.core.ApplicationFilterChain.doFilter(ApplicationFilterChain.java:130)
		at org.apache.tomcat.websocket.server.WsFilter.doFilter(WsFilter.java:51)
		at org.apache.catalina.core.ApplicationFilterChain.doFilter(ApplicationFilterChain.java:109)
		at org.apache.catalina.core.StandardWrapperValve.invoke(StandardWrapperValve.java:167)
		at org.apache.catalina.core.StandardContextValve.invoke(StandardContextValve.java:79)
		at org.apache.catalina.authenticator.AuthenticatorBase.invoke(AuthenticatorBase.java:483)
		at org.apache.catalina.core.StandardHostValve.invoke(StandardHostValve.java:115)
		at org.apache.catalina.valves.ErrorReportValve.invoke(ErrorReportValve.java:93)
		at org.apache.catalina.valves.AbstractAccessLogValve.invoke(AbstractAccessLogValve.java:663)
		at org.apache.catalina.core.StandardEngineValve.invoke(StandardEngineValve.java:74)
		at org.apache.catalina.connector.CoyoteAdapter.service(CoyoteAdapter.java:342)
		at org.apache.coyote.http11.Http11Processor.service(Http11Processor.java:395)
		at org.apache.coyote.AbstractProcessorLight.process(AbstractProcessorLight.java:63)
		at org.apache.coyote.AbstractProtocol$ConnectionHandler.process(AbstractProtocol.java:905)
		at org.apache.tomcat.util.net.NioEndpoint$SocketProcessor.doRun(NioEndpoint.java:1746)
		at org.apache.tomcat.util.net.SocketProcessorBase.run(SocketProcessorBase.java:52)
		at org.apache.tomcat.util.threads.ThreadPoolExecutor.runWorker(ThreadPoolExecutor.java:1148)
		at org.apache.tomcat.util.threads.ThreadPoolExecutor$Worker.run(ThreadPoolExecutor.java:636)
		at org.apache.tomcat.util.threads.TaskThread$WrappingRunnable.run(TaskThread.java:63)
		at java.base/java.lang.Thread.run(Thread.java:1583)
12-Feb-2025 09:30:32.959 SEVERE [http-nio-8080-exec-114] org.apache.catalina.core.StandardWrapperValve.invoke Servlet.service() for servlet [pack.Serv] in context with path [/annuaire] threw exception
	java.lang.NullPointerException: Cannot invoke "java.util.Collection.add(Object)" because the return value of "pack.Personne.getAdresses()" is null
		at pack.Facade.associer(Facade.java:41)
		at pack.Serv.doPost(Serv.java:49)
		at jakarta.servlet.http.HttpServlet.service(HttpServlet.java:645)
		at jakarta.servlet.http.HttpServlet.service(HttpServlet.java:716)
		at org.apache.catalina.core.ApplicationFilterChain.doFilter(ApplicationFilterChain.java:130)
		at org.apache.tomcat.websocket.server.WsFilter.doFilter(WsFilter.java:51)
		at org.apache.catalina.core.ApplicationFilterChain.doFilter(ApplicationFilterChain.java:109)
		at org.apache.catalina.core.StandardWrapperValve.invoke(StandardWrapperValve.java:167)
		at org.apache.catalina.core.StandardContextValve.invoke(StandardContextValve.java:79)
		at org.apache.catalina.authenticator.AuthenticatorBase.invoke(AuthenticatorBase.java:483)
		at org.apache.catalina.core.StandardHostValve.invoke(StandardHostValve.java:115)
		at org.apache.catalina.valves.ErrorReportValve.invoke(ErrorReportValve.java:93)
		at org.apache.catalina.valves.AbstractAccessLogValve.invoke(AbstractAccessLogValve.java:663)
		at org.apache.catalina.core.StandardEngineValve.invoke(StandardEngineValve.java:74)
		at org.apache.catalina.connector.CoyoteAdapter.service(CoyoteAdapter.java:342)
		at org.apache.coyote.http11.Http11Processor.service(Http11Processor.java:395)
		at org.apache.coyote.AbstractProcessorLight.process(AbstractProcessorLight.java:63)
		at org.apache.coyote.AbstractProtocol$ConnectionHandler.process(AbstractProtocol.java:905)
		at org.apache.tomcat.util.net.NioEndpoint$SocketProcessor.doRun(NioEndpoint.java:1746)
		at org.apache.tomcat.util.net.SocketProcessorBase.run(SocketProcessorBase.java:52)
		at org.apache.tomcat.util.threads.ThreadPoolExecutor.runWorker(ThreadPoolExecutor.java:1148)
		at org.apache.tomcat.util.threads.ThreadPoolExecutor$Worker.run(ThreadPoolExecutor.java:636)
		at org.apache.tomcat.util.threads.TaskThread$WrappingRunnable.run(TaskThread.java:63)
		at java.base/java.lang.Thread.run(Thread.java:1583)
12-Feb-2025 09:34:49.986 SEVERE [http-nio-8080-exec-118] org.apache.catalina.core.StandardWrapperValve.invoke Servlet.service() for servlet [pack.Serv] in context with path [/annuaire] threw exception
	java.lang.NullPointerException: Cannot invoke "pack.Personne.getAdresses()" because "p" is null
		at pack.Facade.associer(Facade.java:41)
		at pack.Serv.doPost(Serv.java:49)
		at jakarta.servlet.http.HttpServlet.service(HttpServlet.java:645)
		at jakarta.servlet.http.HttpServlet.service(HttpServlet.java:716)
		at org.apache.catalina.core.ApplicationFilterChain.doFilter(ApplicationFilterChain.java:130)
		at org.apache.tomcat.websocket.server.WsFilter.doFilter(WsFilter.java:51)
		at org.apache.catalina.core.ApplicationFilterChain.doFilter(ApplicationFilterChain.java:109)
		at org.apache.catalina.core.StandardWrapperValve.invoke(StandardWrapperValve.java:167)
		at org.apache.catalina.core.StandardContextValve.invoke(StandardContextValve.java:79)
		at org.apache.catalina.authenticator.AuthenticatorBase.invoke(AuthenticatorBase.java:483)
		at org.apache.catalina.core.StandardHostValve.invoke(StandardHostValve.java:115)
		at org.apache.catalina.valves.ErrorReportValve.invoke(ErrorReportValve.java:93)
		at org.apache.catalina.valves.AbstractAccessLogValve.invoke(AbstractAccessLogValve.java:663)
		at org.apache.catalina.core.StandardEngineValve.invoke(StandardEngineValve.java:74)
		at org.apache.catalina.connector.CoyoteAdapter.service(CoyoteAdapter.java:342)
		at org.apache.coyote.http11.Http11Processor.service(Http11Processor.java:395)
		at org.apache.coyote.AbstractProcessorLight.process(AbstractProcessorLight.java:63)
		at org.apache.coyote.AbstractProtocol$ConnectionHandler.process(AbstractProtocol.java:905)
		at org.apache.tomcat.util.net.NioEndpoint$SocketProcessor.doRun(NioEndpoint.java:1746)
		at org.apache.tomcat.util.net.SocketProcessorBase.run(SocketProcessorBase.java:52)
		at org.apache.tomcat.util.threads.ThreadPoolExecutor.runWorker(ThreadPoolExecutor.java:1148)
		at org.apache.tomcat.util.threads.ThreadPoolExecutor$Worker.run(ThreadPoolExecutor.java:636)
		at org.apache.tomcat.util.threads.TaskThread$WrappingRunnable.run(TaskThread.java:63)
		at java.base/java.lang.Thread.run(Thread.java:1583)
12-Feb-2025 09:41:15.694 SEVERE [http-nio-8080-exec-132] org.apache.catalina.core.StandardWrapperValve.invoke Servlet.service() for servlet [pack.Serv] in context with path [/annuaire] threw exception
	java.lang.NullPointerException: Cannot invoke "pack.Personne.getAdresses()" because "p" is null
		at pack.Facade.associer(Facade.java:41)
		at pack.Serv.doPost(Serv.java:49)
		at jakarta.servlet.http.HttpServlet.service(HttpServlet.java:645)
		at jakarta.servlet.http.HttpServlet.service(HttpServlet.java:716)
		at org.apache.catalina.core.ApplicationFilterChain.doFilter(ApplicationFilterChain.java:130)
		at org.apache.tomcat.websocket.server.WsFilter.doFilter(WsFilter.java:51)
		at org.apache.catalina.core.ApplicationFilterChain.doFilter(ApplicationFilterChain.java:109)
		at org.apache.catalina.core.StandardWrapperValve.invoke(StandardWrapperValve.java:167)
		at org.apache.catalina.core.StandardContextValve.invoke(StandardContextValve.java:79)
		at org.apache.catalina.authenticator.AuthenticatorBase.invoke(AuthenticatorBase.java:483)
		at org.apache.catalina.core.StandardHostValve.invoke(StandardHostValve.java:115)
		at org.apache.catalina.valves.ErrorReportValve.invoke(ErrorReportValve.java:93)
		at org.apache.catalina.valves.AbstractAccessLogValve.invoke(AbstractAccessLogValve.java:663)
		at org.apache.catalina.core.StandardEngineValve.invoke(StandardEngineValve.java:74)
		at org.apache.catalina.connector.CoyoteAdapter.service(CoyoteAdapter.java:342)
		at org.apache.coyote.http11.Http11Processor.service(Http11Processor.java:395)
		at org.apache.coyote.AbstractProcessorLight.process(AbstractProcessorLight.java:63)
		at org.apache.coyote.AbstractProtocol$ConnectionHandler.process(AbstractProtocol.java:905)
		at org.apache.tomcat.util.net.NioEndpoint$SocketProcessor.doRun(NioEndpoint.java:1746)
		at org.apache.tomcat.util.net.SocketProcessorBase.run(SocketProcessorBase.java:52)
		at org.apache.tomcat.util.threads.ThreadPoolExecutor.runWorker(ThreadPoolExecutor.java:1148)
		at org.apache.tomcat.util.threads.ThreadPoolExecutor$Worker.run(ThreadPoolExecutor.java:636)
		at org.apache.tomcat.util.threads.TaskThread$WrappingRunnable.run(TaskThread.java:63)
		at java.base/java.lang.Thread.run(Thread.java:1583)
12-Feb-2025 09:41:16.809 SEVERE [http-nio-8080-exec-128] org.apache.catalina.core.StandardWrapperValve.invoke Servlet.service() for servlet [pack.Serv] in context with path [/annuaire] threw exception
	java.lang.NullPointerException: Cannot invoke "pack.Personne.getAdresses()" because "p" is null
		at pack.Facade.associer(Facade.java:41)
		at pack.Serv.doPost(Serv.java:49)
		at jakarta.servlet.http.HttpServlet.service(HttpServlet.java:645)
		at jakarta.servlet.http.HttpServlet.service(HttpServlet.java:716)
		at org.apache.catalina.core.ApplicationFilterChain.doFilter(ApplicationFilterChain.java:130)
		at org.apache.tomcat.websocket.server.WsFilter.doFilter(WsFilter.java:51)
		at org.apache.catalina.core.ApplicationFilterChain.doFilter(ApplicationFilterChain.java:109)
		at org.apache.catalina.core.StandardWrapperValve.invoke(StandardWrapperValve.java:167)
		at org.apache.catalina.core.StandardContextValve.invoke(StandardContextValve.java:79)
		at org.apache.catalina.authenticator.AuthenticatorBase.invoke(AuthenticatorBase.java:483)
		at org.apache.catalina.core.StandardHostValve.invoke(StandardHostValve.java:115)
		at org.apache.catalina.valves.ErrorReportValve.invoke(ErrorReportValve.java:93)
		at org.apache.catalina.valves.AbstractAccessLogValve.invoke(AbstractAccessLogValve.java:663)
		at org.apache.catalina.core.StandardEngineValve.invoke(StandardEngineValve.java:74)
		at org.apache.catalina.connector.CoyoteAdapter.service(CoyoteAdapter.java:342)
		at org.apache.coyote.http11.Http11Processor.service(Http11Processor.java:395)
		at org.apache.coyote.AbstractProcessorLight.process(AbstractProcessorLight.java:63)
		at org.apache.coyote.AbstractProtocol$ConnectionHandler.process(AbstractProtocol.java:905)
		at org.apache.tomcat.util.net.NioEndpoint$SocketProcessor.doRun(NioEndpoint.java:1746)
		at org.apache.tomcat.util.net.SocketProcessorBase.run(SocketProcessorBase.java:52)
		at org.apache.tomcat.util.threads.ThreadPoolExecutor.runWorker(ThreadPoolExecutor.java:1148)
		at org.apache.tomcat.util.threads.ThreadPoolExecutor$Worker.run(ThreadPoolExecutor.java:636)
		at org.apache.tomcat.util.threads.TaskThread$WrappingRunnable.run(TaskThread.java:63)
		at java.base/java.lang.Thread.run(Thread.java:1583)
12-Feb-2025 09:43:17.916 SEVERE [http-nio-8080-exec-139] org.apache.catalina.core.StandardWrapperValve.invoke Servlet.service() for servlet [pack.Serv] in context with path [/annuaire] threw exception
	java.lang.NullPointerException: Cannot invoke "pack.Personne.getAdresses()" because "p" is null
		at pack.Facade.associer(Facade.java:41)
		at pack.Serv.doPost(Serv.java:53)
		at jakarta.servlet.http.HttpServlet.service(HttpServlet.java:645)
		at jakarta.servlet.http.HttpServlet.service(HttpServlet.java:716)
		at org.apache.catalina.core.ApplicationFilterChain.doFilter(ApplicationFilterChain.java:130)
		at org.apache.tomcat.websocket.server.WsFilter.doFilter(WsFilter.java:51)
		at org.apache.catalina.core.ApplicationFilterChain.doFilter(ApplicationFilterChain.java:109)
		at org.apache.catalina.core.StandardWrapperValve.invoke(StandardWrapperValve.java:167)
		at org.apache.catalina.core.StandardContextValve.invoke(StandardContextValve.java:79)
		at org.apache.catalina.authenticator.AuthenticatorBase.invoke(AuthenticatorBase.java:483)
		at org.apache.catalina.core.StandardHostValve.invoke(StandardHostValve.java:115)
		at org.apache.catalina.valves.ErrorReportValve.invoke(ErrorReportValve.java:93)
		at org.apache.catalina.valves.AbstractAccessLogValve.invoke(AbstractAccessLogValve.java:663)
		at org.apache.catalina.core.StandardEngineValve.invoke(StandardEngineValve.java:74)
		at org.apache.catalina.connector.CoyoteAdapter.service(CoyoteAdapter.java:342)
		at org.apache.coyote.http11.Http11Processor.service(Http11Processor.java:395)
		at org.apache.coyote.AbstractProcessorLight.process(AbstractProcessorLight.java:63)
		at org.apache.coyote.AbstractProtocol$ConnectionHandler.process(AbstractProtocol.java:905)
		at org.apache.tomcat.util.net.NioEndpoint$SocketProcessor.doRun(NioEndpoint.java:1746)
		at org.apache.tomcat.util.net.SocketProcessorBase.run(SocketProcessorBase.java:52)
		at org.apache.tomcat.util.threads.ThreadPoolExecutor.runWorker(ThreadPoolExecutor.java:1148)
		at org.apache.tomcat.util.threads.ThreadPoolExecutor$Worker.run(ThreadPoolExecutor.java:636)
		at org.apache.tomcat.util.threads.TaskThread$WrappingRunnable.run(TaskThread.java:63)
		at java.base/java.lang.Thread.run(Thread.java:1583)
12-Feb-2025 09:43:19.980 SEVERE [http-nio-8080-exec-136] org.apache.catalina.core.StandardWrapperValve.invoke Servlet.service() for servlet [pack.Serv] in context with path [/annuaire] threw exception
	java.lang.NullPointerException: Cannot invoke "pack.Personne.getAdresses()" because "p" is null
		at pack.Facade.associer(Facade.java:41)
		at pack.Serv.doPost(Serv.java:53)
		at jakarta.servlet.http.HttpServlet.service(HttpServlet.java:645)
		at jakarta.servlet.http.HttpServlet.service(HttpServlet.java:716)
		at org.apache.catalina.core.ApplicationFilterChain.doFilter(ApplicationFilterChain.java:130)
		at org.apache.tomcat.websocket.server.WsFilter.doFilter(WsFilter.java:51)
		at org.apache.catalina.core.ApplicationFilterChain.doFilter(ApplicationFilterChain.java:109)
		at org.apache.catalina.core.StandardWrapperValve.invoke(StandardWrapperValve.java:167)
		at org.apache.catalina.core.StandardContextValve.invoke(StandardContextValve.java:79)
		at org.apache.catalina.authenticator.AuthenticatorBase.invoke(AuthenticatorBase.java:483)
		at org.apache.catalina.core.StandardHostValve.invoke(StandardHostValve.java:115)
		at org.apache.catalina.valves.ErrorReportValve.invoke(ErrorReportValve.java:93)
		at org.apache.catalina.valves.AbstractAccessLogValve.invoke(AbstractAccessLogValve.java:663)
		at org.apache.catalina.core.StandardEngineValve.invoke(StandardEngineValve.java:74)
		at org.apache.catalina.connector.CoyoteAdapter.service(CoyoteAdapter.java:342)
		at org.apache.coyote.http11.Http11Processor.service(Http11Processor.java:395)
		at org.apache.coyote.AbstractProcessorLight.process(AbstractProcessorLight.java:63)
		at org.apache.coyote.AbstractProtocol$ConnectionHandler.process(AbstractProtocol.java:905)
		at org.apache.tomcat.util.net.NioEndpoint$SocketProcessor.doRun(NioEndpoint.java:1746)
		at org.apache.tomcat.util.net.SocketProcessorBase.run(SocketProcessorBase.java:52)
		at org.apache.tomcat.util.threads.ThreadPoolExecutor.runWorker(ThreadPoolExecutor.java:1148)
		at org.apache.tomcat.util.threads.ThreadPoolExecutor$Worker.run(ThreadPoolExecutor.java:636)
		at org.apache.tomcat.util.threads.TaskThread$WrappingRunnable.run(TaskThread.java:63)
		at java.base/java.lang.Thread.run(Thread.java:1583)
12-Feb-2025 09:48:17.440 SEVERE [http-nio-8080-exec-150] org.apache.catalina.core.ApplicationDispatcher.invoke Servlet.service() for servlet [jsp] threw exception
	org.apache.jasper.JasperException: Unable to compile class for JSP: 

An error occurred at line: [82] in the generated java file: [/mnt/c/Users/nacho/Documents/N7/S8/AppWeb/TPs/tp2-aw/apache-tomcat-11.0.1/work/Catalina/localhost/annuaire/org/apache/jsp/liste_jsp.java]
Syntax error, insert "}" to complete ClassBody

An error occurred at line: [13] in the jsp file: [/liste.jsp]
Collection cannot be resolved to a type
10:     
11:     <h1>Liste des Personnes</h1>
12:     <%
13:         Collection<Personne> personnes = (Collection<Personne>) request.getAttribute("listePersonnes");
14:         if (personnes != null) {
15:             for (Personne p : personnes) {
16:                 int id = p.getId();


An error occurred at line: [13] in the jsp file: [/liste.jsp]
Personne cannot be resolved to a type
10:     
11:     <h1>Liste des Personnes</h1>
12:     <%
13:         Collection<Personne> personnes = (Collection<Personne>) request.getAttribute("listePersonnes");
14:         if (personnes != null) {
15:             for (Personne p : personnes) {
16:                 int id = p.getId();


An error occurred at line: [13] in the jsp file: [/liste.jsp]
Collection cannot be resolved to a type
10:     
11:     <h1>Liste des Personnes</h1>
12:     <%
13:         Collection<Personne> personnes = (Collection<Personne>) request.getAttribute("listePersonnes");
14:         if (personnes != null) {
15:             for (Personne p : personnes) {
16:                 int id = p.getId();


An error occurred at line: [13] in the jsp file: [/liste.jsp]
Personne cannot be resolved to a type
10:     
11:     <h1>Liste des Personnes</h1>
12:     <%
13:         Collection<Personne> personnes = (Collection<Personne>) request.getAttribute("listePersonnes");
14:         if (personnes != null) {
15:             for (Personne p : personnes) {
16:                 int id = p.getId();


An error occurred at line: [15] in the jsp file: [/liste.jsp]
Personne cannot be resolved to a type
12:     <%
13:         Collection<Personne> personnes = (Collection<Personne>) request.getAttribute("listePersonnes");
14:         if (personnes != null) {
15:             for (Personne p : personnes) {
16:                 int id = p.getId();
17:                 String nom = p.getNom();
18:                 String prenom = p.getPrenom();


An error occurred at line: [24] in the jsp file: [/liste.jsp]
a cannot be resolved
21:     %>
22:                 <p><%= nom %> - <%= prenom %></p>
23:                 for(Adresse a : p.getAdresses()){
24:                     <p><%= a.getRue() %> - <%= a.getVille() %></p>
25:                 }
26:             }
27:         }


An error occurred at line: [24] in the jsp file: [/liste.jsp]
a cannot be resolved
21:     %>
22:                 <p><%= nom %> - <%= prenom %></p>
23:                 for(Adresse a : p.getAdresses()){
24:                     <p><%= a.getRue() %> - <%= a.getVille() %></p>
25:                 }
26:             }
27:         }


An error occurred at line: [171] in the generated java file: [/mnt/c/Users/nacho/Documents/N7/S8/AppWeb/TPs/tp2-aw/apache-tomcat-11.0.1/work/Catalina/localhost/annuaire/org/apache/jsp/liste_jsp.java]
Syntax error, insert "}" to complete Block

An error occurred at line: [171] in the generated java file: [/mnt/c/Users/nacho/Documents/N7/S8/AppWeb/TPs/tp2-aw/apache-tomcat-11.0.1/work/Catalina/localhost/annuaire/org/apache/jsp/liste_jsp.java]
Syntax error, insert "else Statement" to complete IfStatement

An error occurred at line: [171] in the generated java file: [/mnt/c/Users/nacho/Documents/N7/S8/AppWeb/TPs/tp2-aw/apache-tomcat-11.0.1/work/Catalina/localhost/annuaire/org/apache/jsp/liste_jsp.java]
Syntax error, insert "}" to complete Block

An error occurred at line: [189] in the generated java file: [/mnt/c/Users/nacho/Documents/N7/S8/AppWeb/TPs/tp2-aw/apache-tomcat-11.0.1/work/Catalina/localhost/annuaire/org/apache/jsp/liste_jsp.java]
Syntax error on token "}", delete this token

Stacktrace:
		at org.apache.jasper.compiler.DefaultErrorHandler.javacError(DefaultErrorHandler.java:81)
		at org.apache.jasper.compiler.ErrorDispatcher.javacError(ErrorDispatcher.java:214)
		at org.apache.jasper.compiler.JDTCompiler.generateClass(JDTCompiler.java:525)
		at org.apache.jasper.compiler.Compiler.compile(Compiler.java:402)
		at org.apache.jasper.compiler.Compiler.compile(Compiler.java:372)
		at org.apache.jasper.compiler.Compiler.compile(Compiler.java:356)
		at org.apache.jasper.JspCompilationContext.compile(JspCompilationContext.java:602)
		at org.apache.jasper.servlet.JspServletWrapper.service(JspServletWrapper.java:396)
		at org.apache.jasper.servlet.JspServlet.serviceJspFile(JspServlet.java:354)
		at org.apache.jasper.servlet.JspServlet.service(JspServlet.java:302)
		at jakarta.servlet.http.HttpServlet.service(HttpServlet.java:716)
		at org.apache.catalina.core.ApplicationFilterChain.doFilter(ApplicationFilterChain.java:130)
		at org.apache.tomcat.websocket.server.WsFilter.doFilter(WsFilter.java:51)
		at org.apache.catalina.core.ApplicationFilterChain.doFilter(ApplicationFilterChain.java:109)
		at org.apache.catalina.core.ApplicationDispatcher.invoke(ApplicationDispatcher.java:538)
		at org.apache.catalina.core.ApplicationDispatcher.processRequest(ApplicationDispatcher.java:352)
		at org.apache.catalina.core.ApplicationDispatcher.forward(ApplicationDispatcher.java:274)
		at pack.Serv.doGet(Serv.java:25)
		at jakarta.servlet.http.HttpServlet.service(HttpServlet.java:619)
		at jakarta.servlet.http.HttpServlet.service(HttpServlet.java:716)
		at org.apache.catalina.core.ApplicationFilterChain.doFilter(ApplicationFilterChain.java:130)
		at org.apache.tomcat.websocket.server.WsFilter.doFilter(WsFilter.java:51)
		at org.apache.catalina.core.ApplicationFilterChain.doFilter(ApplicationFilterChain.java:109)
		at org.apache.catalina.core.StandardWrapperValve.invoke(StandardWrapperValve.java:167)
		at org.apache.catalina.core.StandardContextValve.invoke(StandardContextValve.java:79)
		at org.apache.catalina.authenticator.AuthenticatorBase.invoke(AuthenticatorBase.java:483)
		at org.apache.catalina.core.StandardHostValve.invoke(StandardHostValve.java:115)
		at org.apache.catalina.valves.ErrorReportValve.invoke(ErrorReportValve.java:93)
		at org.apache.catalina.valves.AbstractAccessLogValve.invoke(AbstractAccessLogValve.java:663)
		at org.apache.catalina.core.StandardEngineValve.invoke(StandardEngineValve.java:74)
		at org.apache.catalina.connector.CoyoteAdapter.service(CoyoteAdapter.java:342)
		at org.apache.coyote.http11.Http11Processor.service(Http11Processor.java:395)
		at org.apache.coyote.AbstractProcessorLight.process(AbstractProcessorLight.java:63)
		at org.apache.coyote.AbstractProtocol$ConnectionHandler.process(AbstractProtocol.java:905)
		at org.apache.tomcat.util.net.NioEndpoint$SocketProcessor.doRun(NioEndpoint.java:1746)
		at org.apache.tomcat.util.net.SocketProcessorBase.run(SocketProcessorBase.java:52)
		at org.apache.tomcat.util.threads.ThreadPoolExecutor.runWorker(ThreadPoolExecutor.java:1148)
		at org.apache.tomcat.util.threads.ThreadPoolExecutor$Worker.run(ThreadPoolExecutor.java:636)
		at org.apache.tomcat.util.threads.TaskThread$WrappingRunnable.run(TaskThread.java:63)
		at java.base/java.lang.Thread.run(Thread.java:1583)
12-Feb-2025 09:48:17.440 SEVERE [http-nio-8080-exec-150] org.apache.catalina.core.StandardWrapperValve.invoke Servlet.service() for servlet [pack.Serv] in context with path [/annuaire] threw exception [Unable to compile class for JSP: 

An error occurred at line: [82] in the generated java file: [/mnt/c/Users/nacho/Documents/N7/S8/AppWeb/TPs/tp2-aw/apache-tomcat-11.0.1/work/Catalina/localhost/annuaire/org/apache/jsp/liste_jsp.java]
Syntax error, insert "}" to complete ClassBody

An error occurred at line: [13] in the jsp file: [/liste.jsp]
Collection cannot be resolved to a type
10:     
11:     <h1>Liste des Personnes</h1>
12:     <%
13:         Collection<Personne> personnes = (Collection<Personne>) request.getAttribute("listePersonnes");
14:         if (personnes != null) {
15:             for (Personne p : personnes) {
16:                 int id = p.getId();


An error occurred at line: [13] in the jsp file: [/liste.jsp]
Personne cannot be resolved to a type
10:     
11:     <h1>Liste des Personnes</h1>
12:     <%
13:         Collection<Personne> personnes = (Collection<Personne>) request.getAttribute("listePersonnes");
14:         if (personnes != null) {
15:             for (Personne p : personnes) {
16:                 int id = p.getId();


An error occurred at line: [13] in the jsp file: [/liste.jsp]
Collection cannot be resolved to a type
10:     
11:     <h1>Liste des Personnes</h1>
12:     <%
13:         Collection<Personne> personnes = (Collection<Personne>) request.getAttribute("listePersonnes");
14:         if (personnes != null) {
15:             for (Personne p : personnes) {
16:                 int id = p.getId();


An error occurred at line: [13] in the jsp file: [/liste.jsp]
Personne cannot be resolved to a type
10:     
11:     <h1>Liste des Personnes</h1>
12:     <%
13:         Collection<Personne> personnes = (Collection<Personne>) request.getAttribute("listePersonnes");
14:         if (personnes != null) {
15:             for (Personne p : personnes) {
16:                 int id = p.getId();


An error occurred at line: [15] in the jsp file: [/liste.jsp]
Personne cannot be resolved to a type
12:     <%
13:         Collection<Personne> personnes = (Collection<Personne>) request.getAttribute("listePersonnes");
14:         if (personnes != null) {
15:             for (Personne p : personnes) {
16:                 int id = p.getId();
17:                 String nom = p.getNom();
18:                 String prenom = p.getPrenom();


An error occurred at line: [24] in the jsp file: [/liste.jsp]
a cannot be resolved
21:     %>
22:                 <p><%= nom %> - <%= prenom %></p>
23:                 for(Adresse a : p.getAdresses()){
24:                     <p><%= a.getRue() %> - <%= a.getVille() %></p>
25:                 }
26:             }
27:         }


An error occurred at line: [24] in the jsp file: [/liste.jsp]
a cannot be resolved
21:     %>
22:                 <p><%= nom %> - <%= prenom %></p>
23:                 for(Adresse a : p.getAdresses()){
24:                     <p><%= a.getRue() %> - <%= a.getVille() %></p>
25:                 }
26:             }
27:         }


An error occurred at line: [171] in the generated java file: [/mnt/c/Users/nacho/Documents/N7/S8/AppWeb/TPs/tp2-aw/apache-tomcat-11.0.1/work/Catalina/localhost/annuaire/org/apache/jsp/liste_jsp.java]
Syntax error, insert "}" to complete Block

An error occurred at line: [171] in the generated java file: [/mnt/c/Users/nacho/Documents/N7/S8/AppWeb/TPs/tp2-aw/apache-tomcat-11.0.1/work/Catalina/localhost/annuaire/org/apache/jsp/liste_jsp.java]
Syntax error, insert "else Statement" to complete IfStatement

An error occurred at line: [171] in the generated java file: [/mnt/c/Users/nacho/Documents/N7/S8/AppWeb/TPs/tp2-aw/apache-tomcat-11.0.1/work/Catalina/localhost/annuaire/org/apache/jsp/liste_jsp.java]
Syntax error, insert "}" to complete Block

An error occurred at line: [189] in the generated java file: [/mnt/c/Users/nacho/Documents/N7/S8/AppWeb/TPs/tp2-aw/apache-tomcat-11.0.1/work/Catalina/localhost/annuaire/org/apache/jsp/liste_jsp.java]
Syntax error on token "}", delete this token

Stacktrace:] with root cause
	org.apache.jasper.JasperException: Unable to compile class for JSP: 

An error occurred at line: [82] in the generated java file: [/mnt/c/Users/nacho/Documents/N7/S8/AppWeb/TPs/tp2-aw/apache-tomcat-11.0.1/work/Catalina/localhost/annuaire/org/apache/jsp/liste_jsp.java]
Syntax error, insert "}" to complete ClassBody

An error occurred at line: [13] in the jsp file: [/liste.jsp]
Collection cannot be resolved to a type
10:     
11:     <h1>Liste des Personnes</h1>
12:     <%
13:         Collection<Personne> personnes = (Collection<Personne>) request.getAttribute("listePersonnes");
14:         if (personnes != null) {
15:             for (Personne p : personnes) {
16:                 int id = p.getId();


An error occurred at line: [13] in the jsp file: [/liste.jsp]
Personne cannot be resolved to a type
10:     
11:     <h1>Liste des Personnes</h1>
12:     <%
13:         Collection<Personne> personnes = (Collection<Personne>) request.getAttribute("listePersonnes");
14:         if (personnes != null) {
15:             for (Personne p : personnes) {
16:                 int id = p.getId();


An error occurred at line: [13] in the jsp file: [/liste.jsp]
Collection cannot be resolved to a type
10:     
11:     <h1>Liste des Personnes</h1>
12:     <%
13:         Collection<Personne> personnes = (Collection<Personne>) request.getAttribute("listePersonnes");
14:         if (personnes != null) {
15:             for (Personne p : personnes) {
16:                 int id = p.getId();


An error occurred at line: [13] in the jsp file: [/liste.jsp]
Personne cannot be resolved to a type
10:     
11:     <h1>Liste des Personnes</h1>
12:     <%
13:         Collection<Personne> personnes = (Collection<Personne>) request.getAttribute("listePersonnes");
14:         if (personnes != null) {
15:             for (Personne p : personnes) {
16:                 int id = p.getId();


An error occurred at line: [15] in the jsp file: [/liste.jsp]
Personne cannot be resolved to a type
12:     <%
13:         Collection<Personne> personnes = (Collection<Personne>) request.getAttribute("listePersonnes");
14:         if (personnes != null) {
15:             for (Personne p : personnes) {
16:                 int id = p.getId();
17:                 String nom = p.getNom();
18:                 String prenom = p.getPrenom();


An error occurred at line: [24] in the jsp file: [/liste.jsp]
a cannot be resolved
21:     %>
22:                 <p><%= nom %> - <%= prenom %></p>
23:                 for(Adresse a : p.getAdresses()){
24:                     <p><%= a.getRue() %> - <%= a.getVille() %></p>
25:                 }
26:             }
27:         }


An error occurred at line: [24] in the jsp file: [/liste.jsp]
a cannot be resolved
21:     %>
22:                 <p><%= nom %> - <%= prenom %></p>
23:                 for(Adresse a : p.getAdresses()){
24:                     <p><%= a.getRue() %> - <%= a.getVille() %></p>
25:                 }
26:             }
27:         }


An error occurred at line: [171] in the generated java file: [/mnt/c/Users/nacho/Documents/N7/S8/AppWeb/TPs/tp2-aw/apache-tomcat-11.0.1/work/Catalina/localhost/annuaire/org/apache/jsp/liste_jsp.java]
Syntax error, insert "}" to complete Block

An error occurred at line: [171] in the generated java file: [/mnt/c/Users/nacho/Documents/N7/S8/AppWeb/TPs/tp2-aw/apache-tomcat-11.0.1/work/Catalina/localhost/annuaire/org/apache/jsp/liste_jsp.java]
Syntax error, insert "else Statement" to complete IfStatement

An error occurred at line: [171] in the generated java file: [/mnt/c/Users/nacho/Documents/N7/S8/AppWeb/TPs/tp2-aw/apache-tomcat-11.0.1/work/Catalina/localhost/annuaire/org/apache/jsp/liste_jsp.java]
Syntax error, insert "}" to complete Block

An error occurred at line: [189] in the generated java file: [/mnt/c/Users/nacho/Documents/N7/S8/AppWeb/TPs/tp2-aw/apache-tomcat-11.0.1/work/Catalina/localhost/annuaire/org/apache/jsp/liste_jsp.java]
Syntax error on token "}", delete this token

Stacktrace:
		at org.apache.jasper.compiler.DefaultErrorHandler.javacError(DefaultErrorHandler.java:81)
		at org.apache.jasper.compiler.ErrorDispatcher.javacError(ErrorDispatcher.java:214)
		at org.apache.jasper.compiler.JDTCompiler.generateClass(JDTCompiler.java:525)
		at org.apache.jasper.compiler.Compiler.compile(Compiler.java:402)
		at org.apache.jasper.compiler.Compiler.compile(Compiler.java:372)
		at org.apache.jasper.compiler.Compiler.compile(Compiler.java:356)
		at org.apache.jasper.JspCompilationContext.compile(JspCompilationContext.java:602)
		at org.apache.jasper.servlet.JspServletWrapper.service(JspServletWrapper.java:396)
		at org.apache.jasper.servlet.JspServlet.serviceJspFile(JspServlet.java:354)
		at org.apache.jasper.servlet.JspServlet.service(JspServlet.java:302)
		at jakarta.servlet.http.HttpServlet.service(HttpServlet.java:716)
		at org.apache.catalina.core.ApplicationFilterChain.doFilter(ApplicationFilterChain.java:130)
		at org.apache.tomcat.websocket.server.WsFilter.doFilter(WsFilter.java:51)
		at org.apache.catalina.core.ApplicationFilterChain.doFilter(ApplicationFilterChain.java:109)
		at org.apache.catalina.core.ApplicationDispatcher.invoke(ApplicationDispatcher.java:538)
		at org.apache.catalina.core.ApplicationDispatcher.processRequest(ApplicationDispatcher.java:352)
		at org.apache.catalina.core.ApplicationDispatcher.forward(ApplicationDispatcher.java:274)
		at pack.Serv.doGet(Serv.java:25)
		at jakarta.servlet.http.HttpServlet.service(HttpServlet.java:619)
		at jakarta.servlet.http.HttpServlet.service(HttpServlet.java:716)
		at org.apache.catalina.core.ApplicationFilterChain.doFilter(ApplicationFilterChain.java:130)
		at org.apache.tomcat.websocket.server.WsFilter.doFilter(WsFilter.java:51)
		at org.apache.catalina.core.ApplicationFilterChain.doFilter(ApplicationFilterChain.java:109)
		at org.apache.catalina.core.StandardWrapperValve.invoke(StandardWrapperValve.java:167)
		at org.apache.catalina.core.StandardContextValve.invoke(StandardContextValve.java:79)
		at org.apache.catalina.authenticator.AuthenticatorBase.invoke(AuthenticatorBase.java:483)
		at org.apache.catalina.core.StandardHostValve.invoke(StandardHostValve.java:115)
		at org.apache.catalina.valves.ErrorReportValve.invoke(ErrorReportValve.java:93)
		at org.apache.catalina.valves.AbstractAccessLogValve.invoke(AbstractAccessLogValve.java:663)
		at org.apache.catalina.core.StandardEngineValve.invoke(StandardEngineValve.java:74)
		at org.apache.catalina.connector.CoyoteAdapter.service(CoyoteAdapter.java:342)
		at org.apache.coyote.http11.Http11Processor.service(Http11Processor.java:395)
		at org.apache.coyote.AbstractProcessorLight.process(AbstractProcessorLight.java:63)
		at org.apache.coyote.AbstractProtocol$ConnectionHandler.process(AbstractProtocol.java:905)
		at org.apache.tomcat.util.net.NioEndpoint$SocketProcessor.doRun(NioEndpoint.java:1746)
		at org.apache.tomcat.util.net.SocketProcessorBase.run(SocketProcessorBase.java:52)
		at org.apache.tomcat.util.threads.ThreadPoolExecutor.runWorker(ThreadPoolExecutor.java:1148)
		at org.apache.tomcat.util.threads.ThreadPoolExecutor$Worker.run(ThreadPoolExecutor.java:636)
		at org.apache.tomcat.util.threads.TaskThread$WrappingRunnable.run(TaskThread.java:63)
		at java.base/java.lang.Thread.run(Thread.java:1583)
12-Feb-2025 09:51:28.015 SEVERE [http-nio-8080-exec-155] org.apache.catalina.core.ApplicationDispatcher.invoke Servlet.service() for servlet [jsp] threw exception
	org.apache.jasper.JasperException: Unable to compile class for JSP: 

An error occurred at line: [182] in the generated java file: [/mnt/c/Users/nacho/Documents/N7/S8/AppWeb/TPs/tp2-aw/apache-tomcat-11.0.1/work/Catalina/localhost/annuaire/org/apache/jsp/liste_jsp.java]
Syntax error, insert "}" to complete Block

An error occurred at line: [199] in the generated java file: [/mnt/c/Users/nacho/Documents/N7/S8/AppWeb/TPs/tp2-aw/apache-tomcat-11.0.1/work/Catalina/localhost/annuaire/org/apache/jsp/liste_jsp.java]
Syntax error on token "}", delete this token

An error occurred at line: [200] in the generated java file: [/mnt/c/Users/nacho/Documents/N7/S8/AppWeb/TPs/tp2-aw/apache-tomcat-11.0.1/work/Catalina/localhost/annuaire/org/apache/jsp/liste_jsp.java]
Syntax error, insert "}" to complete ClassBody

Stacktrace:
		at org.apache.jasper.compiler.DefaultErrorHandler.javacError(DefaultErrorHandler.java:81)
		at org.apache.jasper.compiler.ErrorDispatcher.javacError(ErrorDispatcher.java:214)
		at org.apache.jasper.compiler.JDTCompiler.generateClass(JDTCompiler.java:525)
		at org.apache.jasper.compiler.Compiler.compile(Compiler.java:402)
		at org.apache.jasper.compiler.Compiler.compile(Compiler.java:372)
		at org.apache.jasper.compiler.Compiler.compile(Compiler.java:356)
		at org.apache.jasper.JspCompilationContext.compile(JspCompilationContext.java:602)
		at org.apache.jasper.servlet.JspServletWrapper.service(JspServletWrapper.java:396)
		at org.apache.jasper.servlet.JspServlet.serviceJspFile(JspServlet.java:354)
		at org.apache.jasper.servlet.JspServlet.service(JspServlet.java:302)
		at jakarta.servlet.http.HttpServlet.service(HttpServlet.java:716)
		at org.apache.catalina.core.ApplicationFilterChain.doFilter(ApplicationFilterChain.java:130)
		at org.apache.tomcat.websocket.server.WsFilter.doFilter(WsFilter.java:51)
		at org.apache.catalina.core.ApplicationFilterChain.doFilter(ApplicationFilterChain.java:109)
		at org.apache.catalina.core.ApplicationDispatcher.invoke(ApplicationDispatcher.java:538)
		at org.apache.catalina.core.ApplicationDispatcher.processRequest(ApplicationDispatcher.java:352)
		at org.apache.catalina.core.ApplicationDispatcher.forward(ApplicationDispatcher.java:274)
		at pack.Serv.doGet(Serv.java:25)
		at jakarta.servlet.http.HttpServlet.service(HttpServlet.java:619)
		at jakarta.servlet.http.HttpServlet.service(HttpServlet.java:716)
		at org.apache.catalina.core.ApplicationFilterChain.doFilter(ApplicationFilterChain.java:130)
		at org.apache.tomcat.websocket.server.WsFilter.doFilter(WsFilter.java:51)
		at org.apache.catalina.core.ApplicationFilterChain.doFilter(ApplicationFilterChain.java:109)
		at org.apache.catalina.core.StandardWrapperValve.invoke(StandardWrapperValve.java:167)
		at org.apache.catalina.core.StandardContextValve.invoke(StandardContextValve.java:79)
		at org.apache.catalina.authenticator.AuthenticatorBase.invoke(AuthenticatorBase.java:483)
		at org.apache.catalina.core.StandardHostValve.invoke(StandardHostValve.java:115)
		at org.apache.catalina.valves.ErrorReportValve.invoke(ErrorReportValve.java:93)
		at org.apache.catalina.valves.AbstractAccessLogValve.invoke(AbstractAccessLogValve.java:663)
		at org.apache.catalina.core.StandardEngineValve.invoke(StandardEngineValve.java:74)
		at org.apache.catalina.connector.CoyoteAdapter.service(CoyoteAdapter.java:342)
		at org.apache.coyote.http11.Http11Processor.service(Http11Processor.java:395)
		at org.apache.coyote.AbstractProcessorLight.process(AbstractProcessorLight.java:63)
		at org.apache.coyote.AbstractProtocol$ConnectionHandler.process(AbstractProtocol.java:905)
		at org.apache.tomcat.util.net.NioEndpoint$SocketProcessor.doRun(NioEndpoint.java:1746)
		at org.apache.tomcat.util.net.SocketProcessorBase.run(SocketProcessorBase.java:52)
		at org.apache.tomcat.util.threads.ThreadPoolExecutor.runWorker(ThreadPoolExecutor.java:1148)
		at org.apache.tomcat.util.threads.ThreadPoolExecutor$Worker.run(ThreadPoolExecutor.java:636)
		at org.apache.tomcat.util.threads.TaskThread$WrappingRunnable.run(TaskThread.java:63)
		at java.base/java.lang.Thread.run(Thread.java:1583)
12-Feb-2025 09:51:28.015 SEVERE [http-nio-8080-exec-155] org.apache.catalina.core.StandardWrapperValve.invoke Servlet.service() for servlet [pack.Serv] in context with path [/annuaire] threw exception [Unable to compile class for JSP: 

An error occurred at line: [182] in the generated java file: [/mnt/c/Users/nacho/Documents/N7/S8/AppWeb/TPs/tp2-aw/apache-tomcat-11.0.1/work/Catalina/localhost/annuaire/org/apache/jsp/liste_jsp.java]
Syntax error, insert "}" to complete Block

An error occurred at line: [199] in the generated java file: [/mnt/c/Users/nacho/Documents/N7/S8/AppWeb/TPs/tp2-aw/apache-tomcat-11.0.1/work/Catalina/localhost/annuaire/org/apache/jsp/liste_jsp.java]
Syntax error on token "}", delete this token

An error occurred at line: [200] in the generated java file: [/mnt/c/Users/nacho/Documents/N7/S8/AppWeb/TPs/tp2-aw/apache-tomcat-11.0.1/work/Catalina/localhost/annuaire/org/apache/jsp/liste_jsp.java]
Syntax error, insert "}" to complete ClassBody

Stacktrace:] with root cause
	org.apache.jasper.JasperException: Unable to compile class for JSP: 

An error occurred at line: [182] in the generated java file: [/mnt/c/Users/nacho/Documents/N7/S8/AppWeb/TPs/tp2-aw/apache-tomcat-11.0.1/work/Catalina/localhost/annuaire/org/apache/jsp/liste_jsp.java]
Syntax error, insert "}" to complete Block

An error occurred at line: [199] in the generated java file: [/mnt/c/Users/nacho/Documents/N7/S8/AppWeb/TPs/tp2-aw/apache-tomcat-11.0.1/work/Catalina/localhost/annuaire/org/apache/jsp/liste_jsp.java]
Syntax error on token "}", delete this token

An error occurred at line: [200] in the generated java file: [/mnt/c/Users/nacho/Documents/N7/S8/AppWeb/TPs/tp2-aw/apache-tomcat-11.0.1/work/Catalina/localhost/annuaire/org/apache/jsp/liste_jsp.java]
Syntax error, insert "}" to complete ClassBody

Stacktrace:
		at org.apache.jasper.compiler.DefaultErrorHandler.javacError(DefaultErrorHandler.java:81)
		at org.apache.jasper.compiler.ErrorDispatcher.javacError(ErrorDispatcher.java:214)
		at org.apache.jasper.compiler.JDTCompiler.generateClass(JDTCompiler.java:525)
		at org.apache.jasper.compiler.Compiler.compile(Compiler.java:402)
		at org.apache.jasper.compiler.Compiler.compile(Compiler.java:372)
		at org.apache.jasper.compiler.Compiler.compile(Compiler.java:356)
		at org.apache.jasper.JspCompilationContext.compile(JspCompilationContext.java:602)
		at org.apache.jasper.servlet.JspServletWrapper.service(JspServletWrapper.java:396)
		at org.apache.jasper.servlet.JspServlet.serviceJspFile(JspServlet.java:354)
		at org.apache.jasper.servlet.JspServlet.service(JspServlet.java:302)
		at jakarta.servlet.http.HttpServlet.service(HttpServlet.java:716)
		at org.apache.catalina.core.ApplicationFilterChain.doFilter(ApplicationFilterChain.java:130)
		at org.apache.tomcat.websocket.server.WsFilter.doFilter(WsFilter.java:51)
		at org.apache.catalina.core.ApplicationFilterChain.doFilter(ApplicationFilterChain.java:109)
		at org.apache.catalina.core.ApplicationDispatcher.invoke(ApplicationDispatcher.java:538)
		at org.apache.catalina.core.ApplicationDispatcher.processRequest(ApplicationDispatcher.java:352)
		at org.apache.catalina.core.ApplicationDispatcher.forward(ApplicationDispatcher.java:274)
		at pack.Serv.doGet(Serv.java:25)
		at jakarta.servlet.http.HttpServlet.service(HttpServlet.java:619)
		at jakarta.servlet.http.HttpServlet.service(HttpServlet.java:716)
		at org.apache.catalina.core.ApplicationFilterChain.doFilter(ApplicationFilterChain.java:130)
		at org.apache.tomcat.websocket.server.WsFilter.doFilter(WsFilter.java:51)
		at org.apache.catalina.core.ApplicationFilterChain.doFilter(ApplicationFilterChain.java:109)
		at org.apache.catalina.core.StandardWrapperValve.invoke(StandardWrapperValve.java:167)
		at org.apache.catalina.core.StandardContextValve.invoke(StandardContextValve.java:79)
		at org.apache.catalina.authenticator.AuthenticatorBase.invoke(AuthenticatorBase.java:483)
		at org.apache.catalina.core.StandardHostValve.invoke(StandardHostValve.java:115)
		at org.apache.catalina.valves.ErrorReportValve.invoke(ErrorReportValve.java:93)
		at org.apache.catalina.valves.AbstractAccessLogValve.invoke(AbstractAccessLogValve.java:663)
		at org.apache.catalina.core.StandardEngineValve.invoke(StandardEngineValve.java:74)
		at org.apache.catalina.connector.CoyoteAdapter.service(CoyoteAdapter.java:342)
		at org.apache.coyote.http11.Http11Processor.service(Http11Processor.java:395)
		at org.apache.coyote.AbstractProcessorLight.process(AbstractProcessorLight.java:63)
		at org.apache.coyote.AbstractProtocol$ConnectionHandler.process(AbstractProtocol.java:905)
		at org.apache.tomcat.util.net.NioEndpoint$SocketProcessor.doRun(NioEndpoint.java:1746)
		at org.apache.tomcat.util.net.SocketProcessorBase.run(SocketProcessorBase.java:52)
		at org.apache.tomcat.util.threads.ThreadPoolExecutor.runWorker(ThreadPoolExecutor.java:1148)
		at org.apache.tomcat.util.threads.ThreadPoolExecutor$Worker.run(ThreadPoolExecutor.java:636)
		at org.apache.tomcat.util.threads.TaskThread$WrappingRunnable.run(TaskThread.java:63)
		at java.base/java.lang.Thread.run(Thread.java:1583)
