/*C1*/SET SCHEMA SYSTEM_LOBS
INSERT INTO BLOCKS VALUES(0,2147483647,0)
COMMIT
/*C2*/SET SCHEMA PUBLIC
DISCONNECT
/*C4*/SET SCHEMA PUBLIC
\u000a    drop table if exists adresse cascade 
\u000a    drop table if exists personne cascade 
DISCONNECT
/*C5*/SET SCHEMA PUBLIC
\u000a    drop table if exists adresse cascade 
\u000a    drop table if exists personne cascade 
\u000a    create table adresse (\u000a        id integer generated by default as identity (start with 1),\u000a        personne_id integer,\u000a        rue varchar(255),\u000a        ville varchar(255),\u000a        primary key (id)\u000a    )
\u000a    create table personne (\u000a        id integer generated by default as identity (start with 1),\u000a        nom varchar(255),\u000a        prenom varchar(255),\u000a        primary key (id)\u000a    )
\u000a    alter table adresse \u000a       add constraint FKtohivifjb66x0r84dxfludoi3 \u000a       foreign key (personne_id) \u000a       references personne
/*C3*/SET SCHEMA PUBLIC
DISCONNECT
/*C5*/\u000a    drop table if exists adresse cascade 
\u000a    drop table if exists personne cascade 
DISCONNECT
/*C6*/SET SCHEMA PUBLIC
DISCONNECT
/*C7*/SET SCHEMA PUBLIC
DISCONNECT
/*C8*/SET SCHEMA PUBLIC
DISCONNECT
/*C9*/SET SCHEMA PUBLIC
DISCONNECT
/*C10*/SET SCHEMA PUBLIC
DISCONNECT
/*C11*/SET SCHEMA PUBLIC
DISCONNECT
/*C12*/SET SCHEMA PUBLIC
DISCONNECT
/*C13*/SET SCHEMA PUBLIC
DISCONNECT
/*C14*/SET SCHEMA PUBLIC
DISCONNECT
/*C16*/SET SCHEMA PUBLIC
\u000a    drop table if exists adresse cascade 
\u000a    drop table if exists personne cascade 
\u000a    create table adresse (\u000a        id integer generated by default as identity (start with 1),\u000a        personne_id integer,\u000a        rue varchar(255),\u000a        ville varchar(255),\u000a        primary key (id)\u000a    )
\u000a    create table personne (\u000a        id integer generated by default as identity (start with 1),\u000a        nom varchar(255),\u000a        prenom varchar(255),\u000a        primary key (id)\u000a    )
\u000a    alter table adresse \u000a       add constraint FKtohivifjb66x0r84dxfludoi3 \u000a       foreign key (personne_id) \u000a       references personne
\u000a    drop table if exists adresse cascade 
\u000a    drop table if exists personne cascade 
DISCONNECT
/*C17*/SET SCHEMA PUBLIC
DISCONNECT
/*C18*/SET SCHEMA PUBLIC
DISCONNECT
/*C19*/SET SCHEMA PUBLIC
DISCONNECT
/*C20*/SET SCHEMA PUBLIC
DISCONNECT
/*C21*/SET SCHEMA PUBLIC
DISCONNECT
/*C22*/SET SCHEMA PUBLIC
DISCONNECT
/*C23*/SET SCHEMA PUBLIC
DISCONNECT
/*C24*/SET SCHEMA PUBLIC
DISCONNECT
/*C25*/SET SCHEMA PUBLIC
DISCONNECT
/*C26*/SET SCHEMA PUBLIC
\u000a    drop table if exists adresse cascade 
\u000a    drop table if exists personne cascade 
\u000a    create table adresse (\u000a        id integer generated by default as identity (start with 1),\u000a        personne_id integer,\u000a        rue varchar(255),\u000a        ville varchar(255),\u000a        primary key (id)\u000a    )
\u000a    create table personne (\u000a        id integer generated by default as identity (start with 1),\u000a        nom varchar(255),\u000a        prenom varchar(255),\u000a        primary key (id)\u000a    )
\u000a    alter table adresse \u000a       add constraint FKtohivifjb66x0r84dxfludoi3 \u000a       foreign key (personne_id) \u000a       references personne
INSERT INTO PERSONNE VALUES(1,'pe45554','juan')
COMMIT
/*C15*/SET SCHEMA PUBLIC
DISCONNECT
/*C26*/\u000a    drop table if exists adresse cascade 
\u000a    drop table if exists personne cascade 
DISCONNECT
/*C27*/SET SCHEMA PUBLIC
DISCONNECT
/*C28*/SET SCHEMA PUBLIC
DISCONNECT
/*C29*/SET SCHEMA PUBLIC
DISCONNECT
/*C30*/SET SCHEMA PUBLIC
DISCONNECT
/*C31*/SET SCHEMA PUBLIC
DISCONNECT
/*C32*/SET SCHEMA PUBLIC
DISCONNECT
/*C33*/SET SCHEMA PUBLIC
DISCONNECT
/*C34*/SET SCHEMA PUBLIC
DISCONNECT
/*C35*/SET SCHEMA PUBLIC
DISCONNECT
